17-Oct-2023 02:43:18.700 INFO [main] org.apache.catalina.startup.VersionLoggerListener.log Server version name:   Apache Tomcat/8.5.93
17-Oct-2023 02:43:18.705 INFO [main] org.apache.catalina.startup.VersionLoggerListener.log Server built:          Aug 23 2023 22:43:14 UTC
17-Oct-2023 02:43:18.705 INFO [main] org.apache.catalina.startup.VersionLoggerListener.log Server version number: 8.5.93.0
17-Oct-2023 02:43:18.705 INFO [main] org.apache.catalina.startup.VersionLoggerListener.log OS Name:               Windows 10
17-Oct-2023 02:43:18.705 INFO [main] org.apache.catalina.startup.VersionLoggerListener.log OS Version:            10.0
17-Oct-2023 02:43:18.705 INFO [main] org.apache.catalina.startup.VersionLoggerListener.log Architecture:          amd64
17-Oct-2023 02:43:18.705 INFO [main] org.apache.catalina.startup.VersionLoggerListener.log Java Home:             C:\Program Files\Java\jdk-17.0.1
17-Oct-2023 02:43:18.705 INFO [main] org.apache.catalina.startup.VersionLoggerListener.log JVM Version:           17.0.1+12-LTS-39
17-Oct-2023 02:43:18.708 INFO [main] org.apache.catalina.startup.VersionLoggerListener.log JVM Vendor:            Oracle Corporation
17-Oct-2023 02:43:18.708 INFO [main] org.apache.catalina.startup.VersionLoggerListener.log CATALINA_BASE:         C:\Users\Willig\Desktop\CS157A-team10\apache-tomcat-8.5.93
17-Oct-2023 02:43:18.708 INFO [main] org.apache.catalina.startup.VersionLoggerListener.log CATALINA_HOME:         C:\Users\Willig\Desktop\CS157A-team10\apache-tomcat-8.5.93
17-Oct-2023 02:43:18.708 INFO [main] org.apache.catalina.startup.VersionLoggerListener.log Command line argument: --add-opens=java.base/java.lang=ALL-UNNAMED
17-Oct-2023 02:43:18.708 INFO [main] org.apache.catalina.startup.VersionLoggerListener.log Command line argument: --add-opens=java.base/java.io=ALL-UNNAMED
17-Oct-2023 02:43:18.708 INFO [main] org.apache.catalina.startup.VersionLoggerListener.log Command line argument: --add-opens=java.base/java.util=ALL-UNNAMED
17-Oct-2023 02:43:18.708 INFO [main] org.apache.catalina.startup.VersionLoggerListener.log Command line argument: --add-opens=java.base/java.util.concurrent=ALL-UNNAMED
17-Oct-2023 02:43:18.708 INFO [main] org.apache.catalina.startup.VersionLoggerListener.log Command line argument: --add-opens=java.rmi/sun.rmi.transport=ALL-UNNAMED
17-Oct-2023 02:43:18.708 INFO [main] org.apache.catalina.startup.VersionLoggerListener.log Command line argument: -Djava.util.logging.config.file=C:\Users\Willig\Desktop\CS157A-team10\apache-tomcat-8.5.93\conf\logging.properties
17-Oct-2023 02:43:18.711 INFO [main] org.apache.catalina.startup.VersionLoggerListener.log Command line argument: -Djava.util.logging.manager=org.apache.juli.ClassLoaderLogManager
17-Oct-2023 02:43:18.711 INFO [main] org.apache.catalina.startup.VersionLoggerListener.log Command line argument: -Djdk.tls.ephemeralDHKeySize=2048
17-Oct-2023 02:43:18.713 INFO [main] org.apache.catalina.startup.VersionLoggerListener.log Command line argument: -Djava.protocol.handler.pkgs=org.apache.catalina.webresources
17-Oct-2023 02:43:18.713 INFO [main] org.apache.catalina.startup.VersionLoggerListener.log Command line argument: -Dignore.endorsed.dirs=
17-Oct-2023 02:43:18.714 INFO [main] org.apache.catalina.startup.VersionLoggerListener.log Command line argument: -Dcatalina.base=C:\Users\Willig\Desktop\CS157A-team10\apache-tomcat-8.5.93
17-Oct-2023 02:43:18.714 INFO [main] org.apache.catalina.startup.VersionLoggerListener.log Command line argument: -Dcatalina.home=C:\Users\Willig\Desktop\CS157A-team10\apache-tomcat-8.5.93
17-Oct-2023 02:43:18.714 INFO [main] org.apache.catalina.startup.VersionLoggerListener.log Command line argument: -Djava.io.tmpdir=C:\Users\Willig\Desktop\CS157A-team10\apache-tomcat-8.5.93\temp
17-Oct-2023 02:43:18.714 INFO [main] org.apache.catalina.core.AprLifecycleListener.lifecycleEvent Loaded Apache Tomcat Native library [1.2.38] using APR version [1.7.4].
17-Oct-2023 02:43:18.714 INFO [main] org.apache.catalina.core.AprLifecycleListener.lifecycleEvent APR capabilities: IPv6 [true], sendfile [true], accept filters [false], random [true], UDS [{4}].
17-Oct-2023 02:43:18.716 INFO [main] org.apache.catalina.core.AprLifecycleListener.lifecycleEvent APR/OpenSSL configuration: useAprConnector [false], useOpenSSL [true]
17-Oct-2023 02:43:18.722 INFO [main] org.apache.catalina.core.AprLifecycleListener.initializeSSL OpenSSL successfully initialized [OpenSSL 1.1.1v  1 Aug 2023]
17-Oct-2023 02:43:18.826 INFO [main] org.apache.coyote.AbstractProtocol.init Initializing ProtocolHandler ["http-nio-8080"]
17-Oct-2023 02:43:18.862 INFO [main] org.apache.catalina.startup.Catalina.load Initialization processed in 959 ms
17-Oct-2023 02:43:18.936 INFO [main] org.apache.catalina.core.StandardService.startInternal Starting service [Catalina]
17-Oct-2023 02:43:18.936 INFO [main] org.apache.catalina.core.StandardEngine.startInternal Starting Servlet engine: [Apache Tomcat/8.5.93]
17-Oct-2023 02:43:18.959 INFO [localhost-startStop-1] org.apache.catalina.startup.HostConfig.deployDirectory Deploying web application directory [C:\Users\Willig\Desktop\CS157A-team10\apache-tomcat-8.5.93\webapps\docs]
17-Oct-2023 02:43:20.210 INFO [localhost-startStop-1] org.apache.jasper.servlet.TldScanner.scanJars At least one JAR was scanned for TLDs yet contained no TLDs. Enable debug logging for this logger for a complete list of JARs that were scanned but no TLDs were found in them. Skipping unneeded JARs during scanning can improve startup time and JSP compilation time.
17-Oct-2023 02:43:20.338 INFO [localhost-startStop-1] org.apache.catalina.startup.HostConfig.deployDirectory Deployment of web application directory [C:\Users\Willig\Desktop\CS157A-team10\apache-tomcat-8.5.93\webapps\docs] has finished in [1,379] ms
17-Oct-2023 02:43:20.342 INFO [localhost-startStop-1] org.apache.catalina.startup.HostConfig.deployDirectory Deploying web application directory [C:\Users\Willig\Desktop\CS157A-team10\apache-tomcat-8.5.93\webapps\examples]
17-Oct-2023 02:43:21.794 INFO [localhost-startStop-1] org.apache.jasper.servlet.TldScanner.scanJars At least one JAR was scanned for TLDs yet contained no TLDs. Enable debug logging for this logger for a complete list of JARs that were scanned but no TLDs were found in them. Skipping unneeded JARs during scanning can improve startup time and JSP compilation time.
17-Oct-2023 02:43:21.950 INFO [localhost-startStop-1] org.apache.catalina.startup.HostConfig.deployDirectory Deployment of web application directory [C:\Users\Willig\Desktop\CS157A-team10\apache-tomcat-8.5.93\webapps\examples] has finished in [1,608] ms
17-Oct-2023 02:43:21.950 INFO [localhost-startStop-1] org.apache.catalina.startup.HostConfig.deployDirectory Deploying web application directory [C:\Users\Willig\Desktop\CS157A-team10\apache-tomcat-8.5.93\webapps\host-manager]
17-Oct-2023 02:43:22.721 INFO [localhost-startStop-1] org.apache.jasper.servlet.TldScanner.scanJars At least one JAR was scanned for TLDs yet contained no TLDs. Enable debug logging for this logger for a complete list of JARs that were scanned but no TLDs were found in them. Skipping unneeded JARs during scanning can improve startup time and JSP compilation time.
17-Oct-2023 02:43:22.743 INFO [localhost-startStop-1] org.apache.catalina.startup.HostConfig.deployDirectory Deployment of web application directory [C:\Users\Willig\Desktop\CS157A-team10\apache-tomcat-8.5.93\webapps\host-manager] has finished in [793] ms
17-Oct-2023 02:43:22.743 INFO [localhost-startStop-1] org.apache.catalina.startup.HostConfig.deployDirectory Deploying web application directory [C:\Users\Willig\Desktop\CS157A-team10\apache-tomcat-8.5.93\webapps\manager]
17-Oct-2023 02:43:23.546 INFO [localhost-startStop-1] org.apache.jasper.servlet.TldScanner.scanJars At least one JAR was scanned for TLDs yet contained no TLDs. Enable debug logging for this logger for a complete list of JARs that were scanned but no TLDs were found in them. Skipping unneeded JARs during scanning can improve startup time and JSP compilation time.
17-Oct-2023 02:43:23.556 INFO [localhost-startStop-1] org.apache.catalina.startup.HostConfig.deployDirectory Deployment of web application directory [C:\Users\Willig\Desktop\CS157A-team10\apache-tomcat-8.5.93\webapps\manager] has finished in [813] ms
17-Oct-2023 02:43:23.556 INFO [localhost-startStop-1] org.apache.catalina.startup.HostConfig.deployDirectory Deploying web application directory [C:\Users\Willig\Desktop\CS157A-team10\apache-tomcat-8.5.93\webapps\ROOT]
17-Oct-2023 02:43:24.314 INFO [localhost-startStop-1] org.apache.jasper.servlet.TldScanner.scanJars At least one JAR was scanned for TLDs yet contained no TLDs. Enable debug logging for this logger for a complete list of JARs that were scanned but no TLDs were found in them. Skipping unneeded JARs during scanning can improve startup time and JSP compilation time.
17-Oct-2023 02:43:24.314 INFO [localhost-startStop-1] org.apache.catalina.startup.HostConfig.deployDirectory Deployment of web application directory [C:\Users\Willig\Desktop\CS157A-team10\apache-tomcat-8.5.93\webapps\ROOT] has finished in [758] ms
17-Oct-2023 02:43:24.314 INFO [localhost-startStop-1] org.apache.catalina.startup.HostConfig.deployDirectory Deploying web application directory [C:\Users\Willig\Desktop\CS157A-team10\apache-tomcat-8.5.93\webapps\SOT]
17-Oct-2023 02:43:25.045 INFO [localhost-startStop-1] org.apache.jasper.servlet.TldScanner.scanJars At least one JAR was scanned for TLDs yet contained no TLDs. Enable debug logging for this logger for a complete list of JARs that were scanned but no TLDs were found in them. Skipping unneeded JARs during scanning can improve startup time and JSP compilation time.
17-Oct-2023 02:43:25.068 INFO [localhost-startStop-1] org.apache.catalina.startup.HostConfig.deployDirectory Deployment of web application directory [C:\Users\Willig\Desktop\CS157A-team10\apache-tomcat-8.5.93\webapps\SOT] has finished in [752] ms
17-Oct-2023 02:43:25.071 INFO [main] org.apache.coyote.AbstractProtocol.start Starting ProtocolHandler ["http-nio-8080"]
17-Oct-2023 02:43:25.202 INFO [main] org.apache.catalina.startup.Catalina.start Server startup in 6334 ms
17-Oct-2023 02:56:50.449 INFO [main] org.apache.catalina.startup.VersionLoggerListener.log Server version name:   Apache Tomcat/8.5.93
17-Oct-2023 02:56:50.455 INFO [main] org.apache.catalina.startup.VersionLoggerListener.log Server built:          Aug 23 2023 22:43:14 UTC
17-Oct-2023 02:56:50.455 INFO [main] org.apache.catalina.startup.VersionLoggerListener.log Server version number: 8.5.93.0
17-Oct-2023 02:56:50.455 INFO [main] org.apache.catalina.startup.VersionLoggerListener.log OS Name:               Windows 10
17-Oct-2023 02:56:50.455 INFO [main] org.apache.catalina.startup.VersionLoggerListener.log OS Version:            10.0
17-Oct-2023 02:56:50.455 INFO [main] org.apache.catalina.startup.VersionLoggerListener.log Architecture:          amd64
17-Oct-2023 02:56:50.455 INFO [main] org.apache.catalina.startup.VersionLoggerListener.log Java Home:             C:\Program Files\Java\jdk-17.0.1
17-Oct-2023 02:56:50.455 INFO [main] org.apache.catalina.startup.VersionLoggerListener.log JVM Version:           17.0.1+12-LTS-39
17-Oct-2023 02:56:50.455 INFO [main] org.apache.catalina.startup.VersionLoggerListener.log JVM Vendor:            Oracle Corporation
17-Oct-2023 02:56:50.461 INFO [main] org.apache.catalina.startup.VersionLoggerListener.log CATALINA_BASE:         C:\Users\Willig\Desktop\CS157A-team10\apache-tomcat-8.5.93
17-Oct-2023 02:56:50.461 INFO [main] org.apache.catalina.startup.VersionLoggerListener.log CATALINA_HOME:         C:\Users\Willig\Desktop\CS157A-team10\apache-tomcat-8.5.93
17-Oct-2023 02:56:50.461 INFO [main] org.apache.catalina.startup.VersionLoggerListener.log Command line argument: --add-opens=java.base/java.lang=ALL-UNNAMED
17-Oct-2023 02:56:50.461 INFO [main] org.apache.catalina.startup.VersionLoggerListener.log Command line argument: --add-opens=java.base/java.io=ALL-UNNAMED
17-Oct-2023 02:56:50.461 INFO [main] org.apache.catalina.startup.VersionLoggerListener.log Command line argument: --add-opens=java.base/java.util=ALL-UNNAMED
17-Oct-2023 02:56:50.464 INFO [main] org.apache.catalina.startup.VersionLoggerListener.log Command line argument: --add-opens=java.base/java.util.concurrent=ALL-UNNAMED
17-Oct-2023 02:56:50.464 INFO [main] org.apache.catalina.startup.VersionLoggerListener.log Command line argument: --add-opens=java.rmi/sun.rmi.transport=ALL-UNNAMED
17-Oct-2023 02:56:50.464 INFO [main] org.apache.catalina.startup.VersionLoggerListener.log Command line argument: -Djava.util.logging.config.file=C:\Users\Willig\Desktop\CS157A-team10\apache-tomcat-8.5.93\conf\logging.properties
17-Oct-2023 02:56:50.464 INFO [main] org.apache.catalina.startup.VersionLoggerListener.log Command line argument: -Djava.util.logging.manager=org.apache.juli.ClassLoaderLogManager
17-Oct-2023 02:56:50.464 INFO [main] org.apache.catalina.startup.VersionLoggerListener.log Command line argument: -Djdk.tls.ephemeralDHKeySize=2048
17-Oct-2023 02:56:50.467 INFO [main] org.apache.catalina.startup.VersionLoggerListener.log Command line argument: -Djava.protocol.handler.pkgs=org.apache.catalina.webresources
17-Oct-2023 02:56:50.467 INFO [main] org.apache.catalina.startup.VersionLoggerListener.log Command line argument: -Dignore.endorsed.dirs=
17-Oct-2023 02:56:50.467 INFO [main] org.apache.catalina.startup.VersionLoggerListener.log Command line argument: -Dcatalina.base=C:\Users\Willig\Desktop\CS157A-team10\apache-tomcat-8.5.93
17-Oct-2023 02:56:50.467 INFO [main] org.apache.catalina.startup.VersionLoggerListener.log Command line argument: -Dcatalina.home=C:\Users\Willig\Desktop\CS157A-team10\apache-tomcat-8.5.93
17-Oct-2023 02:56:50.467 INFO [main] org.apache.catalina.startup.VersionLoggerListener.log Command line argument: -Djava.io.tmpdir=C:\Users\Willig\Desktop\CS157A-team10\apache-tomcat-8.5.93\temp
17-Oct-2023 02:56:50.469 INFO [main] org.apache.catalina.core.AprLifecycleListener.lifecycleEvent Loaded Apache Tomcat Native library [1.2.38] using APR version [1.7.4].
17-Oct-2023 02:56:50.469 INFO [main] org.apache.catalina.core.AprLifecycleListener.lifecycleEvent APR capabilities: IPv6 [true], sendfile [true], accept filters [false], random [true], UDS [{4}].
17-Oct-2023 02:56:50.469 INFO [main] org.apache.catalina.core.AprLifecycleListener.lifecycleEvent APR/OpenSSL configuration: useAprConnector [false], useOpenSSL [true]
17-Oct-2023 02:56:50.478 INFO [main] org.apache.catalina.core.AprLifecycleListener.initializeSSL OpenSSL successfully initialized [OpenSSL 1.1.1v  1 Aug 2023]
17-Oct-2023 02:56:50.584 INFO [main] org.apache.coyote.AbstractProtocol.init Initializing ProtocolHandler ["http-nio-8080"]
17-Oct-2023 02:56:50.633 INFO [main] org.apache.catalina.startup.Catalina.load Initialization processed in 859 ms
17-Oct-2023 02:56:50.706 INFO [main] org.apache.catalina.core.StandardService.startInternal Starting service [Catalina]
17-Oct-2023 02:56:50.706 INFO [main] org.apache.catalina.core.StandardEngine.startInternal Starting Servlet engine: [Apache Tomcat/8.5.93]
17-Oct-2023 02:56:50.724 INFO [localhost-startStop-1] org.apache.catalina.startup.HostConfig.deployDirectory Deploying web application directory [C:\Users\Willig\Desktop\CS157A-team10\apache-tomcat-8.5.93\webapps\docs]
17-Oct-2023 02:56:51.920 INFO [localhost-startStop-1] org.apache.jasper.servlet.TldScanner.scanJars At least one JAR was scanned for TLDs yet contained no TLDs. Enable debug logging for this logger for a complete list of JARs that were scanned but no TLDs were found in them. Skipping unneeded JARs during scanning can improve startup time and JSP compilation time.
17-Oct-2023 02:56:52.053 INFO [localhost-startStop-1] org.apache.catalina.startup.HostConfig.deployDirectory Deployment of web application directory [C:\Users\Willig\Desktop\CS157A-team10\apache-tomcat-8.5.93\webapps\docs] has finished in [1,329] ms
17-Oct-2023 02:56:52.053 INFO [localhost-startStop-1] org.apache.catalina.startup.HostConfig.deployDirectory Deploying web application directory [C:\Users\Willig\Desktop\CS157A-team10\apache-tomcat-8.5.93\webapps\examples]
17-Oct-2023 02:56:53.572 INFO [localhost-startStop-1] org.apache.jasper.servlet.TldScanner.scanJars At least one JAR was scanned for TLDs yet contained no TLDs. Enable debug logging for this logger for a complete list of JARs that were scanned but no TLDs were found in them. Skipping unneeded JARs during scanning can improve startup time and JSP compilation time.
17-Oct-2023 02:56:53.693 INFO [localhost-startStop-1] org.apache.catalina.startup.HostConfig.deployDirectory Deployment of web application directory [C:\Users\Willig\Desktop\CS157A-team10\apache-tomcat-8.5.93\webapps\examples] has finished in [1,640] ms
17-Oct-2023 02:56:53.694 INFO [localhost-startStop-1] org.apache.catalina.startup.HostConfig.deployDirectory Deploying web application directory [C:\Users\Willig\Desktop\CS157A-team10\apache-tomcat-8.5.93\webapps\host-manager]
17-Oct-2023 02:56:54.621 INFO [localhost-startStop-1] org.apache.jasper.servlet.TldScanner.scanJars At least one JAR was scanned for TLDs yet contained no TLDs. Enable debug logging for this logger for a complete list of JARs that were scanned but no TLDs were found in them. Skipping unneeded JARs during scanning can improve startup time and JSP compilation time.
17-Oct-2023 02:56:54.630 INFO [localhost-startStop-1] org.apache.catalina.startup.HostConfig.deployDirectory Deployment of web application directory [C:\Users\Willig\Desktop\CS157A-team10\apache-tomcat-8.5.93\webapps\host-manager] has finished in [936] ms
17-Oct-2023 02:56:54.630 INFO [localhost-startStop-1] org.apache.catalina.startup.HostConfig.deployDirectory Deploying web application directory [C:\Users\Willig\Desktop\CS157A-team10\apache-tomcat-8.5.93\webapps\manager]
17-Oct-2023 02:56:55.442 INFO [localhost-startStop-1] org.apache.jasper.servlet.TldScanner.scanJars At least one JAR was scanned for TLDs yet contained no TLDs. Enable debug logging for this logger for a complete list of JARs that were scanned but no TLDs were found in them. Skipping unneeded JARs during scanning can improve startup time and JSP compilation time.
17-Oct-2023 02:56:55.442 INFO [localhost-startStop-1] org.apache.catalina.startup.HostConfig.deployDirectory Deployment of web application directory [C:\Users\Willig\Desktop\CS157A-team10\apache-tomcat-8.5.93\webapps\manager] has finished in [812] ms
17-Oct-2023 02:56:55.442 INFO [localhost-startStop-1] org.apache.catalina.startup.HostConfig.deployDirectory Deploying web application directory [C:\Users\Willig\Desktop\CS157A-team10\apache-tomcat-8.5.93\webapps\ROOT]
17-Oct-2023 02:56:56.203 INFO [localhost-startStop-1] org.apache.jasper.servlet.TldScanner.scanJars At least one JAR was scanned for TLDs yet contained no TLDs. Enable debug logging for this logger for a complete list of JARs that were scanned but no TLDs were found in them. Skipping unneeded JARs during scanning can improve startup time and JSP compilation time.
17-Oct-2023 02:56:56.203 INFO [localhost-startStop-1] org.apache.catalina.startup.HostConfig.deployDirectory Deployment of web application directory [C:\Users\Willig\Desktop\CS157A-team10\apache-tomcat-8.5.93\webapps\ROOT] has finished in [761] ms
17-Oct-2023 02:56:56.203 INFO [localhost-startStop-1] org.apache.catalina.startup.HostConfig.deployDirectory Deploying web application directory [C:\Users\Willig\Desktop\CS157A-team10\apache-tomcat-8.5.93\webapps\SOT]
17-Oct-2023 02:56:56.972 INFO [localhost-startStop-1] org.apache.jasper.servlet.TldScanner.scanJars At least one JAR was scanned for TLDs yet contained no TLDs. Enable debug logging for this logger for a complete list of JARs that were scanned but no TLDs were found in them. Skipping unneeded JARs during scanning can improve startup time and JSP compilation time.
17-Oct-2023 02:56:56.989 INFO [localhost-startStop-1] org.apache.catalina.startup.HostConfig.deployDirectory Deployment of web application directory [C:\Users\Willig\Desktop\CS157A-team10\apache-tomcat-8.5.93\webapps\SOT] has finished in [784] ms
17-Oct-2023 02:56:56.991 INFO [main] org.apache.coyote.AbstractProtocol.start Starting ProtocolHandler ["http-nio-8080"]
17-Oct-2023 02:56:57.068 INFO [main] org.apache.catalina.startup.Catalina.start Server startup in 6431 ms
17-Oct-2023 03:31:26.902 INFO [main] org.apache.catalina.startup.VersionLoggerListener.log Server version name:   Apache Tomcat/8.5.93
17-Oct-2023 03:31:26.914 INFO [main] org.apache.catalina.startup.VersionLoggerListener.log Server built:          Aug 23 2023 22:43:14 UTC
17-Oct-2023 03:31:26.914 INFO [main] org.apache.catalina.startup.VersionLoggerListener.log Server version number: 8.5.93.0
17-Oct-2023 03:31:26.916 INFO [main] org.apache.catalina.startup.VersionLoggerListener.log OS Name:               Windows 10
17-Oct-2023 03:31:26.916 INFO [main] org.apache.catalina.startup.VersionLoggerListener.log OS Version:            10.0
17-Oct-2023 03:31:26.916 INFO [main] org.apache.catalina.startup.VersionLoggerListener.log Architecture:          amd64
17-Oct-2023 03:31:26.916 INFO [main] org.apache.catalina.startup.VersionLoggerListener.log Java Home:             C:\Program Files\Java\jdk-17.0.1
17-Oct-2023 03:31:26.916 INFO [main] org.apache.catalina.startup.VersionLoggerListener.log JVM Version:           17.0.1+12-LTS-39
17-Oct-2023 03:31:26.916 INFO [main] org.apache.catalina.startup.VersionLoggerListener.log JVM Vendor:            Oracle Corporation
17-Oct-2023 03:31:26.916 INFO [main] org.apache.catalina.startup.VersionLoggerListener.log CATALINA_BASE:         C:\Users\Willig\Desktop\CS157A-team10\apache-tomcat-8.5.93
17-Oct-2023 03:31:26.916 INFO [main] org.apache.catalina.startup.VersionLoggerListener.log CATALINA_HOME:         C:\Users\Willig\Desktop\CS157A-team10\apache-tomcat-8.5.93
17-Oct-2023 03:31:26.916 INFO [main] org.apache.catalina.startup.VersionLoggerListener.log Command line argument: --add-opens=java.base/java.lang=ALL-UNNAMED
17-Oct-2023 03:31:26.916 INFO [main] org.apache.catalina.startup.VersionLoggerListener.log Command line argument: --add-opens=java.base/java.io=ALL-UNNAMED
17-Oct-2023 03:31:26.916 INFO [main] org.apache.catalina.startup.VersionLoggerListener.log Command line argument: --add-opens=java.base/java.util=ALL-UNNAMED
17-Oct-2023 03:31:26.916 INFO [main] org.apache.catalina.startup.VersionLoggerListener.log Command line argument: --add-opens=java.base/java.util.concurrent=ALL-UNNAMED
17-Oct-2023 03:31:26.916 INFO [main] org.apache.catalina.startup.VersionLoggerListener.log Command line argument: --add-opens=java.rmi/sun.rmi.transport=ALL-UNNAMED
17-Oct-2023 03:31:26.916 INFO [main] org.apache.catalina.startup.VersionLoggerListener.log Command line argument: -Djava.util.logging.config.file=C:\Users\Willig\Desktop\CS157A-team10\apache-tomcat-8.5.93\conf\logging.properties
17-Oct-2023 03:31:26.916 INFO [main] org.apache.catalina.startup.VersionLoggerListener.log Command line argument: -Djava.util.logging.manager=org.apache.juli.ClassLoaderLogManager
17-Oct-2023 03:31:26.922 INFO [main] org.apache.catalina.startup.VersionLoggerListener.log Command line argument: -Djdk.tls.ephemeralDHKeySize=2048
17-Oct-2023 03:31:26.922 INFO [main] org.apache.catalina.startup.VersionLoggerListener.log Command line argument: -Djava.protocol.handler.pkgs=org.apache.catalina.webresources
17-Oct-2023 03:31:26.923 INFO [main] org.apache.catalina.startup.VersionLoggerListener.log Command line argument: -Dignore.endorsed.dirs=
17-Oct-2023 03:31:26.923 INFO [main] org.apache.catalina.startup.VersionLoggerListener.log Command line argument: -Dcatalina.base=C:\Users\Willig\Desktop\CS157A-team10\apache-tomcat-8.5.93
17-Oct-2023 03:31:26.923 INFO [main] org.apache.catalina.startup.VersionLoggerListener.log Command line argument: -Dcatalina.home=C:\Users\Willig\Desktop\CS157A-team10\apache-tomcat-8.5.93
17-Oct-2023 03:31:26.923 INFO [main] org.apache.catalina.startup.VersionLoggerListener.log Command line argument: -Djava.io.tmpdir=C:\Users\Willig\Desktop\CS157A-team10\apache-tomcat-8.5.93\temp
17-Oct-2023 03:31:26.923 INFO [main] org.apache.catalina.core.AprLifecycleListener.lifecycleEvent Loaded Apache Tomcat Native library [1.2.38] using APR version [1.7.4].
17-Oct-2023 03:31:26.923 INFO [main] org.apache.catalina.core.AprLifecycleListener.lifecycleEvent APR capabilities: IPv6 [true], sendfile [true], accept filters [false], random [true], UDS [{4}].
17-Oct-2023 03:31:26.923 INFO [main] org.apache.catalina.core.AprLifecycleListener.lifecycleEvent APR/OpenSSL configuration: useAprConnector [false], useOpenSSL [true]
17-Oct-2023 03:31:26.936 INFO [main] org.apache.catalina.core.AprLifecycleListener.initializeSSL OpenSSL successfully initialized [OpenSSL 1.1.1v  1 Aug 2023]
17-Oct-2023 03:31:27.039 INFO [main] org.apache.coyote.AbstractProtocol.init Initializing ProtocolHandler ["http-nio-8080"]
17-Oct-2023 03:31:27.080 INFO [main] org.apache.catalina.startup.Catalina.load Initialization processed in 851 ms
17-Oct-2023 03:31:27.141 INFO [main] org.apache.catalina.core.StandardService.startInternal Starting service [Catalina]
17-Oct-2023 03:31:27.141 INFO [main] org.apache.catalina.core.StandardEngine.startInternal Starting Servlet engine: [Apache Tomcat/8.5.93]
17-Oct-2023 03:31:27.166 INFO [localhost-startStop-1] org.apache.catalina.startup.HostConfig.deployDirectory Deploying web application directory [C:\Users\Willig\Desktop\CS157A-team10\apache-tomcat-8.5.93\webapps\docs]
17-Oct-2023 03:31:28.362 INFO [localhost-startStop-1] org.apache.jasper.servlet.TldScanner.scanJars At least one JAR was scanned for TLDs yet contained no TLDs. Enable debug logging for this logger for a complete list of JARs that were scanned but no TLDs were found in them. Skipping unneeded JARs during scanning can improve startup time and JSP compilation time.
17-Oct-2023 03:31:28.484 INFO [localhost-startStop-1] org.apache.catalina.startup.HostConfig.deployDirectory Deployment of web application directory [C:\Users\Willig\Desktop\CS157A-team10\apache-tomcat-8.5.93\webapps\docs] has finished in [1,314] ms
17-Oct-2023 03:31:28.486 INFO [localhost-startStop-1] org.apache.catalina.startup.HostConfig.deployDirectory Deploying web application directory [C:\Users\Willig\Desktop\CS157A-team10\apache-tomcat-8.5.93\webapps\examples]
17-Oct-2023 03:31:29.980 INFO [localhost-startStop-1] org.apache.jasper.servlet.TldScanner.scanJars At least one JAR was scanned for TLDs yet contained no TLDs. Enable debug logging for this logger for a complete list of JARs that were scanned but no TLDs were found in them. Skipping unneeded JARs during scanning can improve startup time and JSP compilation time.
17-Oct-2023 03:31:30.089 INFO [localhost-startStop-1] org.apache.catalina.startup.HostConfig.deployDirectory Deployment of web application directory [C:\Users\Willig\Desktop\CS157A-team10\apache-tomcat-8.5.93\webapps\examples] has finished in [1,603] ms
17-Oct-2023 03:31:30.095 INFO [localhost-startStop-1] org.apache.catalina.startup.HostConfig.deployDirectory Deploying web application directory [C:\Users\Willig\Desktop\CS157A-team10\apache-tomcat-8.5.93\webapps\host-manager]
17-Oct-2023 03:31:30.940 INFO [localhost-startStop-1] org.apache.jasper.servlet.TldScanner.scanJars At least one JAR was scanned for TLDs yet contained no TLDs. Enable debug logging for this logger for a complete list of JARs that were scanned but no TLDs were found in them. Skipping unneeded JARs during scanning can improve startup time and JSP compilation time.
17-Oct-2023 03:31:30.955 INFO [localhost-startStop-1] org.apache.catalina.startup.HostConfig.deployDirectory Deployment of web application directory [C:\Users\Willig\Desktop\CS157A-team10\apache-tomcat-8.5.93\webapps\host-manager] has finished in [860] ms
17-Oct-2023 03:31:30.955 INFO [localhost-startStop-1] org.apache.catalina.startup.HostConfig.deployDirectory Deploying web application directory [C:\Users\Willig\Desktop\CS157A-team10\apache-tomcat-8.5.93\webapps\manager]
17-Oct-2023 03:31:31.740 INFO [localhost-startStop-1] org.apache.jasper.servlet.TldScanner.scanJars At least one JAR was scanned for TLDs yet contained no TLDs. Enable debug logging for this logger for a complete list of JARs that were scanned but no TLDs were found in them. Skipping unneeded JARs during scanning can improve startup time and JSP compilation time.
17-Oct-2023 03:31:31.745 INFO [localhost-startStop-1] org.apache.catalina.startup.HostConfig.deployDirectory Deployment of web application directory [C:\Users\Willig\Desktop\CS157A-team10\apache-tomcat-8.5.93\webapps\manager] has finished in [790] ms
17-Oct-2023 03:31:31.745 INFO [localhost-startStop-1] org.apache.catalina.startup.HostConfig.deployDirectory Deploying web application directory [C:\Users\Willig\Desktop\CS157A-team10\apache-tomcat-8.5.93\webapps\ROOT]
17-Oct-2023 03:31:32.446 INFO [localhost-startStop-1] org.apache.jasper.servlet.TldScanner.scanJars At least one JAR was scanned for TLDs yet contained no TLDs. Enable debug logging for this logger for a complete list of JARs that were scanned but no TLDs were found in them. Skipping unneeded JARs during scanning can improve startup time and JSP compilation time.
17-Oct-2023 03:31:32.454 INFO [localhost-startStop-1] org.apache.catalina.startup.HostConfig.deployDirectory Deployment of web application directory [C:\Users\Willig\Desktop\CS157A-team10\apache-tomcat-8.5.93\webapps\ROOT] has finished in [709] ms
17-Oct-2023 03:31:32.454 INFO [localhost-startStop-1] org.apache.catalina.startup.HostConfig.deployDirectory Deploying web application directory [C:\Users\Willig\Desktop\CS157A-team10\apache-tomcat-8.5.93\webapps\SOT]
17-Oct-2023 03:31:33.207 INFO [localhost-startStop-1] org.apache.jasper.servlet.TldScanner.scanJars At least one JAR was scanned for TLDs yet contained no TLDs. Enable debug logging for this logger for a complete list of JARs that were scanned but no TLDs were found in them. Skipping unneeded JARs during scanning can improve startup time and JSP compilation time.
17-Oct-2023 03:31:33.217 INFO [localhost-startStop-1] org.apache.catalina.startup.HostConfig.deployDirectory Deployment of web application directory [C:\Users\Willig\Desktop\CS157A-team10\apache-tomcat-8.5.93\webapps\SOT] has finished in [763] ms
17-Oct-2023 03:31:33.217 INFO [main] org.apache.coyote.AbstractProtocol.start Starting ProtocolHandler ["http-nio-8080"]
17-Oct-2023 03:31:33.299 INFO [main] org.apache.catalina.startup.Catalina.start Server startup in 6217 ms
17-Oct-2023 05:05:20.370 INFO [ContainerBackgroundProcessor[StandardEngine[Catalina]]] org.apache.catalina.startup.HostConfig.reload Reloading context []
17-Oct-2023 05:05:20.370 INFO [ContainerBackgroundProcessor[StandardEngine[Catalina]]] org.apache.catalina.core.StandardContext.reload Reloading Context with name [] has started
17-Oct-2023 05:05:21.285 INFO [ContainerBackgroundProcessor[StandardEngine[Catalina]]] org.apache.jasper.servlet.TldScanner.scanJars At least one JAR was scanned for TLDs yet contained no TLDs. Enable debug logging for this logger for a complete list of JARs that were scanned but no TLDs were found in them. Skipping unneeded JARs during scanning can improve startup time and JSP compilation time.
17-Oct-2023 05:05:21.340 INFO [ContainerBackgroundProcessor[StandardEngine[Catalina]]] org.apache.catalina.core.StandardContext.reload Reloading Context with name [] is completed
17-Oct-2023 05:05:21.340 INFO [ContainerBackgroundProcessor[StandardEngine[Catalina]]] org.apache.catalina.startup.HostConfig.reload Reloading context [/examples]
17-Oct-2023 05:05:21.343 INFO [ContainerBackgroundProcessor[StandardEngine[Catalina]]] org.apache.catalina.core.StandardContext.reload Reloading Context with name [/examples] has started
17-Oct-2023 05:05:22.836 INFO [ContainerBackgroundProcessor[StandardEngine[Catalina]]] org.apache.jasper.servlet.TldScanner.scanJars At least one JAR was scanned for TLDs yet contained no TLDs. Enable debug logging for this logger for a complete list of JARs that were scanned but no TLDs were found in them. Skipping unneeded JARs during scanning can improve startup time and JSP compilation time.
17-Oct-2023 05:05:22.908 INFO [ContainerBackgroundProcessor[StandardEngine[Catalina]]] org.apache.catalina.core.StandardContext.reload Reloading Context with name [/examples] is completed
17-Oct-2023 05:05:22.909 INFO [ContainerBackgroundProcessor[StandardEngine[Catalina]]] org.apache.catalina.startup.HostConfig.reload Reloading context [/host-manager]
17-Oct-2023 05:05:22.911 INFO [ContainerBackgroundProcessor[StandardEngine[Catalina]]] org.apache.catalina.core.StandardContext.reload Reloading Context with name [/host-manager] has started
17-Oct-2023 05:05:23.580 INFO [ContainerBackgroundProcessor[StandardEngine[Catalina]]] org.apache.jasper.servlet.TldScanner.scanJars At least one JAR was scanned for TLDs yet contained no TLDs. Enable debug logging for this logger for a complete list of JARs that were scanned but no TLDs were found in them. Skipping unneeded JARs during scanning can improve startup time and JSP compilation time.
17-Oct-2023 05:05:23.596 INFO [ContainerBackgroundProcessor[StandardEngine[Catalina]]] org.apache.catalina.core.StandardContext.reload Reloading Context with name [/host-manager] is completed
17-Oct-2023 05:05:23.596 INFO [ContainerBackgroundProcessor[StandardEngine[Catalina]]] org.apache.catalina.startup.HostConfig.reload Reloading context [/manager]
17-Oct-2023 05:05:23.596 INFO [ContainerBackgroundProcessor[StandardEngine[Catalina]]] org.apache.catalina.core.StandardContext.reload Reloading Context with name [/manager] has started
17-Oct-2023 05:05:24.405 INFO [ContainerBackgroundProcessor[StandardEngine[Catalina]]] org.apache.jasper.servlet.TldScanner.scanJars At least one JAR was scanned for TLDs yet contained no TLDs. Enable debug logging for this logger for a complete list of JARs that were scanned but no TLDs were found in them. Skipping unneeded JARs during scanning can improve startup time and JSP compilation time.
17-Oct-2023 05:05:24.410 INFO [ContainerBackgroundProcessor[StandardEngine[Catalina]]] org.apache.catalina.core.StandardContext.reload Reloading Context with name [/manager] is completed
17-Oct-2023 05:05:24.410 INFO [ContainerBackgroundProcessor[StandardEngine[Catalina]]] org.apache.catalina.startup.HostConfig.reload Reloading context [/docs]
17-Oct-2023 05:05:24.410 INFO [ContainerBackgroundProcessor[StandardEngine[Catalina]]] org.apache.catalina.core.StandardContext.reload Reloading Context with name [/docs] has started
17-Oct-2023 05:05:25.184 INFO [ContainerBackgroundProcessor[StandardEngine[Catalina]]] org.apache.jasper.servlet.TldScanner.scanJars At least one JAR was scanned for TLDs yet contained no TLDs. Enable debug logging for this logger for a complete list of JARs that were scanned but no TLDs were found in them. Skipping unneeded JARs during scanning can improve startup time and JSP compilation time.
17-Oct-2023 05:05:25.191 INFO [ContainerBackgroundProcessor[StandardEngine[Catalina]]] org.apache.catalina.core.StandardContext.reload Reloading Context with name [/docs] is completed
17-Oct-2023 05:05:25.191 INFO [ContainerBackgroundProcessor[StandardEngine[Catalina]]] org.apache.catalina.startup.HostConfig.reload Reloading context [/SOT]
17-Oct-2023 05:05:25.191 INFO [ContainerBackgroundProcessor[StandardEngine[Catalina]]] org.apache.catalina.core.StandardContext.reload Reloading Context with name [/SOT] has started
17-Oct-2023 05:05:25.914 INFO [ContainerBackgroundProcessor[StandardEngine[Catalina]]] org.apache.jasper.servlet.TldScanner.scanJars At least one JAR was scanned for TLDs yet contained no TLDs. Enable debug logging for this logger for a complete list of JARs that were scanned but no TLDs were found in them. Skipping unneeded JARs during scanning can improve startup time and JSP compilation time.
17-Oct-2023 05:05:25.920 INFO [ContainerBackgroundProcessor[StandardEngine[Catalina]]] org.apache.catalina.core.StandardContext.reload Reloading Context with name [/SOT] is completed
17-Oct-2023 05:05:42.235 INFO [main] org.apache.catalina.startup.VersionLoggerListener.log Server version name:   Apache Tomcat/8.5.93
17-Oct-2023 05:05:42.240 INFO [main] org.apache.catalina.startup.VersionLoggerListener.log Server built:          Aug 23 2023 22:43:14 UTC
17-Oct-2023 05:05:42.240 INFO [main] org.apache.catalina.startup.VersionLoggerListener.log Server version number: 8.5.93.0
17-Oct-2023 05:05:42.240 INFO [main] org.apache.catalina.startup.VersionLoggerListener.log OS Name:               Windows 10
17-Oct-2023 05:05:42.242 INFO [main] org.apache.catalina.startup.VersionLoggerListener.log OS Version:            10.0
17-Oct-2023 05:05:42.242 INFO [main] org.apache.catalina.startup.VersionLoggerListener.log Architecture:          amd64
17-Oct-2023 05:05:42.242 INFO [main] org.apache.catalina.startup.VersionLoggerListener.log Java Home:             C:\Program Files\Java\jdk-17.0.1
17-Oct-2023 05:05:42.244 INFO [main] org.apache.catalina.startup.VersionLoggerListener.log JVM Version:           17.0.1+12-LTS-39
17-Oct-2023 05:05:42.244 INFO [main] org.apache.catalina.startup.VersionLoggerListener.log JVM Vendor:            Oracle Corporation
17-Oct-2023 05:05:42.244 INFO [main] org.apache.catalina.startup.VersionLoggerListener.log CATALINA_BASE:         C:\Users\Willig\Desktop\CS157A-team10\apache-tomcat-8.5.93
17-Oct-2023 05:05:42.244 INFO [main] org.apache.catalina.startup.VersionLoggerListener.log CATALINA_HOME:         C:\Users\Willig\Desktop\CS157A-team10\apache-tomcat-8.5.93
17-Oct-2023 05:05:42.246 INFO [main] org.apache.catalina.startup.VersionLoggerListener.log Command line argument: --add-opens=java.base/java.lang=ALL-UNNAMED
17-Oct-2023 05:05:42.246 INFO [main] org.apache.catalina.startup.VersionLoggerListener.log Command line argument: --add-opens=java.base/java.io=ALL-UNNAMED
17-Oct-2023 05:05:42.246 INFO [main] org.apache.catalina.startup.VersionLoggerListener.log Command line argument: --add-opens=java.base/java.util=ALL-UNNAMED
17-Oct-2023 05:05:42.246 INFO [main] org.apache.catalina.startup.VersionLoggerListener.log Command line argument: --add-opens=java.base/java.util.concurrent=ALL-UNNAMED
17-Oct-2023 05:05:42.248 INFO [main] org.apache.catalina.startup.VersionLoggerListener.log Command line argument: --add-opens=java.rmi/sun.rmi.transport=ALL-UNNAMED
17-Oct-2023 05:05:42.248 INFO [main] org.apache.catalina.startup.VersionLoggerListener.log Command line argument: -Djava.util.logging.config.file=C:\Users\Willig\Desktop\CS157A-team10\apache-tomcat-8.5.93\conf\logging.properties
17-Oct-2023 05:05:42.249 INFO [main] org.apache.catalina.startup.VersionLoggerListener.log Command line argument: -Djava.util.logging.manager=org.apache.juli.ClassLoaderLogManager
17-Oct-2023 05:05:42.249 INFO [main] org.apache.catalina.startup.VersionLoggerListener.log Command line argument: -Djdk.tls.ephemeralDHKeySize=2048
17-Oct-2023 05:05:42.249 INFO [main] org.apache.catalina.startup.VersionLoggerListener.log Command line argument: -Djava.protocol.handler.pkgs=org.apache.catalina.webresources
17-Oct-2023 05:05:42.249 INFO [main] org.apache.catalina.startup.VersionLoggerListener.log Command line argument: -Dignore.endorsed.dirs=
17-Oct-2023 05:05:42.251 INFO [main] org.apache.catalina.startup.VersionLoggerListener.log Command line argument: -Dcatalina.base=C:\Users\Willig\Desktop\CS157A-team10\apache-tomcat-8.5.93
17-Oct-2023 05:05:42.251 INFO [main] org.apache.catalina.startup.VersionLoggerListener.log Command line argument: -Dcatalina.home=C:\Users\Willig\Desktop\CS157A-team10\apache-tomcat-8.5.93
17-Oct-2023 05:05:42.251 INFO [main] org.apache.catalina.startup.VersionLoggerListener.log Command line argument: -Djava.io.tmpdir=C:\Users\Willig\Desktop\CS157A-team10\apache-tomcat-8.5.93\temp
17-Oct-2023 05:05:42.251 INFO [main] org.apache.catalina.core.AprLifecycleListener.lifecycleEvent Loaded Apache Tomcat Native library [1.2.38] using APR version [1.7.4].
17-Oct-2023 05:05:42.251 INFO [main] org.apache.catalina.core.AprLifecycleListener.lifecycleEvent APR capabilities: IPv6 [true], sendfile [true], accept filters [false], random [true], UDS [{4}].
17-Oct-2023 05:05:42.251 INFO [main] org.apache.catalina.core.AprLifecycleListener.lifecycleEvent APR/OpenSSL configuration: useAprConnector [false], useOpenSSL [true]
17-Oct-2023 05:05:42.256 INFO [main] org.apache.catalina.core.AprLifecycleListener.initializeSSL OpenSSL successfully initialized [OpenSSL 1.1.1v  1 Aug 2023]
17-Oct-2023 05:05:42.367 INFO [main] org.apache.coyote.AbstractProtocol.init Initializing ProtocolHandler ["http-nio-8080"]
17-Oct-2023 05:05:42.430 INFO [main] org.apache.catalina.startup.Catalina.load Initialization processed in 982 ms
17-Oct-2023 05:05:42.510 INFO [main] org.apache.catalina.core.StandardService.startInternal Starting service [Catalina]
17-Oct-2023 05:05:42.510 INFO [main] org.apache.catalina.core.StandardEngine.startInternal Starting Servlet engine: [Apache Tomcat/8.5.93]
17-Oct-2023 05:05:42.526 INFO [localhost-startStop-1] org.apache.catalina.startup.HostConfig.deployDirectory Deploying web application directory [C:\Users\Willig\Desktop\CS157A-team10\apache-tomcat-8.5.93\webapps\docs]
17-Oct-2023 05:05:43.727 INFO [localhost-startStop-1] org.apache.jasper.servlet.TldScanner.scanJars At least one JAR was scanned for TLDs yet contained no TLDs. Enable debug logging for this logger for a complete list of JARs that were scanned but no TLDs were found in them. Skipping unneeded JARs during scanning can improve startup time and JSP compilation time.
17-Oct-2023 05:05:43.853 INFO [localhost-startStop-1] org.apache.catalina.startup.HostConfig.deployDirectory Deployment of web application directory [C:\Users\Willig\Desktop\CS157A-team10\apache-tomcat-8.5.93\webapps\docs] has finished in [1,343] ms
17-Oct-2023 05:05:43.853 INFO [localhost-startStop-1] org.apache.catalina.startup.HostConfig.deployDirectory Deploying web application directory [C:\Users\Willig\Desktop\CS157A-team10\apache-tomcat-8.5.93\webapps\examples]
17-Oct-2023 05:05:45.354 INFO [localhost-startStop-1] org.apache.jasper.servlet.TldScanner.scanJars At least one JAR was scanned for TLDs yet contained no TLDs. Enable debug logging for this logger for a complete list of JARs that were scanned but no TLDs were found in them. Skipping unneeded JARs during scanning can improve startup time and JSP compilation time.
17-Oct-2023 05:05:45.457 INFO [localhost-startStop-1] org.apache.catalina.startup.HostConfig.deployDirectory Deployment of web application directory [C:\Users\Willig\Desktop\CS157A-team10\apache-tomcat-8.5.93\webapps\examples] has finished in [1,604] ms
17-Oct-2023 05:05:45.457 INFO [localhost-startStop-1] org.apache.catalina.startup.HostConfig.deployDirectory Deploying web application directory [C:\Users\Willig\Desktop\CS157A-team10\apache-tomcat-8.5.93\webapps\host-manager]
17-Oct-2023 05:05:46.288 INFO [localhost-startStop-1] org.apache.jasper.servlet.TldScanner.scanJars At least one JAR was scanned for TLDs yet contained no TLDs. Enable debug logging for this logger for a complete list of JARs that were scanned but no TLDs were found in them. Skipping unneeded JARs during scanning can improve startup time and JSP compilation time.
17-Oct-2023 05:05:46.334 INFO [localhost-startStop-1] org.apache.catalina.startup.HostConfig.deployDirectory Deployment of web application directory [C:\Users\Willig\Desktop\CS157A-team10\apache-tomcat-8.5.93\webapps\host-manager] has finished in [877] ms
17-Oct-2023 05:05:46.334 INFO [localhost-startStop-1] org.apache.catalina.startup.HostConfig.deployDirectory Deploying web application directory [C:\Users\Willig\Desktop\CS157A-team10\apache-tomcat-8.5.93\webapps\manager]
17-Oct-2023 05:05:47.071 INFO [localhost-startStop-1] org.apache.jasper.servlet.TldScanner.scanJars At least one JAR was scanned for TLDs yet contained no TLDs. Enable debug logging for this logger for a complete list of JARs that were scanned but no TLDs were found in them. Skipping unneeded JARs during scanning can improve startup time and JSP compilation time.
17-Oct-2023 05:05:47.080 INFO [localhost-startStop-1] org.apache.catalina.startup.HostConfig.deployDirectory Deployment of web application directory [C:\Users\Willig\Desktop\CS157A-team10\apache-tomcat-8.5.93\webapps\manager] has finished in [746] ms
17-Oct-2023 05:05:47.080 INFO [localhost-startStop-1] org.apache.catalina.startup.HostConfig.deployDirectory Deploying web application directory [C:\Users\Willig\Desktop\CS157A-team10\apache-tomcat-8.5.93\webapps\ROOT]
17-Oct-2023 05:05:47.820 INFO [localhost-startStop-1] org.apache.jasper.servlet.TldScanner.scanJars At least one JAR was scanned for TLDs yet contained no TLDs. Enable debug logging for this logger for a complete list of JARs that were scanned but no TLDs were found in them. Skipping unneeded JARs during scanning can improve startup time and JSP compilation time.
17-Oct-2023 05:05:47.820 INFO [localhost-startStop-1] org.apache.catalina.startup.HostConfig.deployDirectory Deployment of web application directory [C:\Users\Willig\Desktop\CS157A-team10\apache-tomcat-8.5.93\webapps\ROOT] has finished in [740] ms
17-Oct-2023 05:05:47.820 INFO [localhost-startStop-1] org.apache.catalina.startup.HostConfig.deployDirectory Deploying web application directory [C:\Users\Willig\Desktop\CS157A-team10\apache-tomcat-8.5.93\webapps\SOT]
17-Oct-2023 05:05:48.493 INFO [localhost-startStop-1] org.apache.jasper.servlet.TldScanner.scanJars At least one JAR was scanned for TLDs yet contained no TLDs. Enable debug logging for this logger for a complete list of JARs that were scanned but no TLDs were found in them. Skipping unneeded JARs during scanning can improve startup time and JSP compilation time.
17-Oct-2023 05:05:48.500 INFO [localhost-startStop-1] org.apache.catalina.startup.HostConfig.deployDirectory Deployment of web application directory [C:\Users\Willig\Desktop\CS157A-team10\apache-tomcat-8.5.93\webapps\SOT] has finished in [680] ms
17-Oct-2023 05:05:48.500 INFO [main] org.apache.coyote.AbstractProtocol.start Starting ProtocolHandler ["http-nio-8080"]
17-Oct-2023 05:05:48.619 INFO [main] org.apache.catalina.startup.Catalina.start Server startup in 6189 ms
17-Oct-2023 05:11:37.514 SEVERE [http-nio-8080-exec-2] org.apache.jasper.compiler.JDTCompiler$1.findType Failed to load class [java.lang.System]
	org.eclipse.jdt.internal.compiler.classfmt.ClassFormatException
		at org.eclipse.jdt.internal.compiler.classfmt.ClassFileReader.<init>(ClassFileReader.java:406)
		at org.apache.jasper.compiler.JDTCompiler$1.findType(JDTCompiler.java:231)
		at org.apache.jasper.compiler.JDTCompiler$1.findType(JDTCompiler.java:207)
		at org.eclipse.jdt.internal.compiler.lookup.LookupEnvironment.askForType(LookupEnvironment.java:174)
		at org.eclipse.jdt.internal.compiler.lookup.PackageBinding.getType(PackageBinding.java:145)
		at org.eclipse.jdt.internal.compiler.lookup.Scope.findType(Scope.java:1926)
		at org.eclipse.jdt.internal.compiler.lookup.Scope.getTypeOrPackage(Scope.java:3254)
		at org.eclipse.jdt.internal.compiler.lookup.Scope.getBinding(Scope.java:2192)
		at org.eclipse.jdt.internal.compiler.lookup.BlockScope.getBinding(BlockScope.java:485)
		at org.eclipse.jdt.internal.compiler.ast.QualifiedNameReference.resolveType(QualifiedNameReference.java:999)
		at org.eclipse.jdt.internal.compiler.ast.MessageSend.resolveType(MessageSend.java:636)
		at org.eclipse.jdt.internal.compiler.ast.Expression.resolve(Expression.java:1026)
		at org.eclipse.jdt.internal.compiler.ast.Block.resolve(Block.java:117)
		at org.eclipse.jdt.internal.compiler.ast.IfStatement.resolve(IfStatement.java:276)
		at org.eclipse.jdt.internal.compiler.ast.Block.resolveUsing(Block.java:130)
		at org.eclipse.jdt.internal.compiler.ast.TryStatement.resolve(TryStatement.java:1073)
		at org.eclipse.jdt.internal.compiler.ast.Block.resolveUsing(Block.java:130)
		at org.eclipse.jdt.internal.compiler.ast.TryStatement.resolve(TryStatement.java:1073)
		at org.eclipse.jdt.internal.compiler.ast.AbstractMethodDeclaration.resolveStatements(AbstractMethodDeclaration.java:634)
		at org.eclipse.jdt.internal.compiler.ast.MethodDeclaration.resolveStatements(MethodDeclaration.java:306)
		at org.eclipse.jdt.internal.compiler.ast.AbstractMethodDeclaration.resolve(AbstractMethodDeclaration.java:544)
		at org.eclipse.jdt.internal.compiler.ast.TypeDeclaration.resolve(TypeDeclaration.java:1195)
		at org.eclipse.jdt.internal.compiler.ast.TypeDeclaration.resolve(TypeDeclaration.java:1308)
		at org.eclipse.jdt.internal.compiler.ast.CompilationUnitDeclaration.resolve(CompilationUnitDeclaration.java:593)
		at org.eclipse.jdt.internal.compiler.Compiler.process(Compiler.java:867)
		at org.eclipse.jdt.internal.compiler.Compiler.processCompiledUnits(Compiler.java:550)
		at org.eclipse.jdt.internal.compiler.Compiler.compile(Compiler.java:462)
		at org.eclipse.jdt.internal.compiler.Compiler.compile(Compiler.java:417)
		at org.apache.jasper.compiler.JDTCompiler.generateClass(JDTCompiler.java:587)
		at org.apache.jasper.compiler.Compiler.compile(Compiler.java:381)
		at org.apache.jasper.compiler.Compiler.compile(Compiler.java:351)
		at org.apache.jasper.compiler.Compiler.compile(Compiler.java:335)
		at org.apache.jasper.JspCompilationContext.compile(JspCompilationContext.java:597)
		at org.apache.jasper.servlet.JspServletWrapper.service(JspServletWrapper.java:398)
		at org.apache.jasper.servlet.JspServlet.serviceJspFile(JspServlet.java:383)
		at org.apache.jasper.servlet.JspServlet.service(JspServlet.java:331)
		at javax.servlet.http.HttpServlet.service(HttpServlet.java:583)
		at org.apache.catalina.core.ApplicationFilterChain.internalDoFilter(ApplicationFilterChain.java:212)
		at org.apache.catalina.core.ApplicationFilterChain.doFilter(ApplicationFilterChain.java:156)
		at org.apache.tomcat.websocket.server.WsFilter.doFilter(WsFilter.java:51)
		at org.apache.catalina.core.ApplicationFilterChain.internalDoFilter(ApplicationFilterChain.java:181)
		at org.apache.catalina.core.ApplicationFilterChain.doFilter(ApplicationFilterChain.java:156)
		at org.apache.catalina.core.StandardWrapperValve.invoke(StandardWrapperValve.java:168)
		at org.apache.catalina.core.StandardContextValve.invoke(StandardContextValve.java:90)
		at org.apache.catalina.authenticator.AuthenticatorBase.invoke(AuthenticatorBase.java:483)
		at org.apache.catalina.core.StandardHostValve.invoke(StandardHostValve.java:130)
		at org.apache.catalina.valves.ErrorReportValve.invoke(ErrorReportValve.java:93)
		at org.apache.catalina.valves.AbstractAccessLogValve.invoke(AbstractAccessLogValve.java:679)
		at org.apache.catalina.core.StandardEngineValve.invoke(StandardEngineValve.java:74)
		at org.apache.catalina.connector.CoyoteAdapter.service(CoyoteAdapter.java:343)
		at org.apache.coyote.http11.Http11Processor.service(Http11Processor.java:617)
		at org.apache.coyote.AbstractProcessorLight.process(AbstractProcessorLight.java:63)
		at org.apache.coyote.AbstractProtocol$ConnectionHandler.process(AbstractProtocol.java:932)
		at org.apache.tomcat.util.net.NioEndpoint$SocketProcessor.doRun(NioEndpoint.java:1694)
		at org.apache.tomcat.util.net.SocketProcessorBase.run(SocketProcessorBase.java:52)
		at org.apache.tomcat.util.threads.ThreadPoolExecutor.runWorker(ThreadPoolExecutor.java:1191)
		at org.apache.tomcat.util.threads.ThreadPoolExecutor$Worker.run(ThreadPoolExecutor.java:659)
		at org.apache.tomcat.util.threads.TaskThread$WrappingRunnable.run(TaskThread.java:61)
		at java.base/java.lang.Thread.run(Thread.java:833)
17-Oct-2023 05:44:51.991 INFO [ContainerBackgroundProcessor[StandardEngine[Catalina]]] org.apache.catalina.startup.HostConfig.reload Reloading context []
17-Oct-2023 05:44:51.991 INFO [ContainerBackgroundProcessor[StandardEngine[Catalina]]] org.apache.catalina.core.StandardContext.reload Reloading Context with name [] has started
17-Oct-2023 05:44:52.920 INFO [ContainerBackgroundProcessor[StandardEngine[Catalina]]] org.apache.jasper.servlet.TldScanner.scanJars At least one JAR was scanned for TLDs yet contained no TLDs. Enable debug logging for this logger for a complete list of JARs that were scanned but no TLDs were found in them. Skipping unneeded JARs during scanning can improve startup time and JSP compilation time.
17-Oct-2023 05:44:52.925 INFO [ContainerBackgroundProcessor[StandardEngine[Catalina]]] org.apache.catalina.core.StandardContext.reload Reloading Context with name [] is completed
17-Oct-2023 05:44:52.928 INFO [ContainerBackgroundProcessor[StandardEngine[Catalina]]] org.apache.catalina.startup.HostConfig.reload Reloading context [/examples]
17-Oct-2023 05:44:52.928 INFO [ContainerBackgroundProcessor[StandardEngine[Catalina]]] org.apache.catalina.core.StandardContext.reload Reloading Context with name [/examples] has started
17-Oct-2023 05:44:54.439 INFO [ContainerBackgroundProcessor[StandardEngine[Catalina]]] org.apache.jasper.servlet.TldScanner.scanJars At least one JAR was scanned for TLDs yet contained no TLDs. Enable debug logging for this logger for a complete list of JARs that were scanned but no TLDs were found in them. Skipping unneeded JARs during scanning can improve startup time and JSP compilation time.
17-Oct-2023 05:44:54.507 INFO [ContainerBackgroundProcessor[StandardEngine[Catalina]]] org.apache.catalina.core.StandardContext.reload Reloading Context with name [/examples] is completed
17-Oct-2023 05:44:54.510 INFO [ContainerBackgroundProcessor[StandardEngine[Catalina]]] org.apache.catalina.startup.HostConfig.reload Reloading context [/host-manager]
17-Oct-2023 05:44:54.510 INFO [ContainerBackgroundProcessor[StandardEngine[Catalina]]] org.apache.catalina.core.StandardContext.reload Reloading Context with name [/host-manager] has started
17-Oct-2023 05:44:55.234 INFO [ContainerBackgroundProcessor[StandardEngine[Catalina]]] org.apache.jasper.servlet.TldScanner.scanJars At least one JAR was scanned for TLDs yet contained no TLDs. Enable debug logging for this logger for a complete list of JARs that were scanned but no TLDs were found in them. Skipping unneeded JARs during scanning can improve startup time and JSP compilation time.
17-Oct-2023 05:44:55.239 INFO [ContainerBackgroundProcessor[StandardEngine[Catalina]]] org.apache.catalina.core.StandardContext.reload Reloading Context with name [/host-manager] is completed
17-Oct-2023 05:44:55.239 INFO [ContainerBackgroundProcessor[StandardEngine[Catalina]]] org.apache.catalina.startup.HostConfig.reload Reloading context [/manager]
17-Oct-2023 05:44:55.239 INFO [ContainerBackgroundProcessor[StandardEngine[Catalina]]] org.apache.catalina.core.StandardContext.reload Reloading Context with name [/manager] has started
17-Oct-2023 05:44:56.001 INFO [ContainerBackgroundProcessor[StandardEngine[Catalina]]] org.apache.jasper.servlet.TldScanner.scanJars At least one JAR was scanned for TLDs yet contained no TLDs. Enable debug logging for this logger for a complete list of JARs that were scanned but no TLDs were found in them. Skipping unneeded JARs during scanning can improve startup time and JSP compilation time.
17-Oct-2023 05:44:56.005 INFO [ContainerBackgroundProcessor[StandardEngine[Catalina]]] org.apache.catalina.core.StandardContext.reload Reloading Context with name [/manager] is completed
17-Oct-2023 05:44:56.005 INFO [ContainerBackgroundProcessor[StandardEngine[Catalina]]] org.apache.catalina.startup.HostConfig.reload Reloading context [/docs]
17-Oct-2023 05:44:56.005 INFO [ContainerBackgroundProcessor[StandardEngine[Catalina]]] org.apache.catalina.core.StandardContext.reload Reloading Context with name [/docs] has started
17-Oct-2023 05:44:56.725 INFO [ContainerBackgroundProcessor[StandardEngine[Catalina]]] org.apache.jasper.servlet.TldScanner.scanJars At least one JAR was scanned for TLDs yet contained no TLDs. Enable debug logging for this logger for a complete list of JARs that were scanned but no TLDs were found in them. Skipping unneeded JARs during scanning can improve startup time and JSP compilation time.
17-Oct-2023 05:44:56.729 INFO [ContainerBackgroundProcessor[StandardEngine[Catalina]]] org.apache.catalina.core.StandardContext.reload Reloading Context with name [/docs] is completed
17-Oct-2023 05:44:56.731 INFO [ContainerBackgroundProcessor[StandardEngine[Catalina]]] org.apache.catalina.startup.HostConfig.reload Reloading context [/SOT]
17-Oct-2023 05:44:56.731 INFO [ContainerBackgroundProcessor[StandardEngine[Catalina]]] org.apache.catalina.core.StandardContext.reload Reloading Context with name [/SOT] has started
17-Oct-2023 05:44:57.465 INFO [ContainerBackgroundProcessor[StandardEngine[Catalina]]] org.apache.jasper.servlet.TldScanner.scanJars At least one JAR was scanned for TLDs yet contained no TLDs. Enable debug logging for this logger for a complete list of JARs that were scanned but no TLDs were found in them. Skipping unneeded JARs during scanning can improve startup time and JSP compilation time.
17-Oct-2023 05:44:57.477 INFO [ContainerBackgroundProcessor[StandardEngine[Catalina]]] org.apache.catalina.core.StandardContext.reload Reloading Context with name [/SOT] is completed
