28-Nov-2023 21:19:17.181 INFO [main] org.apache.catalina.startup.VersionLoggerListener.log Server version name:   Apache Tomcat/8.5.93
28-Nov-2023 21:19:17.183 INFO [main] org.apache.catalina.startup.VersionLoggerListener.log Server built:          Aug 23 2023 22:43:14 UTC
28-Nov-2023 21:19:17.183 INFO [main] org.apache.catalina.startup.VersionLoggerListener.log Server version number: 8.5.93.0
28-Nov-2023 21:19:17.183 INFO [main] org.apache.catalina.startup.VersionLoggerListener.log OS Name:               Windows 10
28-Nov-2023 21:19:17.183 INFO [main] org.apache.catalina.startup.VersionLoggerListener.log OS Version:            10.0
28-Nov-2023 21:19:17.183 INFO [main] org.apache.catalina.startup.VersionLoggerListener.log Architecture:          amd64
28-Nov-2023 21:19:17.183 INFO [main] org.apache.catalina.startup.VersionLoggerListener.log Java Home:             C:\Program Files\Java\jdk-17
28-Nov-2023 21:19:17.183 INFO [main] org.apache.catalina.startup.VersionLoggerListener.log JVM Version:           17.0.6+9-LTS-190
28-Nov-2023 21:19:17.184 INFO [main] org.apache.catalina.startup.VersionLoggerListener.log JVM Vendor:            Oracle Corporation
28-Nov-2023 21:19:17.184 INFO [main] org.apache.catalina.startup.VersionLoggerListener.log CATALINA_BASE:         C:\Users\will\Desktop\CS157A-team10\apache-tomcat-8.5.93
28-Nov-2023 21:19:17.184 INFO [main] org.apache.catalina.startup.VersionLoggerListener.log CATALINA_HOME:         C:\Users\will\Desktop\CS157A-team10\apache-tomcat-8.5.93
28-Nov-2023 21:19:17.185 INFO [main] org.apache.catalina.startup.VersionLoggerListener.log Command line argument: --add-opens=java.base/java.lang=ALL-UNNAMED
28-Nov-2023 21:19:17.185 INFO [main] org.apache.catalina.startup.VersionLoggerListener.log Command line argument: --add-opens=java.base/java.io=ALL-UNNAMED
28-Nov-2023 21:19:17.185 INFO [main] org.apache.catalina.startup.VersionLoggerListener.log Command line argument: --add-opens=java.base/java.util=ALL-UNNAMED
28-Nov-2023 21:19:17.185 INFO [main] org.apache.catalina.startup.VersionLoggerListener.log Command line argument: --add-opens=java.base/java.util.concurrent=ALL-UNNAMED
28-Nov-2023 21:19:17.185 INFO [main] org.apache.catalina.startup.VersionLoggerListener.log Command line argument: --add-opens=java.rmi/sun.rmi.transport=ALL-UNNAMED
28-Nov-2023 21:19:17.186 INFO [main] org.apache.catalina.startup.VersionLoggerListener.log Command line argument: -Djava.util.logging.config.file=C:\Users\will\Desktop\CS157A-team10\apache-tomcat-8.5.93\conf\logging.properties
28-Nov-2023 21:19:17.186 INFO [main] org.apache.catalina.startup.VersionLoggerListener.log Command line argument: -Djava.util.logging.manager=org.apache.juli.ClassLoaderLogManager
28-Nov-2023 21:19:17.186 INFO [main] org.apache.catalina.startup.VersionLoggerListener.log Command line argument: -Djdk.tls.ephemeralDHKeySize=2048
28-Nov-2023 21:19:17.187 INFO [main] org.apache.catalina.startup.VersionLoggerListener.log Command line argument: -Djava.protocol.handler.pkgs=org.apache.catalina.webresources
28-Nov-2023 21:19:17.187 INFO [main] org.apache.catalina.startup.VersionLoggerListener.log Command line argument: -Dignore.endorsed.dirs=
28-Nov-2023 21:19:17.187 INFO [main] org.apache.catalina.startup.VersionLoggerListener.log Command line argument: -Dcatalina.base=C:\Users\will\Desktop\CS157A-team10\apache-tomcat-8.5.93
28-Nov-2023 21:19:17.187 INFO [main] org.apache.catalina.startup.VersionLoggerListener.log Command line argument: -Dcatalina.home=C:\Users\will\Desktop\CS157A-team10\apache-tomcat-8.5.93
28-Nov-2023 21:19:17.188 INFO [main] org.apache.catalina.startup.VersionLoggerListener.log Command line argument: -Djava.io.tmpdir=C:\Users\will\Desktop\CS157A-team10\apache-tomcat-8.5.93\temp
28-Nov-2023 21:19:17.188 INFO [main] org.apache.catalina.core.AprLifecycleListener.lifecycleEvent Loaded Apache Tomcat Native library [1.2.38] using APR version [1.7.4].
28-Nov-2023 21:19:17.188 INFO [main] org.apache.catalina.core.AprLifecycleListener.lifecycleEvent APR capabilities: IPv6 [true], sendfile [true], accept filters [false], random [true], UDS [{4}].
28-Nov-2023 21:19:17.188 INFO [main] org.apache.catalina.core.AprLifecycleListener.lifecycleEvent APR/OpenSSL configuration: useAprConnector [false], useOpenSSL [true]
28-Nov-2023 21:19:17.202 INFO [main] org.apache.catalina.core.AprLifecycleListener.initializeSSL OpenSSL successfully initialized [OpenSSL 1.1.1v  1 Aug 2023]
28-Nov-2023 21:19:17.241 INFO [main] org.apache.coyote.AbstractProtocol.init Initializing ProtocolHandler ["http-nio-8080"]
28-Nov-2023 21:19:17.258 INFO [main] org.apache.catalina.startup.Catalina.load Initialization processed in 324 ms
28-Nov-2023 21:19:17.297 INFO [main] org.apache.catalina.core.StandardService.startInternal Starting service [Catalina]
28-Nov-2023 21:19:17.297 INFO [main] org.apache.catalina.core.StandardEngine.startInternal Starting Servlet engine: [Apache Tomcat/8.5.93]
28-Nov-2023 21:19:17.304 INFO [localhost-startStop-1] org.apache.catalina.startup.HostConfig.deployDirectory Deploying web application directory [C:\Users\will\Desktop\CS157A-team10\apache-tomcat-8.5.93\webapps\docs]
28-Nov-2023 21:19:17.680 INFO [localhost-startStop-1] org.apache.jasper.servlet.TldScanner.scanJars At least one JAR was scanned for TLDs yet contained no TLDs. Enable debug logging for this logger for a complete list of JARs that were scanned but no TLDs were found in them. Skipping unneeded JARs during scanning can improve startup time and JSP compilation time.
28-Nov-2023 21:19:17.729 INFO [localhost-startStop-1] org.apache.catalina.startup.HostConfig.deployDirectory Deployment of web application directory [C:\Users\will\Desktop\CS157A-team10\apache-tomcat-8.5.93\webapps\docs] has finished in [425] ms
28-Nov-2023 21:19:17.729 INFO [localhost-startStop-1] org.apache.catalina.startup.HostConfig.deployDirectory Deploying web application directory [C:\Users\will\Desktop\CS157A-team10\apache-tomcat-8.5.93\webapps\examples]
28-Nov-2023 21:19:18.134 INFO [localhost-startStop-1] org.apache.jasper.servlet.TldScanner.scanJars At least one JAR was scanned for TLDs yet contained no TLDs. Enable debug logging for this logger for a complete list of JARs that were scanned but no TLDs were found in them. Skipping unneeded JARs during scanning can improve startup time and JSP compilation time.
28-Nov-2023 21:19:18.171 INFO [localhost-startStop-1] org.apache.catalina.startup.HostConfig.deployDirectory Deployment of web application directory [C:\Users\will\Desktop\CS157A-team10\apache-tomcat-8.5.93\webapps\examples] has finished in [442] ms
28-Nov-2023 21:19:18.171 INFO [localhost-startStop-1] org.apache.catalina.startup.HostConfig.deployDirectory Deploying web application directory [C:\Users\will\Desktop\CS157A-team10\apache-tomcat-8.5.93\webapps\host-manager]
28-Nov-2023 21:19:18.371 INFO [localhost-startStop-1] org.apache.jasper.servlet.TldScanner.scanJars At least one JAR was scanned for TLDs yet contained no TLDs. Enable debug logging for this logger for a complete list of JARs that were scanned but no TLDs were found in them. Skipping unneeded JARs during scanning can improve startup time and JSP compilation time.
28-Nov-2023 21:19:18.376 INFO [localhost-startStop-1] org.apache.catalina.startup.HostConfig.deployDirectory Deployment of web application directory [C:\Users\will\Desktop\CS157A-team10\apache-tomcat-8.5.93\webapps\host-manager] has finished in [205] ms
28-Nov-2023 21:19:18.376 INFO [localhost-startStop-1] org.apache.catalina.startup.HostConfig.deployDirectory Deploying web application directory [C:\Users\will\Desktop\CS157A-team10\apache-tomcat-8.5.93\webapps\manager]
28-Nov-2023 21:19:18.572 INFO [localhost-startStop-1] org.apache.jasper.servlet.TldScanner.scanJars At least one JAR was scanned for TLDs yet contained no TLDs. Enable debug logging for this logger for a complete list of JARs that were scanned but no TLDs were found in them. Skipping unneeded JARs during scanning can improve startup time and JSP compilation time.
28-Nov-2023 21:19:18.574 INFO [localhost-startStop-1] org.apache.catalina.startup.HostConfig.deployDirectory Deployment of web application directory [C:\Users\will\Desktop\CS157A-team10\apache-tomcat-8.5.93\webapps\manager] has finished in [198] ms
28-Nov-2023 21:19:18.574 INFO [localhost-startStop-1] org.apache.catalina.startup.HostConfig.deployDirectory Deploying web application directory [C:\Users\will\Desktop\CS157A-team10\apache-tomcat-8.5.93\webapps\ROOT]
28-Nov-2023 21:19:18.763 INFO [localhost-startStop-1] org.apache.jasper.servlet.TldScanner.scanJars At least one JAR was scanned for TLDs yet contained no TLDs. Enable debug logging for this logger for a complete list of JARs that were scanned but no TLDs were found in them. Skipping unneeded JARs during scanning can improve startup time and JSP compilation time.
28-Nov-2023 21:19:18.764 INFO [localhost-startStop-1] org.apache.catalina.startup.HostConfig.deployDirectory Deployment of web application directory [C:\Users\will\Desktop\CS157A-team10\apache-tomcat-8.5.93\webapps\ROOT] has finished in [190] ms
28-Nov-2023 21:19:18.764 INFO [localhost-startStop-1] org.apache.catalina.startup.HostConfig.deployDirectory Deploying web application directory [C:\Users\will\Desktop\CS157A-team10\apache-tomcat-8.5.93\webapps\SOT]
28-Nov-2023 21:19:18.963 INFO [localhost-startStop-1] org.apache.jasper.servlet.TldScanner.scanJars At least one JAR was scanned for TLDs yet contained no TLDs. Enable debug logging for this logger for a complete list of JARs that were scanned but no TLDs were found in them. Skipping unneeded JARs during scanning can improve startup time and JSP compilation time.
28-Nov-2023 21:19:18.965 INFO [localhost-startStop-1] org.apache.catalina.startup.HostConfig.deployDirectory Deployment of web application directory [C:\Users\will\Desktop\CS157A-team10\apache-tomcat-8.5.93\webapps\SOT] has finished in [201] ms
28-Nov-2023 21:19:18.966 INFO [main] org.apache.coyote.AbstractProtocol.start Starting ProtocolHandler ["http-nio-8080"]
28-Nov-2023 21:19:18.994 INFO [main] org.apache.catalina.startup.Catalina.start Server startup in 1735 ms
