25-Nov-2023 18:09:15.975 INFO [main] org.apache.catalina.startup.VersionLoggerListener.log Server version name:   Apache Tomcat/8.5.93
25-Nov-2023 18:09:15.977 INFO [main] org.apache.catalina.startup.VersionLoggerListener.log Server built:          Aug 23 2023 22:43:14 UTC
25-Nov-2023 18:09:15.978 INFO [main] org.apache.catalina.startup.VersionLoggerListener.log Server version number: 8.5.93.0
25-Nov-2023 18:09:15.978 INFO [main] org.apache.catalina.startup.VersionLoggerListener.log OS Name:               Windows 10
25-Nov-2023 18:09:15.978 INFO [main] org.apache.catalina.startup.VersionLoggerListener.log OS Version:            10.0
25-Nov-2023 18:09:15.978 INFO [main] org.apache.catalina.startup.VersionLoggerListener.log Architecture:          amd64
25-Nov-2023 18:09:15.979 INFO [main] org.apache.catalina.startup.VersionLoggerListener.log Java Home:             C:\Program Files\Java\jdk-17
25-Nov-2023 18:09:15.979 INFO [main] org.apache.catalina.startup.VersionLoggerListener.log JVM Version:           17.0.6+9-LTS-190
25-Nov-2023 18:09:15.979 INFO [main] org.apache.catalina.startup.VersionLoggerListener.log JVM Vendor:            Oracle Corporation
25-Nov-2023 18:09:15.979 INFO [main] org.apache.catalina.startup.VersionLoggerListener.log CATALINA_BASE:         C:\Users\will\Desktop\CS157A-team10\apache-tomcat-8.5.93
25-Nov-2023 18:09:15.979 INFO [main] org.apache.catalina.startup.VersionLoggerListener.log CATALINA_HOME:         C:\Users\will\Desktop\CS157A-team10\apache-tomcat-8.5.93
25-Nov-2023 18:09:15.979 INFO [main] org.apache.catalina.startup.VersionLoggerListener.log Command line argument: --add-opens=java.base/java.lang=ALL-UNNAMED
25-Nov-2023 18:09:15.980 INFO [main] org.apache.catalina.startup.VersionLoggerListener.log Command line argument: --add-opens=java.base/java.io=ALL-UNNAMED
25-Nov-2023 18:09:15.980 INFO [main] org.apache.catalina.startup.VersionLoggerListener.log Command line argument: --add-opens=java.base/java.util=ALL-UNNAMED
25-Nov-2023 18:09:15.980 INFO [main] org.apache.catalina.startup.VersionLoggerListener.log Command line argument: --add-opens=java.base/java.util.concurrent=ALL-UNNAMED
25-Nov-2023 18:09:15.980 INFO [main] org.apache.catalina.startup.VersionLoggerListener.log Command line argument: --add-opens=java.rmi/sun.rmi.transport=ALL-UNNAMED
25-Nov-2023 18:09:15.980 INFO [main] org.apache.catalina.startup.VersionLoggerListener.log Command line argument: -Djava.util.logging.config.file=C:\Users\will\Desktop\CS157A-team10\apache-tomcat-8.5.93\conf\logging.properties
25-Nov-2023 18:09:15.981 INFO [main] org.apache.catalina.startup.VersionLoggerListener.log Command line argument: -Djava.util.logging.manager=org.apache.juli.ClassLoaderLogManager
25-Nov-2023 18:09:15.981 INFO [main] org.apache.catalina.startup.VersionLoggerListener.log Command line argument: -Djdk.tls.ephemeralDHKeySize=2048
25-Nov-2023 18:09:15.981 INFO [main] org.apache.catalina.startup.VersionLoggerListener.log Command line argument: -Djava.protocol.handler.pkgs=org.apache.catalina.webresources
25-Nov-2023 18:09:15.982 INFO [main] org.apache.catalina.startup.VersionLoggerListener.log Command line argument: -Dignore.endorsed.dirs=
25-Nov-2023 18:09:15.982 INFO [main] org.apache.catalina.startup.VersionLoggerListener.log Command line argument: -Dcatalina.base=C:\Users\will\Desktop\CS157A-team10\apache-tomcat-8.5.93
25-Nov-2023 18:09:15.982 INFO [main] org.apache.catalina.startup.VersionLoggerListener.log Command line argument: -Dcatalina.home=C:\Users\will\Desktop\CS157A-team10\apache-tomcat-8.5.93
25-Nov-2023 18:09:15.982 INFO [main] org.apache.catalina.startup.VersionLoggerListener.log Command line argument: -Djava.io.tmpdir=C:\Users\will\Desktop\CS157A-team10\apache-tomcat-8.5.93\temp
25-Nov-2023 18:09:15.983 INFO [main] org.apache.catalina.core.AprLifecycleListener.lifecycleEvent Loaded Apache Tomcat Native library [1.2.38] using APR version [1.7.4].
25-Nov-2023 18:09:15.983 INFO [main] org.apache.catalina.core.AprLifecycleListener.lifecycleEvent APR capabilities: IPv6 [true], sendfile [true], accept filters [false], random [true], UDS [{4}].
25-Nov-2023 18:09:15.983 INFO [main] org.apache.catalina.core.AprLifecycleListener.lifecycleEvent APR/OpenSSL configuration: useAprConnector [false], useOpenSSL [true]
25-Nov-2023 18:09:15.986 INFO [main] org.apache.catalina.core.AprLifecycleListener.initializeSSL OpenSSL successfully initialized [OpenSSL 1.1.1v  1 Aug 2023]
25-Nov-2023 18:09:16.302 INFO [main] org.apache.coyote.AbstractProtocol.init Initializing ProtocolHandler ["http-nio-8080"]
25-Nov-2023 18:09:16.515 INFO [main] org.apache.catalina.startup.Catalina.load Initialization processed in 3023 ms
25-Nov-2023 18:09:16.737 INFO [main] org.apache.catalina.core.StandardService.startInternal Starting service [Catalina]
25-Nov-2023 18:09:16.737 INFO [main] org.apache.catalina.core.StandardEngine.startInternal Starting Servlet engine: [Apache Tomcat/8.5.93]
25-Nov-2023 18:09:16.831 INFO [localhost-startStop-1] org.apache.catalina.startup.HostConfig.deployDirectory Deploying web application directory [C:\Users\will\Desktop\CS157A-team10\apache-tomcat-8.5.93\webapps\docs]
25-Nov-2023 18:09:18.693 INFO [localhost-startStop-1] org.apache.jasper.servlet.TldScanner.scanJars At least one JAR was scanned for TLDs yet contained no TLDs. Enable debug logging for this logger for a complete list of JARs that were scanned but no TLDs were found in them. Skipping unneeded JARs during scanning can improve startup time and JSP compilation time.
25-Nov-2023 18:09:19.124 WARNING [localhost-startStop-1] org.apache.catalina.util.SessionIdGeneratorBase.createSecureRandom Creation of SecureRandom instance for session ID generation using [SHA1PRNG] took [421] milliseconds.
25-Nov-2023 18:09:19.136 INFO [localhost-startStop-1] org.apache.catalina.startup.HostConfig.deployDirectory Deployment of web application directory [C:\Users\will\Desktop\CS157A-team10\apache-tomcat-8.5.93\webapps\docs] has finished in [2,305] ms
25-Nov-2023 18:09:19.137 INFO [localhost-startStop-1] org.apache.catalina.startup.HostConfig.deployDirectory Deploying web application directory [C:\Users\will\Desktop\CS157A-team10\apache-tomcat-8.5.93\webapps\examples]
25-Nov-2023 18:09:19.904 INFO [localhost-startStop-1] org.apache.jasper.servlet.TldScanner.scanJars At least one JAR was scanned for TLDs yet contained no TLDs. Enable debug logging for this logger for a complete list of JARs that were scanned but no TLDs were found in them. Skipping unneeded JARs during scanning can improve startup time and JSP compilation time.
25-Nov-2023 18:09:19.937 INFO [localhost-startStop-1] org.apache.catalina.startup.HostConfig.deployDirectory Deployment of web application directory [C:\Users\will\Desktop\CS157A-team10\apache-tomcat-8.5.93\webapps\examples] has finished in [800] ms
25-Nov-2023 18:09:19.937 INFO [localhost-startStop-1] org.apache.catalina.startup.HostConfig.deployDirectory Deploying web application directory [C:\Users\will\Desktop\CS157A-team10\apache-tomcat-8.5.93\webapps\host-manager]
25-Nov-2023 18:09:20.184 INFO [localhost-startStop-1] org.apache.jasper.servlet.TldScanner.scanJars At least one JAR was scanned for TLDs yet contained no TLDs. Enable debug logging for this logger for a complete list of JARs that were scanned but no TLDs were found in them. Skipping unneeded JARs during scanning can improve startup time and JSP compilation time.
25-Nov-2023 18:09:20.201 INFO [localhost-startStop-1] org.apache.catalina.startup.HostConfig.deployDirectory Deployment of web application directory [C:\Users\will\Desktop\CS157A-team10\apache-tomcat-8.5.93\webapps\host-manager] has finished in [264] ms
25-Nov-2023 18:09:20.201 INFO [localhost-startStop-1] org.apache.catalina.startup.HostConfig.deployDirectory Deploying web application directory [C:\Users\will\Desktop\CS157A-team10\apache-tomcat-8.5.93\webapps\manager]
25-Nov-2023 18:09:20.402 INFO [localhost-startStop-1] org.apache.jasper.servlet.TldScanner.scanJars At least one JAR was scanned for TLDs yet contained no TLDs. Enable debug logging for this logger for a complete list of JARs that were scanned but no TLDs were found in them. Skipping unneeded JARs during scanning can improve startup time and JSP compilation time.
25-Nov-2023 18:09:20.404 INFO [localhost-startStop-1] org.apache.catalina.startup.HostConfig.deployDirectory Deployment of web application directory [C:\Users\will\Desktop\CS157A-team10\apache-tomcat-8.5.93\webapps\manager] has finished in [203] ms
25-Nov-2023 18:09:20.405 INFO [localhost-startStop-1] org.apache.catalina.startup.HostConfig.deployDirectory Deploying web application directory [C:\Users\will\Desktop\CS157A-team10\apache-tomcat-8.5.93\webapps\ROOT]
25-Nov-2023 18:09:20.601 INFO [localhost-startStop-1] org.apache.jasper.servlet.TldScanner.scanJars At least one JAR was scanned for TLDs yet contained no TLDs. Enable debug logging for this logger for a complete list of JARs that were scanned but no TLDs were found in them. Skipping unneeded JARs during scanning can improve startup time and JSP compilation time.
25-Nov-2023 18:09:20.603 INFO [localhost-startStop-1] org.apache.catalina.startup.HostConfig.deployDirectory Deployment of web application directory [C:\Users\will\Desktop\CS157A-team10\apache-tomcat-8.5.93\webapps\ROOT] has finished in [198] ms
25-Nov-2023 18:09:20.603 INFO [localhost-startStop-1] org.apache.catalina.startup.HostConfig.deployDirectory Deploying web application directory [C:\Users\will\Desktop\CS157A-team10\apache-tomcat-8.5.93\webapps\SOT]
25-Nov-2023 18:09:20.813 INFO [localhost-startStop-1] org.apache.jasper.servlet.TldScanner.scanJars At least one JAR was scanned for TLDs yet contained no TLDs. Enable debug logging for this logger for a complete list of JARs that were scanned but no TLDs were found in them. Skipping unneeded JARs during scanning can improve startup time and JSP compilation time.
25-Nov-2023 18:09:20.814 INFO [localhost-startStop-1] org.apache.catalina.startup.HostConfig.deployDirectory Deployment of web application directory [C:\Users\will\Desktop\CS157A-team10\apache-tomcat-8.5.93\webapps\SOT] has finished in [211] ms
25-Nov-2023 18:09:20.815 INFO [main] org.apache.coyote.AbstractProtocol.start Starting ProtocolHandler ["http-nio-8080"]
25-Nov-2023 18:09:20.983 INFO [main] org.apache.catalina.startup.Catalina.start Server startup in 4467 ms
