21-Nov-2023 16:41:35.940 INFO [main] org.apache.catalina.startup.VersionLoggerListener.log Server version name:   Apache Tomcat/8.5.93
21-Nov-2023 16:41:35.942 INFO [main] org.apache.catalina.startup.VersionLoggerListener.log Server built:          Aug 23 2023 22:43:14 UTC
21-Nov-2023 16:41:35.942 INFO [main] org.apache.catalina.startup.VersionLoggerListener.log Server version number: 8.5.93.0
21-Nov-2023 16:41:35.942 INFO [main] org.apache.catalina.startup.VersionLoggerListener.log OS Name:               Windows 10
21-Nov-2023 16:41:35.942 INFO [main] org.apache.catalina.startup.VersionLoggerListener.log OS Version:            10.0
21-Nov-2023 16:41:35.942 INFO [main] org.apache.catalina.startup.VersionLoggerListener.log Architecture:          amd64
21-Nov-2023 16:41:35.942 INFO [main] org.apache.catalina.startup.VersionLoggerListener.log Java Home:             C:\Program Files\Java\jdk-17
21-Nov-2023 16:41:35.943 INFO [main] org.apache.catalina.startup.VersionLoggerListener.log JVM Version:           17.0.6+9-LTS-190
21-Nov-2023 16:41:35.943 INFO [main] org.apache.catalina.startup.VersionLoggerListener.log JVM Vendor:            Oracle Corporation
21-Nov-2023 16:41:35.943 INFO [main] org.apache.catalina.startup.VersionLoggerListener.log CATALINA_BASE:         C:\Users\will\Desktop\CS157A-team10\apache-tomcat-8.5.93
21-Nov-2023 16:41:35.943 INFO [main] org.apache.catalina.startup.VersionLoggerListener.log CATALINA_HOME:         C:\Users\will\Desktop\CS157A-team10\apache-tomcat-8.5.93
21-Nov-2023 16:41:35.943 INFO [main] org.apache.catalina.startup.VersionLoggerListener.log Command line argument: --add-opens=java.base/java.lang=ALL-UNNAMED
21-Nov-2023 16:41:35.943 INFO [main] org.apache.catalina.startup.VersionLoggerListener.log Command line argument: --add-opens=java.base/java.io=ALL-UNNAMED
21-Nov-2023 16:41:35.944 INFO [main] org.apache.catalina.startup.VersionLoggerListener.log Command line argument: --add-opens=java.base/java.util=ALL-UNNAMED
21-Nov-2023 16:41:35.944 INFO [main] org.apache.catalina.startup.VersionLoggerListener.log Command line argument: --add-opens=java.base/java.util.concurrent=ALL-UNNAMED
21-Nov-2023 16:41:35.944 INFO [main] org.apache.catalina.startup.VersionLoggerListener.log Command line argument: --add-opens=java.rmi/sun.rmi.transport=ALL-UNNAMED
21-Nov-2023 16:41:35.944 INFO [main] org.apache.catalina.startup.VersionLoggerListener.log Command line argument: -Djava.util.logging.config.file=C:\Users\will\Desktop\CS157A-team10\apache-tomcat-8.5.93\conf\logging.properties
21-Nov-2023 16:41:35.945 INFO [main] org.apache.catalina.startup.VersionLoggerListener.log Command line argument: -Djava.util.logging.manager=org.apache.juli.ClassLoaderLogManager
21-Nov-2023 16:41:35.945 INFO [main] org.apache.catalina.startup.VersionLoggerListener.log Command line argument: -Djdk.tls.ephemeralDHKeySize=2048
21-Nov-2023 16:41:35.945 INFO [main] org.apache.catalina.startup.VersionLoggerListener.log Command line argument: -Djava.protocol.handler.pkgs=org.apache.catalina.webresources
21-Nov-2023 16:41:35.945 INFO [main] org.apache.catalina.startup.VersionLoggerListener.log Command line argument: -Dignore.endorsed.dirs=
21-Nov-2023 16:41:35.945 INFO [main] org.apache.catalina.startup.VersionLoggerListener.log Command line argument: -Dcatalina.base=C:\Users\will\Desktop\CS157A-team10\apache-tomcat-8.5.93
21-Nov-2023 16:41:35.946 INFO [main] org.apache.catalina.startup.VersionLoggerListener.log Command line argument: -Dcatalina.home=C:\Users\will\Desktop\CS157A-team10\apache-tomcat-8.5.93
21-Nov-2023 16:41:35.946 INFO [main] org.apache.catalina.startup.VersionLoggerListener.log Command line argument: -Djava.io.tmpdir=C:\Users\will\Desktop\CS157A-team10\apache-tomcat-8.5.93\temp
21-Nov-2023 16:41:35.946 INFO [main] org.apache.catalina.core.AprLifecycleListener.lifecycleEvent Loaded Apache Tomcat Native library [1.2.38] using APR version [1.7.4].
21-Nov-2023 16:41:35.946 INFO [main] org.apache.catalina.core.AprLifecycleListener.lifecycleEvent APR capabilities: IPv6 [true], sendfile [true], accept filters [false], random [true], UDS [{4}].
21-Nov-2023 16:41:35.946 INFO [main] org.apache.catalina.core.AprLifecycleListener.lifecycleEvent APR/OpenSSL configuration: useAprConnector [false], useOpenSSL [true]
21-Nov-2023 16:41:35.959 INFO [main] org.apache.catalina.core.AprLifecycleListener.initializeSSL OpenSSL successfully initialized [OpenSSL 1.1.1v  1 Aug 2023]
21-Nov-2023 16:41:35.992 INFO [main] org.apache.coyote.AbstractProtocol.init Initializing ProtocolHandler ["http-nio-8080"]
21-Nov-2023 16:41:36.013 INFO [main] org.apache.catalina.startup.Catalina.load Initialization processed in 338 ms
21-Nov-2023 16:41:36.043 INFO [main] org.apache.catalina.core.StandardService.startInternal Starting service [Catalina]
21-Nov-2023 16:41:36.043 INFO [main] org.apache.catalina.core.StandardEngine.startInternal Starting Servlet engine: [Apache Tomcat/8.5.93]
21-Nov-2023 16:41:36.050 INFO [localhost-startStop-1] org.apache.catalina.startup.HostConfig.deployDirectory Deploying web application directory [C:\Users\will\Desktop\CS157A-team10\apache-tomcat-8.5.93\webapps\docs]
21-Nov-2023 16:41:36.424 INFO [localhost-startStop-1] org.apache.jasper.servlet.TldScanner.scanJars At least one JAR was scanned for TLDs yet contained no TLDs. Enable debug logging for this logger for a complete list of JARs that were scanned but no TLDs were found in them. Skipping unneeded JARs during scanning can improve startup time and JSP compilation time.
21-Nov-2023 16:41:36.471 INFO [localhost-startStop-1] org.apache.catalina.startup.HostConfig.deployDirectory Deployment of web application directory [C:\Users\will\Desktop\CS157A-team10\apache-tomcat-8.5.93\webapps\docs] has finished in [420] ms
21-Nov-2023 16:41:36.471 INFO [localhost-startStop-1] org.apache.catalina.startup.HostConfig.deployDirectory Deploying web application directory [C:\Users\will\Desktop\CS157A-team10\apache-tomcat-8.5.93\webapps\examples]
21-Nov-2023 16:41:36.862 INFO [localhost-startStop-1] org.apache.jasper.servlet.TldScanner.scanJars At least one JAR was scanned for TLDs yet contained no TLDs. Enable debug logging for this logger for a complete list of JARs that were scanned but no TLDs were found in them. Skipping unneeded JARs during scanning can improve startup time and JSP compilation time.
21-Nov-2023 16:41:36.897 INFO [localhost-startStop-1] org.apache.catalina.startup.HostConfig.deployDirectory Deployment of web application directory [C:\Users\will\Desktop\CS157A-team10\apache-tomcat-8.5.93\webapps\examples] has finished in [426] ms
21-Nov-2023 16:41:36.897 INFO [localhost-startStop-1] org.apache.catalina.startup.HostConfig.deployDirectory Deploying web application directory [C:\Users\will\Desktop\CS157A-team10\apache-tomcat-8.5.93\webapps\host-manager]
21-Nov-2023 16:41:37.096 INFO [localhost-startStop-1] org.apache.jasper.servlet.TldScanner.scanJars At least one JAR was scanned for TLDs yet contained no TLDs. Enable debug logging for this logger for a complete list of JARs that were scanned but no TLDs were found in them. Skipping unneeded JARs during scanning can improve startup time and JSP compilation time.
21-Nov-2023 16:41:37.101 INFO [localhost-startStop-1] org.apache.catalina.startup.HostConfig.deployDirectory Deployment of web application directory [C:\Users\will\Desktop\CS157A-team10\apache-tomcat-8.5.93\webapps\host-manager] has finished in [204] ms
21-Nov-2023 16:41:37.101 INFO [localhost-startStop-1] org.apache.catalina.startup.HostConfig.deployDirectory Deploying web application directory [C:\Users\will\Desktop\CS157A-team10\apache-tomcat-8.5.93\webapps\manager]
21-Nov-2023 16:41:37.296 INFO [localhost-startStop-1] org.apache.jasper.servlet.TldScanner.scanJars At least one JAR was scanned for TLDs yet contained no TLDs. Enable debug logging for this logger for a complete list of JARs that were scanned but no TLDs were found in them. Skipping unneeded JARs during scanning can improve startup time and JSP compilation time.
21-Nov-2023 16:41:37.298 INFO [localhost-startStop-1] org.apache.catalina.startup.HostConfig.deployDirectory Deployment of web application directory [C:\Users\will\Desktop\CS157A-team10\apache-tomcat-8.5.93\webapps\manager] has finished in [197] ms
21-Nov-2023 16:41:37.298 INFO [localhost-startStop-1] org.apache.catalina.startup.HostConfig.deployDirectory Deploying web application directory [C:\Users\will\Desktop\CS157A-team10\apache-tomcat-8.5.93\webapps\ROOT]
21-Nov-2023 16:41:37.486 INFO [localhost-startStop-1] org.apache.jasper.servlet.TldScanner.scanJars At least one JAR was scanned for TLDs yet contained no TLDs. Enable debug logging for this logger for a complete list of JARs that were scanned but no TLDs were found in them. Skipping unneeded JARs during scanning can improve startup time and JSP compilation time.
21-Nov-2023 16:41:37.488 INFO [localhost-startStop-1] org.apache.catalina.startup.HostConfig.deployDirectory Deployment of web application directory [C:\Users\will\Desktop\CS157A-team10\apache-tomcat-8.5.93\webapps\ROOT] has finished in [190] ms
21-Nov-2023 16:41:37.488 INFO [localhost-startStop-1] org.apache.catalina.startup.HostConfig.deployDirectory Deploying web application directory [C:\Users\will\Desktop\CS157A-team10\apache-tomcat-8.5.93\webapps\SOT]
21-Nov-2023 16:41:37.687 INFO [localhost-startStop-1] org.apache.jasper.servlet.TldScanner.scanJars At least one JAR was scanned for TLDs yet contained no TLDs. Enable debug logging for this logger for a complete list of JARs that were scanned but no TLDs were found in them. Skipping unneeded JARs during scanning can improve startup time and JSP compilation time.
21-Nov-2023 16:41:37.689 INFO [localhost-startStop-1] org.apache.catalina.startup.HostConfig.deployDirectory Deployment of web application directory [C:\Users\will\Desktop\CS157A-team10\apache-tomcat-8.5.93\webapps\SOT] has finished in [201] ms
21-Nov-2023 16:41:37.690 INFO [main] org.apache.coyote.AbstractProtocol.start Starting ProtocolHandler ["http-nio-8080"]
21-Nov-2023 16:41:37.719 INFO [main] org.apache.catalina.startup.Catalina.start Server startup in 1705 ms
