29-Nov-2023 14:43:48.832 INFO [main] org.apache.catalina.startup.VersionLoggerListener.log Server version name:   Apache Tomcat/8.5.93
29-Nov-2023 14:43:48.834 INFO [main] org.apache.catalina.startup.VersionLoggerListener.log Server built:          Aug 23 2023 22:43:14 UTC
29-Nov-2023 14:43:48.834 INFO [main] org.apache.catalina.startup.VersionLoggerListener.log Server version number: 8.5.93.0
29-Nov-2023 14:43:48.834 INFO [main] org.apache.catalina.startup.VersionLoggerListener.log OS Name:               Windows 10
29-Nov-2023 14:43:48.835 INFO [main] org.apache.catalina.startup.VersionLoggerListener.log OS Version:            10.0
29-Nov-2023 14:43:48.835 INFO [main] org.apache.catalina.startup.VersionLoggerListener.log Architecture:          amd64
29-Nov-2023 14:43:48.835 INFO [main] org.apache.catalina.startup.VersionLoggerListener.log Java Home:             C:\Program Files\Java\jdk-17
29-Nov-2023 14:43:48.835 INFO [main] org.apache.catalina.startup.VersionLoggerListener.log JVM Version:           17.0.6+9-LTS-190
29-Nov-2023 14:43:48.835 INFO [main] org.apache.catalina.startup.VersionLoggerListener.log JVM Vendor:            Oracle Corporation
29-Nov-2023 14:43:48.835 INFO [main] org.apache.catalina.startup.VersionLoggerListener.log CATALINA_BASE:         C:\Users\will\Desktop\CS157A-team10\apache-tomcat-8.5.93
29-Nov-2023 14:43:48.835 INFO [main] org.apache.catalina.startup.VersionLoggerListener.log CATALINA_HOME:         C:\Users\will\Desktop\CS157A-team10\apache-tomcat-8.5.93
29-Nov-2023 14:43:48.838 INFO [main] org.apache.catalina.startup.VersionLoggerListener.log Command line argument: --add-opens=java.base/java.lang=ALL-UNNAMED
29-Nov-2023 14:43:48.838 INFO [main] org.apache.catalina.startup.VersionLoggerListener.log Command line argument: --add-opens=java.base/java.io=ALL-UNNAMED
29-Nov-2023 14:43:48.838 INFO [main] org.apache.catalina.startup.VersionLoggerListener.log Command line argument: --add-opens=java.base/java.util=ALL-UNNAMED
29-Nov-2023 14:43:48.838 INFO [main] org.apache.catalina.startup.VersionLoggerListener.log Command line argument: --add-opens=java.base/java.util.concurrent=ALL-UNNAMED
29-Nov-2023 14:43:48.838 INFO [main] org.apache.catalina.startup.VersionLoggerListener.log Command line argument: --add-opens=java.rmi/sun.rmi.transport=ALL-UNNAMED
29-Nov-2023 14:43:48.838 INFO [main] org.apache.catalina.startup.VersionLoggerListener.log Command line argument: -Djava.util.logging.config.file=C:\Users\will\Desktop\CS157A-team10\apache-tomcat-8.5.93\conf\logging.properties
29-Nov-2023 14:43:48.838 INFO [main] org.apache.catalina.startup.VersionLoggerListener.log Command line argument: -Djava.util.logging.manager=org.apache.juli.ClassLoaderLogManager
29-Nov-2023 14:43:48.839 INFO [main] org.apache.catalina.startup.VersionLoggerListener.log Command line argument: -Djdk.tls.ephemeralDHKeySize=2048
29-Nov-2023 14:43:48.839 INFO [main] org.apache.catalina.startup.VersionLoggerListener.log Command line argument: -Djava.protocol.handler.pkgs=org.apache.catalina.webresources
29-Nov-2023 14:43:48.840 INFO [main] org.apache.catalina.startup.VersionLoggerListener.log Command line argument: -Dignore.endorsed.dirs=
29-Nov-2023 14:43:48.840 INFO [main] org.apache.catalina.startup.VersionLoggerListener.log Command line argument: -Dcatalina.base=C:\Users\will\Desktop\CS157A-team10\apache-tomcat-8.5.93
29-Nov-2023 14:43:48.840 INFO [main] org.apache.catalina.startup.VersionLoggerListener.log Command line argument: -Dcatalina.home=C:\Users\will\Desktop\CS157A-team10\apache-tomcat-8.5.93
29-Nov-2023 14:43:48.840 INFO [main] org.apache.catalina.startup.VersionLoggerListener.log Command line argument: -Djava.io.tmpdir=C:\Users\will\Desktop\CS157A-team10\apache-tomcat-8.5.93\temp
29-Nov-2023 14:43:48.840 INFO [main] org.apache.catalina.core.AprLifecycleListener.lifecycleEvent Loaded Apache Tomcat Native library [1.2.38] using APR version [1.7.4].
29-Nov-2023 14:43:48.841 INFO [main] org.apache.catalina.core.AprLifecycleListener.lifecycleEvent APR capabilities: IPv6 [true], sendfile [true], accept filters [false], random [true], UDS [{4}].
29-Nov-2023 14:43:48.841 INFO [main] org.apache.catalina.core.AprLifecycleListener.lifecycleEvent APR/OpenSSL configuration: useAprConnector [false], useOpenSSL [true]
29-Nov-2023 14:43:48.906 INFO [main] org.apache.catalina.core.AprLifecycleListener.initializeSSL OpenSSL successfully initialized [OpenSSL 1.1.1v  1 Aug 2023]
29-Nov-2023 14:43:48.977 INFO [main] org.apache.coyote.AbstractProtocol.init Initializing ProtocolHandler ["http-nio-8080"]
29-Nov-2023 14:43:49.023 INFO [main] org.apache.catalina.startup.Catalina.load Initialization processed in 1119 ms
29-Nov-2023 14:43:49.116 INFO [main] org.apache.catalina.core.StandardService.startInternal Starting service [Catalina]
29-Nov-2023 14:43:49.117 INFO [main] org.apache.catalina.core.StandardEngine.startInternal Starting Servlet engine: [Apache Tomcat/8.5.93]
29-Nov-2023 14:43:49.127 INFO [localhost-startStop-1] org.apache.catalina.startup.HostConfig.deployDirectory Deploying web application directory [C:\Users\will\Desktop\CS157A-team10\apache-tomcat-8.5.93\webapps\docs]
29-Nov-2023 14:43:49.737 INFO [localhost-startStop-1] org.apache.jasper.servlet.TldScanner.scanJars At least one JAR was scanned for TLDs yet contained no TLDs. Enable debug logging for this logger for a complete list of JARs that were scanned but no TLDs were found in them. Skipping unneeded JARs during scanning can improve startup time and JSP compilation time.
29-Nov-2023 14:43:49.826 INFO [localhost-startStop-1] org.apache.catalina.startup.HostConfig.deployDirectory Deployment of web application directory [C:\Users\will\Desktop\CS157A-team10\apache-tomcat-8.5.93\webapps\docs] has finished in [697] ms
29-Nov-2023 14:43:49.826 INFO [localhost-startStop-1] org.apache.catalina.startup.HostConfig.deployDirectory Deploying web application directory [C:\Users\will\Desktop\CS157A-team10\apache-tomcat-8.5.93\webapps\examples]
29-Nov-2023 14:43:50.285 INFO [localhost-startStop-1] org.apache.jasper.servlet.TldScanner.scanJars At least one JAR was scanned for TLDs yet contained no TLDs. Enable debug logging for this logger for a complete list of JARs that were scanned but no TLDs were found in them. Skipping unneeded JARs during scanning can improve startup time and JSP compilation time.
29-Nov-2023 14:43:50.320 INFO [localhost-startStop-1] org.apache.catalina.startup.HostConfig.deployDirectory Deployment of web application directory [C:\Users\will\Desktop\CS157A-team10\apache-tomcat-8.5.93\webapps\examples] has finished in [494] ms
29-Nov-2023 14:43:50.320 INFO [localhost-startStop-1] org.apache.catalina.startup.HostConfig.deployDirectory Deploying web application directory [C:\Users\will\Desktop\CS157A-team10\apache-tomcat-8.5.93\webapps\host-manager]
29-Nov-2023 14:43:50.506 INFO [localhost-startStop-1] org.apache.jasper.servlet.TldScanner.scanJars At least one JAR was scanned for TLDs yet contained no TLDs. Enable debug logging for this logger for a complete list of JARs that were scanned but no TLDs were found in them. Skipping unneeded JARs during scanning can improve startup time and JSP compilation time.
29-Nov-2023 14:43:50.516 INFO [localhost-startStop-1] org.apache.catalina.startup.HostConfig.deployDirectory Deployment of web application directory [C:\Users\will\Desktop\CS157A-team10\apache-tomcat-8.5.93\webapps\host-manager] has finished in [196] ms
29-Nov-2023 14:43:50.516 INFO [localhost-startStop-1] org.apache.catalina.startup.HostConfig.deployDirectory Deploying web application directory [C:\Users\will\Desktop\CS157A-team10\apache-tomcat-8.5.93\webapps\manager]
29-Nov-2023 14:43:50.709 INFO [localhost-startStop-1] org.apache.jasper.servlet.TldScanner.scanJars At least one JAR was scanned for TLDs yet contained no TLDs. Enable debug logging for this logger for a complete list of JARs that were scanned but no TLDs were found in them. Skipping unneeded JARs during scanning can improve startup time and JSP compilation time.
29-Nov-2023 14:43:50.711 INFO [localhost-startStop-1] org.apache.catalina.startup.HostConfig.deployDirectory Deployment of web application directory [C:\Users\will\Desktop\CS157A-team10\apache-tomcat-8.5.93\webapps\manager] has finished in [195] ms
29-Nov-2023 14:43:50.711 INFO [localhost-startStop-1] org.apache.catalina.startup.HostConfig.deployDirectory Deploying web application directory [C:\Users\will\Desktop\CS157A-team10\apache-tomcat-8.5.93\webapps\ROOT]
29-Nov-2023 14:43:50.893 INFO [localhost-startStop-1] org.apache.jasper.servlet.TldScanner.scanJars At least one JAR was scanned for TLDs yet contained no TLDs. Enable debug logging for this logger for a complete list of JARs that were scanned but no TLDs were found in them. Skipping unneeded JARs during scanning can improve startup time and JSP compilation time.
29-Nov-2023 14:43:50.895 INFO [localhost-startStop-1] org.apache.catalina.startup.HostConfig.deployDirectory Deployment of web application directory [C:\Users\will\Desktop\CS157A-team10\apache-tomcat-8.5.93\webapps\ROOT] has finished in [184] ms
29-Nov-2023 14:43:50.895 INFO [localhost-startStop-1] org.apache.catalina.startup.HostConfig.deployDirectory Deploying web application directory [C:\Users\will\Desktop\CS157A-team10\apache-tomcat-8.5.93\webapps\SOT]
29-Nov-2023 14:43:51.091 INFO [localhost-startStop-1] org.apache.jasper.servlet.TldScanner.scanJars At least one JAR was scanned for TLDs yet contained no TLDs. Enable debug logging for this logger for a complete list of JARs that were scanned but no TLDs were found in them. Skipping unneeded JARs during scanning can improve startup time and JSP compilation time.
29-Nov-2023 14:43:51.093 INFO [localhost-startStop-1] org.apache.catalina.startup.HostConfig.deployDirectory Deployment of web application directory [C:\Users\will\Desktop\CS157A-team10\apache-tomcat-8.5.93\webapps\SOT] has finished in [198] ms
29-Nov-2023 14:43:51.094 INFO [main] org.apache.coyote.AbstractProtocol.start Starting ProtocolHandler ["http-nio-8080"]
29-Nov-2023 14:43:51.144 INFO [main] org.apache.catalina.startup.Catalina.start Server startup in 2120 ms
29-Nov-2023 15:33:38.925 WARNING [http-nio-8080-exec-4] org.apache.catalina.webresources.AbstractFileResourceSet.logIgnoredSymlink Resource for web application [/SOT] at path [/...] was not loaded as the canonical path [/] did not match. Use of symlinks is one possible cause.
29-Nov-2023 15:34:12.824 WARNING [http-nio-8080-exec-3] org.apache.catalina.webresources.AbstractFileResourceSet.logIgnoredSymlink Resource for web application [/SOT] at path [/...] was not loaded as the canonical path [/] did not match. Use of symlinks is one possible cause.
29-Nov-2023 15:35:58.359 WARNING [http-nio-8080-exec-9] org.apache.catalina.webresources.AbstractFileResourceSet.logIgnoredSymlink Resource for web application [/SOT] at path [/...] was not loaded as the canonical path [/] did not match. Use of symlinks is one possible cause.
29-Nov-2023 15:55:37.767 WARNING [http-nio-8080-exec-6] org.apache.catalina.webresources.AbstractFileResourceSet.logIgnoredSymlink Resource for web application [/SOT] at path [/...] was not loaded as the canonical path [/] did not match. Use of symlinks is one possible cause.
29-Nov-2023 15:55:56.666 WARNING [http-nio-8080-exec-7] org.apache.catalina.webresources.AbstractFileResourceSet.logIgnoredSymlink Resource for web application [/SOT] at path [/...] was not loaded as the canonical path [/] did not match. Use of symlinks is one possible cause.
29-Nov-2023 15:56:28.091 WARNING [http-nio-8080-exec-1] org.apache.catalina.webresources.AbstractFileResourceSet.logIgnoredSymlink Resource for web application [/SOT] at path [/...] was not loaded as the canonical path [/] did not match. Use of symlinks is one possible cause.
29-Nov-2023 15:56:47.426 WARNING [http-nio-8080-exec-3] org.apache.catalina.webresources.AbstractFileResourceSet.logIgnoredSymlink Resource for web application [/SOT] at path [/...] was not loaded as the canonical path [/] did not match. Use of symlinks is one possible cause.
29-Nov-2023 16:02:53.631 WARNING [http-nio-8080-exec-6] org.apache.catalina.webresources.AbstractFileResourceSet.logIgnoredSymlink Resource for web application [/SOT] at path [/...] was not loaded as the canonical path [/] did not match. Use of symlinks is one possible cause.
29-Nov-2023 16:03:21.861 WARNING [http-nio-8080-exec-9] org.apache.catalina.webresources.AbstractFileResourceSet.logIgnoredSymlink Resource for web application [/SOT] at path [/...] was not loaded as the canonical path [/] did not match. Use of symlinks is one possible cause.
29-Nov-2023 16:03:27.281 WARNING [http-nio-8080-exec-1] org.apache.catalina.webresources.AbstractFileResourceSet.logIgnoredSymlink Resource for web application [/SOT] at path [/...] was not loaded as the canonical path [/] did not match. Use of symlinks is one possible cause.
29-Nov-2023 16:05:15.392 WARNING [http-nio-8080-exec-1] org.apache.catalina.webresources.AbstractFileResourceSet.logIgnoredSymlink Resource for web application [/SOT] at path [/...] was not loaded as the canonical path [/] did not match. Use of symlinks is one possible cause.
29-Nov-2023 16:05:23.363 WARNING [http-nio-8080-exec-2] org.apache.catalina.webresources.AbstractFileResourceSet.logIgnoredSymlink Resource for web application [/SOT] at path [/...] was not loaded as the canonical path [/] did not match. Use of symlinks is one possible cause.
29-Nov-2023 16:08:49.429 WARNING [http-nio-8080-exec-4] org.apache.catalina.webresources.AbstractFileResourceSet.logIgnoredSymlink Resource for web application [/SOT] at path [/...] was not loaded as the canonical path [/] did not match. Use of symlinks is one possible cause.
29-Nov-2023 16:09:08.954 WARNING [http-nio-8080-exec-8] org.apache.catalina.webresources.AbstractFileResourceSet.logIgnoredSymlink Resource for web application [/SOT] at path [/...] was not loaded as the canonical path [/] did not match. Use of symlinks is one possible cause.
29-Nov-2023 16:09:29.890 WARNING [http-nio-8080-exec-3] org.apache.catalina.webresources.AbstractFileResourceSet.logIgnoredSymlink Resource for web application [/SOT] at path [/...] was not loaded as the canonical path [/] did not match. Use of symlinks is one possible cause.
29-Nov-2023 16:09:54.008 WARNING [http-nio-8080-exec-6] org.apache.catalina.webresources.AbstractFileResourceSet.logIgnoredSymlink Resource for web application [/SOT] at path [/...] was not loaded as the canonical path [/] did not match. Use of symlinks is one possible cause.
29-Nov-2023 16:11:17.114 WARNING [http-nio-8080-exec-9] org.apache.catalina.webresources.AbstractFileResourceSet.logIgnoredSymlink Resource for web application [/SOT] at path [/...] was not loaded as the canonical path [/] did not match. Use of symlinks is one possible cause.
29-Nov-2023 18:12:54.661 INFO [main] org.apache.catalina.startup.VersionLoggerListener.log Server version name:   Apache Tomcat/8.5.93
29-Nov-2023 18:12:54.663 INFO [main] org.apache.catalina.startup.VersionLoggerListener.log Server built:          Aug 23 2023 22:43:14 UTC
29-Nov-2023 18:12:54.663 INFO [main] org.apache.catalina.startup.VersionLoggerListener.log Server version number: 8.5.93.0
29-Nov-2023 18:12:54.663 INFO [main] org.apache.catalina.startup.VersionLoggerListener.log OS Name:               Windows 10
29-Nov-2023 18:12:54.663 INFO [main] org.apache.catalina.startup.VersionLoggerListener.log OS Version:            10.0
29-Nov-2023 18:12:54.663 INFO [main] org.apache.catalina.startup.VersionLoggerListener.log Architecture:          amd64
29-Nov-2023 18:12:54.663 INFO [main] org.apache.catalina.startup.VersionLoggerListener.log Java Home:             C:\Program Files\Java\jdk-17
29-Nov-2023 18:12:54.663 INFO [main] org.apache.catalina.startup.VersionLoggerListener.log JVM Version:           17.0.6+9-LTS-190
29-Nov-2023 18:12:54.663 INFO [main] org.apache.catalina.startup.VersionLoggerListener.log JVM Vendor:            Oracle Corporation
29-Nov-2023 18:12:54.663 INFO [main] org.apache.catalina.startup.VersionLoggerListener.log CATALINA_BASE:         C:\Users\will\Desktop\CS157A-team10\apache-tomcat-8.5.93
29-Nov-2023 18:12:54.663 INFO [main] org.apache.catalina.startup.VersionLoggerListener.log CATALINA_HOME:         C:\Users\will\Desktop\CS157A-team10\apache-tomcat-8.5.93
29-Nov-2023 18:12:54.664 INFO [main] org.apache.catalina.startup.VersionLoggerListener.log Command line argument: --add-opens=java.base/java.lang=ALL-UNNAMED
29-Nov-2023 18:12:54.664 INFO [main] org.apache.catalina.startup.VersionLoggerListener.log Command line argument: --add-opens=java.base/java.io=ALL-UNNAMED
29-Nov-2023 18:12:54.664 INFO [main] org.apache.catalina.startup.VersionLoggerListener.log Command line argument: --add-opens=java.base/java.util=ALL-UNNAMED
29-Nov-2023 18:12:54.664 INFO [main] org.apache.catalina.startup.VersionLoggerListener.log Command line argument: --add-opens=java.base/java.util.concurrent=ALL-UNNAMED
29-Nov-2023 18:12:54.664 INFO [main] org.apache.catalina.startup.VersionLoggerListener.log Command line argument: --add-opens=java.rmi/sun.rmi.transport=ALL-UNNAMED
29-Nov-2023 18:12:54.665 INFO [main] org.apache.catalina.startup.VersionLoggerListener.log Command line argument: -Djava.util.logging.config.file=C:\Users\will\Desktop\CS157A-team10\apache-tomcat-8.5.93\conf\logging.properties
29-Nov-2023 18:12:54.665 INFO [main] org.apache.catalina.startup.VersionLoggerListener.log Command line argument: -Djava.util.logging.manager=org.apache.juli.ClassLoaderLogManager
29-Nov-2023 18:12:54.665 INFO [main] org.apache.catalina.startup.VersionLoggerListener.log Command line argument: -Djdk.tls.ephemeralDHKeySize=2048
29-Nov-2023 18:12:54.665 INFO [main] org.apache.catalina.startup.VersionLoggerListener.log Command line argument: -Djava.protocol.handler.pkgs=org.apache.catalina.webresources
29-Nov-2023 18:12:54.665 INFO [main] org.apache.catalina.startup.VersionLoggerListener.log Command line argument: -Dignore.endorsed.dirs=
29-Nov-2023 18:12:54.666 INFO [main] org.apache.catalina.startup.VersionLoggerListener.log Command line argument: -Dcatalina.base=C:\Users\will\Desktop\CS157A-team10\apache-tomcat-8.5.93
29-Nov-2023 18:12:54.666 INFO [main] org.apache.catalina.startup.VersionLoggerListener.log Command line argument: -Dcatalina.home=C:\Users\will\Desktop\CS157A-team10\apache-tomcat-8.5.93
29-Nov-2023 18:12:54.666 INFO [main] org.apache.catalina.startup.VersionLoggerListener.log Command line argument: -Djava.io.tmpdir=C:\Users\will\Desktop\CS157A-team10\apache-tomcat-8.5.93\temp
29-Nov-2023 18:12:54.666 INFO [main] org.apache.catalina.core.AprLifecycleListener.lifecycleEvent Loaded Apache Tomcat Native library [1.2.38] using APR version [1.7.4].
29-Nov-2023 18:12:54.666 INFO [main] org.apache.catalina.core.AprLifecycleListener.lifecycleEvent APR capabilities: IPv6 [true], sendfile [true], accept filters [false], random [true], UDS [{4}].
29-Nov-2023 18:12:54.667 INFO [main] org.apache.catalina.core.AprLifecycleListener.lifecycleEvent APR/OpenSSL configuration: useAprConnector [false], useOpenSSL [true]
29-Nov-2023 18:12:54.669 INFO [main] org.apache.catalina.core.AprLifecycleListener.initializeSSL OpenSSL successfully initialized [OpenSSL 1.1.1v  1 Aug 2023]
29-Nov-2023 18:12:54.701 INFO [main] org.apache.coyote.AbstractProtocol.init Initializing ProtocolHandler ["http-nio-8080"]
29-Nov-2023 18:12:54.714 INFO [main] org.apache.catalina.startup.Catalina.load Initialization processed in 244 ms
29-Nov-2023 18:12:54.744 INFO [main] org.apache.catalina.core.StandardService.startInternal Starting service [Catalina]
29-Nov-2023 18:12:54.744 INFO [main] org.apache.catalina.core.StandardEngine.startInternal Starting Servlet engine: [Apache Tomcat/8.5.93]
29-Nov-2023 18:12:54.749 INFO [localhost-startStop-1] org.apache.catalina.startup.HostConfig.deployDirectory Deploying web application directory [C:\Users\will\Desktop\CS157A-team10\apache-tomcat-8.5.93\webapps\docs]
29-Nov-2023 18:12:55.088 INFO [localhost-startStop-1] org.apache.jasper.servlet.TldScanner.scanJars At least one JAR was scanned for TLDs yet contained no TLDs. Enable debug logging for this logger for a complete list of JARs that were scanned but no TLDs were found in them. Skipping unneeded JARs during scanning can improve startup time and JSP compilation time.
29-Nov-2023 18:12:55.128 INFO [localhost-startStop-1] org.apache.catalina.startup.HostConfig.deployDirectory Deployment of web application directory [C:\Users\will\Desktop\CS157A-team10\apache-tomcat-8.5.93\webapps\docs] has finished in [379] ms
29-Nov-2023 18:12:55.128 INFO [localhost-startStop-1] org.apache.catalina.startup.HostConfig.deployDirectory Deploying web application directory [C:\Users\will\Desktop\CS157A-team10\apache-tomcat-8.5.93\webapps\examples]
29-Nov-2023 18:12:55.495 INFO [localhost-startStop-1] org.apache.jasper.servlet.TldScanner.scanJars At least one JAR was scanned for TLDs yet contained no TLDs. Enable debug logging for this logger for a complete list of JARs that were scanned but no TLDs were found in them. Skipping unneeded JARs during scanning can improve startup time and JSP compilation time.
29-Nov-2023 18:12:55.527 INFO [localhost-startStop-1] org.apache.catalina.startup.HostConfig.deployDirectory Deployment of web application directory [C:\Users\will\Desktop\CS157A-team10\apache-tomcat-8.5.93\webapps\examples] has finished in [399] ms
29-Nov-2023 18:12:55.528 INFO [localhost-startStop-1] org.apache.catalina.startup.HostConfig.deployDirectory Deploying web application directory [C:\Users\will\Desktop\CS157A-team10\apache-tomcat-8.5.93\webapps\host-manager]
29-Nov-2023 18:12:55.724 INFO [localhost-startStop-1] org.apache.jasper.servlet.TldScanner.scanJars At least one JAR was scanned for TLDs yet contained no TLDs. Enable debug logging for this logger for a complete list of JARs that were scanned but no TLDs were found in them. Skipping unneeded JARs during scanning can improve startup time and JSP compilation time.
29-Nov-2023 18:12:55.728 INFO [localhost-startStop-1] org.apache.catalina.startup.HostConfig.deployDirectory Deployment of web application directory [C:\Users\will\Desktop\CS157A-team10\apache-tomcat-8.5.93\webapps\host-manager] has finished in [200] ms
29-Nov-2023 18:12:55.728 INFO [localhost-startStop-1] org.apache.catalina.startup.HostConfig.deployDirectory Deploying web application directory [C:\Users\will\Desktop\CS157A-team10\apache-tomcat-8.5.93\webapps\manager]
29-Nov-2023 18:12:55.921 INFO [localhost-startStop-1] org.apache.jasper.servlet.TldScanner.scanJars At least one JAR was scanned for TLDs yet contained no TLDs. Enable debug logging for this logger for a complete list of JARs that were scanned but no TLDs were found in them. Skipping unneeded JARs during scanning can improve startup time and JSP compilation time.
29-Nov-2023 18:12:55.923 INFO [localhost-startStop-1] org.apache.catalina.startup.HostConfig.deployDirectory Deployment of web application directory [C:\Users\will\Desktop\CS157A-team10\apache-tomcat-8.5.93\webapps\manager] has finished in [195] ms
29-Nov-2023 18:12:55.924 INFO [localhost-startStop-1] org.apache.catalina.startup.HostConfig.deployDirectory Deploying web application directory [C:\Users\will\Desktop\CS157A-team10\apache-tomcat-8.5.93\webapps\ROOT]
29-Nov-2023 18:12:56.107 INFO [localhost-startStop-1] org.apache.jasper.servlet.TldScanner.scanJars At least one JAR was scanned for TLDs yet contained no TLDs. Enable debug logging for this logger for a complete list of JARs that were scanned but no TLDs were found in them. Skipping unneeded JARs during scanning can improve startup time and JSP compilation time.
29-Nov-2023 18:12:56.108 INFO [localhost-startStop-1] org.apache.catalina.startup.HostConfig.deployDirectory Deployment of web application directory [C:\Users\will\Desktop\CS157A-team10\apache-tomcat-8.5.93\webapps\ROOT] has finished in [184] ms
29-Nov-2023 18:12:56.109 INFO [localhost-startStop-1] org.apache.catalina.startup.HostConfig.deployDirectory Deploying web application directory [C:\Users\will\Desktop\CS157A-team10\apache-tomcat-8.5.93\webapps\SOT]
29-Nov-2023 18:12:56.306 INFO [localhost-startStop-1] org.apache.jasper.servlet.TldScanner.scanJars At least one JAR was scanned for TLDs yet contained no TLDs. Enable debug logging for this logger for a complete list of JARs that were scanned but no TLDs were found in them. Skipping unneeded JARs during scanning can improve startup time and JSP compilation time.
29-Nov-2023 18:12:56.307 INFO [localhost-startStop-1] org.apache.catalina.startup.HostConfig.deployDirectory Deployment of web application directory [C:\Users\will\Desktop\CS157A-team10\apache-tomcat-8.5.93\webapps\SOT] has finished in [199] ms
29-Nov-2023 18:12:56.309 INFO [main] org.apache.coyote.AbstractProtocol.start Starting ProtocolHandler ["http-nio-8080"]
29-Nov-2023 18:12:56.333 INFO [main] org.apache.catalina.startup.Catalina.start Server startup in 1617 ms
