NOTE: Picked up JDK_JAVA_OPTIONS:  --add-opens=java.base/java.lang=ALL-UNNAMED --add-opens=java.base/java.io=ALL-UNNAMED --add-opens=java.base/java.util=ALL-UNNAMED --add-opens=java.base/java.util.concurrent=ALL-UNNAMED --add-opens=java.rmi/sun.rmi.transport=ALL-UNNAMED
17-Oct-2023 16:01:11.276 INFO [main] org.apache.catalina.startup.VersionLoggerListener.log Server version name:   Apache Tomcat/8.5.93
17-Oct-2023 16:01:11.278 INFO [main] org.apache.catalina.startup.VersionLoggerListener.log Server built:          Aug 23 2023 22:43:14 UTC
17-Oct-2023 16:01:11.278 INFO [main] org.apache.catalina.startup.VersionLoggerListener.log Server version number: 8.5.93.0
17-Oct-2023 16:01:11.278 INFO [main] org.apache.catalina.startup.VersionLoggerListener.log OS Name:               Mac OS X
17-Oct-2023 16:01:11.278 INFO [main] org.apache.catalina.startup.VersionLoggerListener.log OS Version:            13.5.2
17-Oct-2023 16:01:11.278 INFO [main] org.apache.catalina.startup.VersionLoggerListener.log Architecture:          aarch64
17-Oct-2023 16:01:11.278 INFO [main] org.apache.catalina.startup.VersionLoggerListener.log Java Home:             /Library/Java/JavaVirtualMachines/jdk-18.0.2.1.jdk/Contents/Home
17-Oct-2023 16:01:11.278 INFO [main] org.apache.catalina.startup.VersionLoggerListener.log JVM Version:           18.0.2.1+1-1
17-Oct-2023 16:01:11.278 INFO [main] org.apache.catalina.startup.VersionLoggerListener.log JVM Vendor:            Oracle Corporation
17-Oct-2023 16:01:11.278 INFO [main] org.apache.catalina.startup.VersionLoggerListener.log CATALINA_BASE:         /Users/cross/Documents/CodeProjects/CS157A-team10/apache-tomcat-8.5.93
17-Oct-2023 16:01:11.278 INFO [main] org.apache.catalina.startup.VersionLoggerListener.log CATALINA_HOME:         /Users/cross/Documents/CodeProjects/CS157A-team10/apache-tomcat-8.5.93
17-Oct-2023 16:01:11.279 INFO [main] org.apache.catalina.startup.VersionLoggerListener.log Command line argument: --add-opens=java.base/java.lang=ALL-UNNAMED
17-Oct-2023 16:01:11.279 INFO [main] org.apache.catalina.startup.VersionLoggerListener.log Command line argument: --add-opens=java.base/java.io=ALL-UNNAMED
17-Oct-2023 16:01:11.279 INFO [main] org.apache.catalina.startup.VersionLoggerListener.log Command line argument: --add-opens=java.base/java.util=ALL-UNNAMED
17-Oct-2023 16:01:11.279 INFO [main] org.apache.catalina.startup.VersionLoggerListener.log Command line argument: --add-opens=java.base/java.util.concurrent=ALL-UNNAMED
17-Oct-2023 16:01:11.279 INFO [main] org.apache.catalina.startup.VersionLoggerListener.log Command line argument: --add-opens=java.rmi/sun.rmi.transport=ALL-UNNAMED
17-Oct-2023 16:01:11.279 INFO [main] org.apache.catalina.startup.VersionLoggerListener.log Command line argument: -Djava.util.logging.config.file=/Users/cross/Documents/CodeProjects/CS157A-team10/apache-tomcat-8.5.93/conf/logging.properties
17-Oct-2023 16:01:11.279 INFO [main] org.apache.catalina.startup.VersionLoggerListener.log Command line argument: -Djava.util.logging.manager=org.apache.juli.ClassLoaderLogManager
17-Oct-2023 16:01:11.279 INFO [main] org.apache.catalina.startup.VersionLoggerListener.log Command line argument: -Djdk.tls.ephemeralDHKeySize=2048
17-Oct-2023 16:01:11.279 INFO [main] org.apache.catalina.startup.VersionLoggerListener.log Command line argument: -Djava.protocol.handler.pkgs=org.apache.catalina.webresources
17-Oct-2023 16:01:11.280 INFO [main] org.apache.catalina.startup.VersionLoggerListener.log Command line argument: -Dorg.apache.catalina.security.SecurityListener.UMASK=0027
17-Oct-2023 16:01:11.280 INFO [main] org.apache.catalina.startup.VersionLoggerListener.log Command line argument: -Dignore.endorsed.dirs=
17-Oct-2023 16:01:11.280 INFO [main] org.apache.catalina.startup.VersionLoggerListener.log Command line argument: -Dcatalina.base=/Users/cross/Documents/CodeProjects/CS157A-team10/apache-tomcat-8.5.93
17-Oct-2023 16:01:11.280 INFO [main] org.apache.catalina.startup.VersionLoggerListener.log Command line argument: -Dcatalina.home=/Users/cross/Documents/CodeProjects/CS157A-team10/apache-tomcat-8.5.93
17-Oct-2023 16:01:11.280 INFO [main] org.apache.catalina.startup.VersionLoggerListener.log Command line argument: -Djava.io.tmpdir=/Users/cross/Documents/CodeProjects/CS157A-team10/apache-tomcat-8.5.93/temp
17-Oct-2023 16:01:11.280 INFO [main] org.apache.catalina.core.AprLifecycleListener.lifecycleEvent The Apache Tomcat Native library which allows using OpenSSL was not found on the java.library.path: [/Users/cross/Library/Java/Extensions:/Library/Java/Extensions:/Network/Library/Java/Extensions:/System/Library/Java/Extensions:/usr/lib/java:.]
17-Oct-2023 16:01:11.304 INFO [main] org.apache.coyote.AbstractProtocol.init Initializing ProtocolHandler ["http-nio-8080"]
17-Oct-2023 16:01:11.325 INFO [main] org.apache.catalina.startup.Catalina.load Initialization processed in 270 ms
17-Oct-2023 16:01:11.344 INFO [main] org.apache.catalina.core.StandardService.startInternal Starting service [Catalina]
17-Oct-2023 16:01:11.344 INFO [main] org.apache.catalina.core.StandardEngine.startInternal Starting Servlet engine: [Apache Tomcat/8.5.93]
17-Oct-2023 16:01:11.347 INFO [localhost-startStop-1] org.apache.catalina.startup.HostConfig.deployDirectory Deploying web application directory [/Users/cross/Documents/CodeProjects/CS157A-team10/apache-tomcat-8.5.93/webapps/docs]
17-Oct-2023 16:01:11.633 INFO [localhost-startStop-1] org.apache.jasper.servlet.TldScanner.scanJars At least one JAR was scanned for TLDs yet contained no TLDs. Enable debug logging for this logger for a complete list of JARs that were scanned but no TLDs were found in them. Skipping unneeded JARs during scanning can improve startup time and JSP compilation time.
17-Oct-2023 16:01:11.651 INFO [localhost-startStop-1] org.apache.catalina.startup.HostConfig.deployDirectory Deployment of web application directory [/Users/cross/Documents/CodeProjects/CS157A-team10/apache-tomcat-8.5.93/webapps/docs] has finished in [304] ms
17-Oct-2023 16:01:11.652 INFO [localhost-startStop-1] org.apache.catalina.startup.HostConfig.deployDirectory Deploying web application directory [/Users/cross/Documents/CodeProjects/CS157A-team10/apache-tomcat-8.5.93/webapps/manager]
17-Oct-2023 16:01:11.794 INFO [localhost-startStop-1] org.apache.jasper.servlet.TldScanner.scanJars At least one JAR was scanned for TLDs yet contained no TLDs. Enable debug logging for this logger for a complete list of JARs that were scanned but no TLDs were found in them. Skipping unneeded JARs during scanning can improve startup time and JSP compilation time.
17-Oct-2023 16:01:11.799 INFO [localhost-startStop-1] org.apache.catalina.startup.HostConfig.deployDirectory Deployment of web application directory [/Users/cross/Documents/CodeProjects/CS157A-team10/apache-tomcat-8.5.93/webapps/manager] has finished in [147] ms
17-Oct-2023 16:01:11.799 INFO [localhost-startStop-1] org.apache.catalina.startup.HostConfig.deployDirectory Deploying web application directory [/Users/cross/Documents/CodeProjects/CS157A-team10/apache-tomcat-8.5.93/webapps/examples]
17-Oct-2023 16:01:12.008 INFO [localhost-startStop-1] org.apache.jasper.servlet.TldScanner.scanJars At least one JAR was scanned for TLDs yet contained no TLDs. Enable debug logging for this logger for a complete list of JARs that were scanned but no TLDs were found in them. Skipping unneeded JARs during scanning can improve startup time and JSP compilation time.
17-Oct-2023 16:01:12.015 INFO [localhost-startStop-1] org.apache.catalina.startup.HostConfig.deployDirectory Deployment of web application directory [/Users/cross/Documents/CodeProjects/CS157A-team10/apache-tomcat-8.5.93/webapps/examples] has finished in [216] ms
17-Oct-2023 16:01:12.015 INFO [localhost-startStop-1] org.apache.catalina.startup.HostConfig.deployDirectory Deploying web application directory [/Users/cross/Documents/CodeProjects/CS157A-team10/apache-tomcat-8.5.93/webapps/ROOT]
17-Oct-2023 16:01:12.150 INFO [localhost-startStop-1] org.apache.jasper.servlet.TldScanner.scanJars At least one JAR was scanned for TLDs yet contained no TLDs. Enable debug logging for this logger for a complete list of JARs that were scanned but no TLDs were found in them. Skipping unneeded JARs during scanning can improve startup time and JSP compilation time.
17-Oct-2023 16:01:12.151 INFO [localhost-startStop-1] org.apache.catalina.startup.HostConfig.deployDirectory Deployment of web application directory [/Users/cross/Documents/CodeProjects/CS157A-team10/apache-tomcat-8.5.93/webapps/ROOT] has finished in [136] ms
17-Oct-2023 16:01:12.151 INFO [localhost-startStop-1] org.apache.catalina.startup.HostConfig.deployDirectory Deploying web application directory [/Users/cross/Documents/CodeProjects/CS157A-team10/apache-tomcat-8.5.93/webapps/SOT]
17-Oct-2023 16:01:12.276 INFO [localhost-startStop-1] org.apache.jasper.servlet.TldScanner.scanJars At least one JAR was scanned for TLDs yet contained no TLDs. Enable debug logging for this logger for a complete list of JARs that were scanned but no TLDs were found in them. Skipping unneeded JARs during scanning can improve startup time and JSP compilation time.
17-Oct-2023 16:01:12.277 INFO [localhost-startStop-1] org.apache.catalina.startup.HostConfig.deployDirectory Deployment of web application directory [/Users/cross/Documents/CodeProjects/CS157A-team10/apache-tomcat-8.5.93/webapps/SOT] has finished in [126] ms
17-Oct-2023 16:01:12.277 INFO [localhost-startStop-1] org.apache.catalina.startup.HostConfig.deployDirectory Deploying web application directory [/Users/cross/Documents/CodeProjects/CS157A-team10/apache-tomcat-8.5.93/webapps/host-manager]
17-Oct-2023 16:01:12.408 INFO [localhost-startStop-1] org.apache.jasper.servlet.TldScanner.scanJars At least one JAR was scanned for TLDs yet contained no TLDs. Enable debug logging for this logger for a complete list of JARs that were scanned but no TLDs were found in them. Skipping unneeded JARs during scanning can improve startup time and JSP compilation time.
17-Oct-2023 16:01:12.409 INFO [localhost-startStop-1] org.apache.catalina.startup.HostConfig.deployDirectory Deployment of web application directory [/Users/cross/Documents/CodeProjects/CS157A-team10/apache-tomcat-8.5.93/webapps/host-manager] has finished in [132] ms
17-Oct-2023 16:01:12.410 INFO [main] org.apache.coyote.AbstractProtocol.start Starting ProtocolHandler ["http-nio-8080"]
17-Oct-2023 16:01:12.417 INFO [main] org.apache.catalina.startup.Catalina.start Server startup in 1091 ms
Loading class `com.mysql.jdbc.Driver'. This is deprecated. The new driver class is `com.mysql.cj.jdbc.Driver'. The driver is automatically registered via the SPI and manual loading of the driver class is generally unnecessary.
