30-Nov-2023 00:18:33.788 INFO [localhost-startStop-1] org.apache.catalina.core.ApplicationContext.log ContextListener: contextInitialized()
30-Nov-2023 00:18:33.788 INFO [localhost-startStop-1] org.apache.catalina.core.ApplicationContext.log SessionListener: contextInitialized()
30-Nov-2023 00:18:33.790 INFO [localhost-startStop-1] org.apache.catalina.core.ApplicationContext.log ContextListener: attributeAdded('StockTicker', 'async.Stockticker@24ca83dd')
30-Nov-2023 00:20:37.215 INFO [localhost-startStop-1] org.apache.catalina.core.ApplicationContext.log ContextListener: contextInitialized()
30-Nov-2023 00:20:37.215 INFO [localhost-startStop-1] org.apache.catalina.core.ApplicationContext.log SessionListener: contextInitialized()
30-Nov-2023 00:20:37.217 INFO [localhost-startStop-1] org.apache.catalina.core.ApplicationContext.log ContextListener: attributeAdded('StockTicker', 'async.Stockticker@14991443')
30-Nov-2023 00:23:01.942 INFO [localhost-startStop-1] org.apache.catalina.core.ApplicationContext.log ContextListener: contextInitialized()
30-Nov-2023 00:23:01.942 INFO [localhost-startStop-1] org.apache.catalina.core.ApplicationContext.log SessionListener: contextInitialized()
30-Nov-2023 00:23:01.943 INFO [localhost-startStop-1] org.apache.catalina.core.ApplicationContext.log ContextListener: attributeAdded('StockTicker', 'async.Stockticker@14991443')
30-Nov-2023 00:26:04.910 SEVERE [http-nio-8080-exec-5] org.apache.catalina.core.StandardWrapperValve.invoke Servlet.service() for servlet [jsp] in context with path [/SOT] threw exception [Unable to compile class for JSP: 

An error occurred at line: [24] in the jsp file: [/view_team.jsp]
Syntax error, insert ">" to complete ReferenceType1
21:         String user = props.getProperty("db.username");
22:         String password = props.getProperty("db.password");
23:         Connection con = null;
24:         <svg xmlns="http://www.w3.org/2000/svg" width="16" height="16" fill="currentColor" class="bi bi-arrow-return-left" viewBox="0 0 16 16">
25:         <path fill-rule="evenodd" d="M14.5 1.5a.5.5 0 0 1 .5.5v4.8a2.5 2.5 0 0 1-2.5 2.5H2.707l3.347 3.346a.5.5 0 0 1-.708.708l-4.2-4.2a.5.5 0 0 1 0-.708l4-4a.5.5 0 1 1 .708.708L2.707 8.3H12.5A1.5 1.5 0 0 0 14 6.8V2a.5.5 0 0 1 .5-.5"/>
26:         </svg>
27:         try {


An error occurred at line: [24] in the jsp file: [/view_team.jsp]
Syntax error, insert "super ( ) ;" to complete Statement
21:         String user = props.getProperty("db.username");
22:         String password = props.getProperty("db.password");
23:         Connection con = null;
24:         <svg xmlns="http://www.w3.org/2000/svg" width="16" height="16" fill="currentColor" class="bi bi-arrow-return-left" viewBox="0 0 16 16">
25:         <path fill-rule="evenodd" d="M14.5 1.5a.5.5 0 0 1 .5.5v4.8a2.5 2.5 0 0 1-2.5 2.5H2.707l3.347 3.346a.5.5 0 0 1-.708.708l-4.2-4.2a.5.5 0 0 1 0-.708l4-4a.5.5 0 1 1 .708.708L2.707 8.3H12.5A1.5 1.5 0 0 0 14 6.8V2a.5.5 0 0 1 .5-.5"/>
26:         </svg>
27:         try {


An error occurred at line: [24] in the jsp file: [/view_team.jsp]
svg cannot be resolved to a type
21:         String user = props.getProperty("db.username");
22:         String password = props.getProperty("db.password");
23:         Connection con = null;
24:         <svg xmlns="http://www.w3.org/2000/svg" width="16" height="16" fill="currentColor" class="bi bi-arrow-return-left" viewBox="0 0 16 16">
25:         <path fill-rule="evenodd" d="M14.5 1.5a.5.5 0 0 1 .5.5v4.8a2.5 2.5 0 0 1-2.5 2.5H2.707l3.347 3.346a.5.5 0 0 1-.708.708l-4.2-4.2a.5.5 0 0 1 0-.708l4-4a.5.5 0 1 1 .708.708L2.707 8.3H12.5A1.5 1.5 0 0 0 14 6.8V2a.5.5 0 0 1 .5-.5"/>
26:         </svg>
27:         try {


An error occurred at line: [24] in the jsp file: [/view_team.jsp]
Constructor call must be the first statement in a constructor
21:         String user = props.getProperty("db.username");
22:         String password = props.getProperty("db.password");
23:         Connection con = null;
24:         <svg xmlns="http://www.w3.org/2000/svg" width="16" height="16" fill="currentColor" class="bi bi-arrow-return-left" viewBox="0 0 16 16">
25:         <path fill-rule="evenodd" d="M14.5 1.5a.5.5 0 0 1 .5.5v4.8a2.5 2.5 0 0 1-2.5 2.5H2.707l3.347 3.346a.5.5 0 0 1-.708.708l-4.2-4.2a.5.5 0 0 1 0-.708l4-4a.5.5 0 1 1 .708.708L2.707 8.3H12.5A1.5 1.5 0 0 0 14 6.8V2a.5.5 0 0 1 .5-.5"/>
26:         </svg>
27:         try {


An error occurred at line: [24] in the jsp file: [/view_team.jsp]
xmlns cannot be resolved to a variable
21:         String user = props.getProperty("db.username");
22:         String password = props.getProperty("db.password");
23:         Connection con = null;
24:         <svg xmlns="http://www.w3.org/2000/svg" width="16" height="16" fill="currentColor" class="bi bi-arrow-return-left" viewBox="0 0 16 16">
25:         <path fill-rule="evenodd" d="M14.5 1.5a.5.5 0 0 1 .5.5v4.8a2.5 2.5 0 0 1-2.5 2.5H2.707l3.347 3.346a.5.5 0 0 1-.708.708l-4.2-4.2a.5.5 0 0 1 0-.708l4-4a.5.5 0 1 1 .708.708L2.707 8.3H12.5A1.5 1.5 0 0 0 14 6.8V2a.5.5 0 0 1 .5-.5"/>
26:         </svg>
27:         try {


An error occurred at line: [24] in the jsp file: [/view_team.jsp]
Syntax error, insert ";" to complete Statement
21:         String user = props.getProperty("db.username");
22:         String password = props.getProperty("db.password");
23:         Connection con = null;
24:         <svg xmlns="http://www.w3.org/2000/svg" width="16" height="16" fill="currentColor" class="bi bi-arrow-return-left" viewBox="0 0 16 16">
25:         <path fill-rule="evenodd" d="M14.5 1.5a.5.5 0 0 1 .5.5v4.8a2.5 2.5 0 0 1-2.5 2.5H2.707l3.347 3.346a.5.5 0 0 1-.708.708l-4.2-4.2a.5.5 0 0 1 0-.708l4-4a.5.5 0 1 1 .708.708L2.707 8.3H12.5A1.5 1.5 0 0 0 14 6.8V2a.5.5 0 0 1 .5-.5"/>
26:         </svg>
27:         try {


An error occurred at line: [24] in the jsp file: [/view_team.jsp]
width cannot be resolved to a variable
21:         String user = props.getProperty("db.username");
22:         String password = props.getProperty("db.password");
23:         Connection con = null;
24:         <svg xmlns="http://www.w3.org/2000/svg" width="16" height="16" fill="currentColor" class="bi bi-arrow-return-left" viewBox="0 0 16 16">
25:         <path fill-rule="evenodd" d="M14.5 1.5a.5.5 0 0 1 .5.5v4.8a2.5 2.5 0 0 1-2.5 2.5H2.707l3.347 3.346a.5.5 0 0 1-.708.708l-4.2-4.2a.5.5 0 0 1 0-.708l4-4a.5.5 0 1 1 .708.708L2.707 8.3H12.5A1.5 1.5 0 0 0 14 6.8V2a.5.5 0 0 1 .5-.5"/>
26:         </svg>
27:         try {


An error occurred at line: [24] in the jsp file: [/view_team.jsp]
Syntax error, insert ";" to complete Statement
21:         String user = props.getProperty("db.username");
22:         String password = props.getProperty("db.password");
23:         Connection con = null;
24:         <svg xmlns="http://www.w3.org/2000/svg" width="16" height="16" fill="currentColor" class="bi bi-arrow-return-left" viewBox="0 0 16 16">
25:         <path fill-rule="evenodd" d="M14.5 1.5a.5.5 0 0 1 .5.5v4.8a2.5 2.5 0 0 1-2.5 2.5H2.707l3.347 3.346a.5.5 0 0 1-.708.708l-4.2-4.2a.5.5 0 0 1 0-.708l4-4a.5.5 0 1 1 .708.708L2.707 8.3H12.5A1.5 1.5 0 0 0 14 6.8V2a.5.5 0 0 1 .5-.5"/>
26:         </svg>
27:         try {


An error occurred at line: [24] in the jsp file: [/view_team.jsp]
height cannot be resolved to a variable
21:         String user = props.getProperty("db.username");
22:         String password = props.getProperty("db.password");
23:         Connection con = null;
24:         <svg xmlns="http://www.w3.org/2000/svg" width="16" height="16" fill="currentColor" class="bi bi-arrow-return-left" viewBox="0 0 16 16">
25:         <path fill-rule="evenodd" d="M14.5 1.5a.5.5 0 0 1 .5.5v4.8a2.5 2.5 0 0 1-2.5 2.5H2.707l3.347 3.346a.5.5 0 0 1-.708.708l-4.2-4.2a.5.5 0 0 1 0-.708l4-4a.5.5 0 1 1 .708.708L2.707 8.3H12.5A1.5 1.5 0 0 0 14 6.8V2a.5.5 0 0 1 .5-.5"/>
26:         </svg>
27:         try {


An error occurred at line: [24] in the jsp file: [/view_team.jsp]
Syntax error, insert ";" to complete Statement
21:         String user = props.getProperty("db.username");
22:         String password = props.getProperty("db.password");
23:         Connection con = null;
24:         <svg xmlns="http://www.w3.org/2000/svg" width="16" height="16" fill="currentColor" class="bi bi-arrow-return-left" viewBox="0 0 16 16">
25:         <path fill-rule="evenodd" d="M14.5 1.5a.5.5 0 0 1 .5.5v4.8a2.5 2.5 0 0 1-2.5 2.5H2.707l3.347 3.346a.5.5 0 0 1-.708.708l-4.2-4.2a.5.5 0 0 1 0-.708l4-4a.5.5 0 1 1 .708.708L2.707 8.3H12.5A1.5 1.5 0 0 0 14 6.8V2a.5.5 0 0 1 .5-.5"/>
26:         </svg>
27:         try {


An error occurred at line: [24] in the jsp file: [/view_team.jsp]
fill cannot be resolved to a variable
21:         String user = props.getProperty("db.username");
22:         String password = props.getProperty("db.password");
23:         Connection con = null;
24:         <svg xmlns="http://www.w3.org/2000/svg" width="16" height="16" fill="currentColor" class="bi bi-arrow-return-left" viewBox="0 0 16 16">
25:         <path fill-rule="evenodd" d="M14.5 1.5a.5.5 0 0 1 .5.5v4.8a2.5 2.5 0 0 1-2.5 2.5H2.707l3.347 3.346a.5.5 0 0 1-.708.708l-4.2-4.2a.5.5 0 0 1 0-.708l4-4a.5.5 0 1 1 .708.708L2.707 8.3H12.5A1.5 1.5 0 0 0 14 6.8V2a.5.5 0 0 1 .5-.5"/>
26:         </svg>
27:         try {


An error occurred at line: [24] in the jsp file: [/view_team.jsp]
The left-hand side of an assignment must be a variable
21:         String user = props.getProperty("db.username");
22:         String password = props.getProperty("db.password");
23:         Connection con = null;
24:         <svg xmlns="http://www.w3.org/2000/svg" width="16" height="16" fill="currentColor" class="bi bi-arrow-return-left" viewBox="0 0 16 16">
25:         <path fill-rule="evenodd" d="M14.5 1.5a.5.5 0 0 1 .5.5v4.8a2.5 2.5 0 0 1-2.5 2.5H2.707l3.347 3.346a.5.5 0 0 1-.708.708l-4.2-4.2a.5.5 0 0 1 0-.708l4-4a.5.5 0 1 1 .708.708L2.707 8.3H12.5A1.5 1.5 0 0 0 14 6.8V2a.5.5 0 0 1 .5-.5"/>
26:         </svg>
27:         try {


An error occurred at line: [24] in the jsp file: [/view_team.jsp]
Syntax error on token "class", delete this token
21:         String user = props.getProperty("db.username");
22:         String password = props.getProperty("db.password");
23:         Connection con = null;
24:         <svg xmlns="http://www.w3.org/2000/svg" width="16" height="16" fill="currentColor" class="bi bi-arrow-return-left" viewBox="0 0 16 16">
25:         <path fill-rule="evenodd" d="M14.5 1.5a.5.5 0 0 1 .5.5v4.8a2.5 2.5 0 0 1-2.5 2.5H2.707l3.347 3.346a.5.5 0 0 1-.708.708l-4.2-4.2a.5.5 0 0 1 0-.708l4-4a.5.5 0 1 1 .708.708L2.707 8.3H12.5A1.5 1.5 0 0 0 14 6.8V2a.5.5 0 0 1 .5-.5"/>
26:         </svg>
27:         try {


An error occurred at line: [24] in the jsp file: [/view_team.jsp]
Syntax error, insert ";" to complete Statement
21:         String user = props.getProperty("db.username");
22:         String password = props.getProperty("db.password");
23:         Connection con = null;
24:         <svg xmlns="http://www.w3.org/2000/svg" width="16" height="16" fill="currentColor" class="bi bi-arrow-return-left" viewBox="0 0 16 16">
25:         <path fill-rule="evenodd" d="M14.5 1.5a.5.5 0 0 1 .5.5v4.8a2.5 2.5 0 0 1-2.5 2.5H2.707l3.347 3.346a.5.5 0 0 1-.708.708l-4.2-4.2a.5.5 0 0 1 0-.708l4-4a.5.5 0 1 1 .708.708L2.707 8.3H12.5A1.5 1.5 0 0 0 14 6.8V2a.5.5 0 0 1 .5-.5"/>
26:         </svg>
27:         try {


An error occurred at line: [24] in the jsp file: [/view_team.jsp]
viewBox cannot be resolved to a variable
21:         String user = props.getProperty("db.username");
22:         String password = props.getProperty("db.password");
23:         Connection con = null;
24:         <svg xmlns="http://www.w3.org/2000/svg" width="16" height="16" fill="currentColor" class="bi bi-arrow-return-left" viewBox="0 0 16 16">
25:         <path fill-rule="evenodd" d="M14.5 1.5a.5.5 0 0 1 .5.5v4.8a2.5 2.5 0 0 1-2.5 2.5H2.707l3.347 3.346a.5.5 0 0 1-.708.708l-4.2-4.2a.5.5 0 0 1 0-.708l4-4a.5.5 0 1 1 .708.708L2.707 8.3H12.5A1.5 1.5 0 0 0 14 6.8V2a.5.5 0 0 1 .5-.5"/>
26:         </svg>
27:         try {


An error occurred at line: [24] in the jsp file: [/view_team.jsp]
Syntax error on token(s), misplaced construct(s)
21:         String user = props.getProperty("db.username");
22:         String password = props.getProperty("db.password");
23:         Connection con = null;
24:         <svg xmlns="http://www.w3.org/2000/svg" width="16" height="16" fill="currentColor" class="bi bi-arrow-return-left" viewBox="0 0 16 16">
25:         <path fill-rule="evenodd" d="M14.5 1.5a.5.5 0 0 1 .5.5v4.8a2.5 2.5 0 0 1-2.5 2.5H2.707l3.347 3.346a.5.5 0 0 1-.708.708l-4.2-4.2a.5.5 0 0 1 0-.708l4-4a.5.5 0 1 1 .708.708L2.707 8.3H12.5A1.5 1.5 0 0 0 14 6.8V2a.5.5 0 0 1 .5-.5"/>
26:         </svg>
27:         try {


An error occurred at line: [25] in the jsp file: [/view_team.jsp]
Syntax error on token "fill", delete this token
22:         String password = props.getProperty("db.password");
23:         Connection con = null;
24:         <svg xmlns="http://www.w3.org/2000/svg" width="16" height="16" fill="currentColor" class="bi bi-arrow-return-left" viewBox="0 0 16 16">
25:         <path fill-rule="evenodd" d="M14.5 1.5a.5.5 0 0 1 .5.5v4.8a2.5 2.5 0 0 1-2.5 2.5H2.707l3.347 3.346a.5.5 0 0 1-.708.708l-4.2-4.2a.5.5 0 0 1 0-.708l4-4a.5.5 0 1 1 .708.708L2.707 8.3H12.5A1.5 1.5 0 0 0 14 6.8V2a.5.5 0 0 1 .5-.5"/>
26:         </svg>
27:         try {
28:             Class.forName("com.mysql.jdbc.Driver");


An error occurred at line: [25] in the jsp file: [/view_team.jsp]
Syntax error on token "-", ( expected
22:         String password = props.getProperty("db.password");
23:         Connection con = null;
24:         <svg xmlns="http://www.w3.org/2000/svg" width="16" height="16" fill="currentColor" class="bi bi-arrow-return-left" viewBox="0 0 16 16">
25:         <path fill-rule="evenodd" d="M14.5 1.5a.5.5 0 0 1 .5.5v4.8a2.5 2.5 0 0 1-2.5 2.5H2.707l3.347 3.346a.5.5 0 0 1-.708.708l-4.2-4.2a.5.5 0 0 1 0-.708l4-4a.5.5 0 1 1 .708.708L2.707 8.3H12.5A1.5 1.5 0 0 0 14 6.8V2a.5.5 0 0 1 .5-.5"/>
26:         </svg>
27:         try {
28:             Class.forName("com.mysql.jdbc.Driver");


An error occurred at line: [25] in the jsp file: [/view_team.jsp]
rule cannot be resolved to a variable
22:         String password = props.getProperty("db.password");
23:         Connection con = null;
24:         <svg xmlns="http://www.w3.org/2000/svg" width="16" height="16" fill="currentColor" class="bi bi-arrow-return-left" viewBox="0 0 16 16">
25:         <path fill-rule="evenodd" d="M14.5 1.5a.5.5 0 0 1 .5.5v4.8a2.5 2.5 0 0 1-2.5 2.5H2.707l3.347 3.346a.5.5 0 0 1-.708.708l-4.2-4.2a.5.5 0 0 1 0-.708l4-4a.5.5 0 1 1 .708.708L2.707 8.3H12.5A1.5 1.5 0 0 0 14 6.8V2a.5.5 0 0 1 .5-.5"/>
26:         </svg>
27:         try {
28:             Class.forName("com.mysql.jdbc.Driver");


An error occurred at line: [25] in the jsp file: [/view_team.jsp]
Syntax error, insert ")" to complete Expression
22:         String password = props.getProperty("db.password");
23:         Connection con = null;
24:         <svg xmlns="http://www.w3.org/2000/svg" width="16" height="16" fill="currentColor" class="bi bi-arrow-return-left" viewBox="0 0 16 16">
25:         <path fill-rule="evenodd" d="M14.5 1.5a.5.5 0 0 1 .5.5v4.8a2.5 2.5 0 0 1-2.5 2.5H2.707l3.347 3.346a.5.5 0 0 1-.708.708l-4.2-4.2a.5.5 0 0 1 0-.708l4-4a.5.5 0 1 1 .708.708L2.707 8.3H12.5A1.5 1.5 0 0 0 14 6.8V2a.5.5 0 0 1 .5-.5"/>
26:         </svg>
27:         try {
28:             Class.forName("com.mysql.jdbc.Driver");


An error occurred at line: [25] in the jsp file: [/view_team.jsp]
Syntax error, insert ";" to complete Statement
22:         String password = props.getProperty("db.password");
23:         Connection con = null;
24:         <svg xmlns="http://www.w3.org/2000/svg" width="16" height="16" fill="currentColor" class="bi bi-arrow-return-left" viewBox="0 0 16 16">
25:         <path fill-rule="evenodd" d="M14.5 1.5a.5.5 0 0 1 .5.5v4.8a2.5 2.5 0 0 1-2.5 2.5H2.707l3.347 3.346a.5.5 0 0 1-.708.708l-4.2-4.2a.5.5 0 0 1 0-.708l4-4a.5.5 0 1 1 .708.708L2.707 8.3H12.5A1.5 1.5 0 0 0 14 6.8V2a.5.5 0 0 1 .5-.5"/>
26:         </svg>
27:         try {
28:             Class.forName("com.mysql.jdbc.Driver");


An error occurred at line: [25] in the jsp file: [/view_team.jsp]
Syntax error on tokens, Expression expected instead
22:         String password = props.getProperty("db.password");
23:         Connection con = null;
24:         <svg xmlns="http://www.w3.org/2000/svg" width="16" height="16" fill="currentColor" class="bi bi-arrow-return-left" viewBox="0 0 16 16">
25:         <path fill-rule="evenodd" d="M14.5 1.5a.5.5 0 0 1 .5.5v4.8a2.5 2.5 0 0 1-2.5 2.5H2.707l3.347 3.346a.5.5 0 0 1-.708.708l-4.2-4.2a.5.5 0 0 1 0-.708l4-4a.5.5 0 1 1 .708.708L2.707 8.3H12.5A1.5 1.5 0 0 0 14 6.8V2a.5.5 0 0 1 .5-.5"/>
26:         </svg>
27:         try {
28:             Class.forName("com.mysql.jdbc.Driver");


An error occurred at line: [26] in the jsp file: [/view_team.jsp]
Syntax error on token ">", ; expected
23:         Connection con = null;
24:         <svg xmlns="http://www.w3.org/2000/svg" width="16" height="16" fill="currentColor" class="bi bi-arrow-return-left" viewBox="0 0 16 16">
25:         <path fill-rule="evenodd" d="M14.5 1.5a.5.5 0 0 1 .5.5v4.8a2.5 2.5 0 0 1-2.5 2.5H2.707l3.347 3.346a.5.5 0 0 1-.708.708l-4.2-4.2a.5.5 0 0 1 0-.708l4-4a.5.5 0 1 1 .708.708L2.707 8.3H12.5A1.5 1.5 0 0 0 14 6.8V2a.5.5 0 0 1 .5-.5"/>
26:         </svg>
27:         try {
28:             Class.forName("com.mysql.jdbc.Driver");
29:             con = DriverManager.getConnection("jdbc:mysql://localhost:3306/" + db + "?autoReconnect=true&useSSL=false", user, password);


Stacktrace:] with root cause
	org.apache.jasper.JasperException: Unable to compile class for JSP: 

An error occurred at line: [24] in the jsp file: [/view_team.jsp]
Syntax error, insert ">" to complete ReferenceType1
21:         String user = props.getProperty("db.username");
22:         String password = props.getProperty("db.password");
23:         Connection con = null;
24:         <svg xmlns="http://www.w3.org/2000/svg" width="16" height="16" fill="currentColor" class="bi bi-arrow-return-left" viewBox="0 0 16 16">
25:         <path fill-rule="evenodd" d="M14.5 1.5a.5.5 0 0 1 .5.5v4.8a2.5 2.5 0 0 1-2.5 2.5H2.707l3.347 3.346a.5.5 0 0 1-.708.708l-4.2-4.2a.5.5 0 0 1 0-.708l4-4a.5.5 0 1 1 .708.708L2.707 8.3H12.5A1.5 1.5 0 0 0 14 6.8V2a.5.5 0 0 1 .5-.5"/>
26:         </svg>
27:         try {


An error occurred at line: [24] in the jsp file: [/view_team.jsp]
Syntax error, insert "super ( ) ;" to complete Statement
21:         String user = props.getProperty("db.username");
22:         String password = props.getProperty("db.password");
23:         Connection con = null;
24:         <svg xmlns="http://www.w3.org/2000/svg" width="16" height="16" fill="currentColor" class="bi bi-arrow-return-left" viewBox="0 0 16 16">
25:         <path fill-rule="evenodd" d="M14.5 1.5a.5.5 0 0 1 .5.5v4.8a2.5 2.5 0 0 1-2.5 2.5H2.707l3.347 3.346a.5.5 0 0 1-.708.708l-4.2-4.2a.5.5 0 0 1 0-.708l4-4a.5.5 0 1 1 .708.708L2.707 8.3H12.5A1.5 1.5 0 0 0 14 6.8V2a.5.5 0 0 1 .5-.5"/>
26:         </svg>
27:         try {


An error occurred at line: [24] in the jsp file: [/view_team.jsp]
svg cannot be resolved to a type
21:         String user = props.getProperty("db.username");
22:         String password = props.getProperty("db.password");
23:         Connection con = null;
24:         <svg xmlns="http://www.w3.org/2000/svg" width="16" height="16" fill="currentColor" class="bi bi-arrow-return-left" viewBox="0 0 16 16">
25:         <path fill-rule="evenodd" d="M14.5 1.5a.5.5 0 0 1 .5.5v4.8a2.5 2.5 0 0 1-2.5 2.5H2.707l3.347 3.346a.5.5 0 0 1-.708.708l-4.2-4.2a.5.5 0 0 1 0-.708l4-4a.5.5 0 1 1 .708.708L2.707 8.3H12.5A1.5 1.5 0 0 0 14 6.8V2a.5.5 0 0 1 .5-.5"/>
26:         </svg>
27:         try {


An error occurred at line: [24] in the jsp file: [/view_team.jsp]
Constructor call must be the first statement in a constructor
21:         String user = props.getProperty("db.username");
22:         String password = props.getProperty("db.password");
23:         Connection con = null;
24:         <svg xmlns="http://www.w3.org/2000/svg" width="16" height="16" fill="currentColor" class="bi bi-arrow-return-left" viewBox="0 0 16 16">
25:         <path fill-rule="evenodd" d="M14.5 1.5a.5.5 0 0 1 .5.5v4.8a2.5 2.5 0 0 1-2.5 2.5H2.707l3.347 3.346a.5.5 0 0 1-.708.708l-4.2-4.2a.5.5 0 0 1 0-.708l4-4a.5.5 0 1 1 .708.708L2.707 8.3H12.5A1.5 1.5 0 0 0 14 6.8V2a.5.5 0 0 1 .5-.5"/>
26:         </svg>
27:         try {


An error occurred at line: [24] in the jsp file: [/view_team.jsp]
xmlns cannot be resolved to a variable
21:         String user = props.getProperty("db.username");
22:         String password = props.getProperty("db.password");
23:         Connection con = null;
24:         <svg xmlns="http://www.w3.org/2000/svg" width="16" height="16" fill="currentColor" class="bi bi-arrow-return-left" viewBox="0 0 16 16">
25:         <path fill-rule="evenodd" d="M14.5 1.5a.5.5 0 0 1 .5.5v4.8a2.5 2.5 0 0 1-2.5 2.5H2.707l3.347 3.346a.5.5 0 0 1-.708.708l-4.2-4.2a.5.5 0 0 1 0-.708l4-4a.5.5 0 1 1 .708.708L2.707 8.3H12.5A1.5 1.5 0 0 0 14 6.8V2a.5.5 0 0 1 .5-.5"/>
26:         </svg>
27:         try {


An error occurred at line: [24] in the jsp file: [/view_team.jsp]
Syntax error, insert ";" to complete Statement
21:         String user = props.getProperty("db.username");
22:         String password = props.getProperty("db.password");
23:         Connection con = null;
24:         <svg xmlns="http://www.w3.org/2000/svg" width="16" height="16" fill="currentColor" class="bi bi-arrow-return-left" viewBox="0 0 16 16">
25:         <path fill-rule="evenodd" d="M14.5 1.5a.5.5 0 0 1 .5.5v4.8a2.5 2.5 0 0 1-2.5 2.5H2.707l3.347 3.346a.5.5 0 0 1-.708.708l-4.2-4.2a.5.5 0 0 1 0-.708l4-4a.5.5 0 1 1 .708.708L2.707 8.3H12.5A1.5 1.5 0 0 0 14 6.8V2a.5.5 0 0 1 .5-.5"/>
26:         </svg>
27:         try {


An error occurred at line: [24] in the jsp file: [/view_team.jsp]
width cannot be resolved to a variable
21:         String user = props.getProperty("db.username");
22:         String password = props.getProperty("db.password");
23:         Connection con = null;
24:         <svg xmlns="http://www.w3.org/2000/svg" width="16" height="16" fill="currentColor" class="bi bi-arrow-return-left" viewBox="0 0 16 16">
25:         <path fill-rule="evenodd" d="M14.5 1.5a.5.5 0 0 1 .5.5v4.8a2.5 2.5 0 0 1-2.5 2.5H2.707l3.347 3.346a.5.5 0 0 1-.708.708l-4.2-4.2a.5.5 0 0 1 0-.708l4-4a.5.5 0 1 1 .708.708L2.707 8.3H12.5A1.5 1.5 0 0 0 14 6.8V2a.5.5 0 0 1 .5-.5"/>
26:         </svg>
27:         try {


An error occurred at line: [24] in the jsp file: [/view_team.jsp]
Syntax error, insert ";" to complete Statement
21:         String user = props.getProperty("db.username");
22:         String password = props.getProperty("db.password");
23:         Connection con = null;
24:         <svg xmlns="http://www.w3.org/2000/svg" width="16" height="16" fill="currentColor" class="bi bi-arrow-return-left" viewBox="0 0 16 16">
25:         <path fill-rule="evenodd" d="M14.5 1.5a.5.5 0 0 1 .5.5v4.8a2.5 2.5 0 0 1-2.5 2.5H2.707l3.347 3.346a.5.5 0 0 1-.708.708l-4.2-4.2a.5.5 0 0 1 0-.708l4-4a.5.5 0 1 1 .708.708L2.707 8.3H12.5A1.5 1.5 0 0 0 14 6.8V2a.5.5 0 0 1 .5-.5"/>
26:         </svg>
27:         try {


An error occurred at line: [24] in the jsp file: [/view_team.jsp]
height cannot be resolved to a variable
21:         String user = props.getProperty("db.username");
22:         String password = props.getProperty("db.password");
23:         Connection con = null;
24:         <svg xmlns="http://www.w3.org/2000/svg" width="16" height="16" fill="currentColor" class="bi bi-arrow-return-left" viewBox="0 0 16 16">
25:         <path fill-rule="evenodd" d="M14.5 1.5a.5.5 0 0 1 .5.5v4.8a2.5 2.5 0 0 1-2.5 2.5H2.707l3.347 3.346a.5.5 0 0 1-.708.708l-4.2-4.2a.5.5 0 0 1 0-.708l4-4a.5.5 0 1 1 .708.708L2.707 8.3H12.5A1.5 1.5 0 0 0 14 6.8V2a.5.5 0 0 1 .5-.5"/>
26:         </svg>
27:         try {


An error occurred at line: [24] in the jsp file: [/view_team.jsp]
Syntax error, insert ";" to complete Statement
21:         String user = props.getProperty("db.username");
22:         String password = props.getProperty("db.password");
23:         Connection con = null;
24:         <svg xmlns="http://www.w3.org/2000/svg" width="16" height="16" fill="currentColor" class="bi bi-arrow-return-left" viewBox="0 0 16 16">
25:         <path fill-rule="evenodd" d="M14.5 1.5a.5.5 0 0 1 .5.5v4.8a2.5 2.5 0 0 1-2.5 2.5H2.707l3.347 3.346a.5.5 0 0 1-.708.708l-4.2-4.2a.5.5 0 0 1 0-.708l4-4a.5.5 0 1 1 .708.708L2.707 8.3H12.5A1.5 1.5 0 0 0 14 6.8V2a.5.5 0 0 1 .5-.5"/>
26:         </svg>
27:         try {


An error occurred at line: [24] in the jsp file: [/view_team.jsp]
fill cannot be resolved to a variable
21:         String user = props.getProperty("db.username");
22:         String password = props.getProperty("db.password");
23:         Connection con = null;
24:         <svg xmlns="http://www.w3.org/2000/svg" width="16" height="16" fill="currentColor" class="bi bi-arrow-return-left" viewBox="0 0 16 16">
25:         <path fill-rule="evenodd" d="M14.5 1.5a.5.5 0 0 1 .5.5v4.8a2.5 2.5 0 0 1-2.5 2.5H2.707l3.347 3.346a.5.5 0 0 1-.708.708l-4.2-4.2a.5.5 0 0 1 0-.708l4-4a.5.5 0 1 1 .708.708L2.707 8.3H12.5A1.5 1.5 0 0 0 14 6.8V2a.5.5 0 0 1 .5-.5"/>
26:         </svg>
27:         try {


An error occurred at line: [24] in the jsp file: [/view_team.jsp]
The left-hand side of an assignment must be a variable
21:         String user = props.getProperty("db.username");
22:         String password = props.getProperty("db.password");
23:         Connection con = null;
24:         <svg xmlns="http://www.w3.org/2000/svg" width="16" height="16" fill="currentColor" class="bi bi-arrow-return-left" viewBox="0 0 16 16">
25:         <path fill-rule="evenodd" d="M14.5 1.5a.5.5 0 0 1 .5.5v4.8a2.5 2.5 0 0 1-2.5 2.5H2.707l3.347 3.346a.5.5 0 0 1-.708.708l-4.2-4.2a.5.5 0 0 1 0-.708l4-4a.5.5 0 1 1 .708.708L2.707 8.3H12.5A1.5 1.5 0 0 0 14 6.8V2a.5.5 0 0 1 .5-.5"/>
26:         </svg>
27:         try {


An error occurred at line: [24] in the jsp file: [/view_team.jsp]
Syntax error on token "class", delete this token
21:         String user = props.getProperty("db.username");
22:         String password = props.getProperty("db.password");
23:         Connection con = null;
24:         <svg xmlns="http://www.w3.org/2000/svg" width="16" height="16" fill="currentColor" class="bi bi-arrow-return-left" viewBox="0 0 16 16">
25:         <path fill-rule="evenodd" d="M14.5 1.5a.5.5 0 0 1 .5.5v4.8a2.5 2.5 0 0 1-2.5 2.5H2.707l3.347 3.346a.5.5 0 0 1-.708.708l-4.2-4.2a.5.5 0 0 1 0-.708l4-4a.5.5 0 1 1 .708.708L2.707 8.3H12.5A1.5 1.5 0 0 0 14 6.8V2a.5.5 0 0 1 .5-.5"/>
26:         </svg>
27:         try {


An error occurred at line: [24] in the jsp file: [/view_team.jsp]
Syntax error, insert ";" to complete Statement
21:         String user = props.getProperty("db.username");
22:         String password = props.getProperty("db.password");
23:         Connection con = null;
24:         <svg xmlns="http://www.w3.org/2000/svg" width="16" height="16" fill="currentColor" class="bi bi-arrow-return-left" viewBox="0 0 16 16">
25:         <path fill-rule="evenodd" d="M14.5 1.5a.5.5 0 0 1 .5.5v4.8a2.5 2.5 0 0 1-2.5 2.5H2.707l3.347 3.346a.5.5 0 0 1-.708.708l-4.2-4.2a.5.5 0 0 1 0-.708l4-4a.5.5 0 1 1 .708.708L2.707 8.3H12.5A1.5 1.5 0 0 0 14 6.8V2a.5.5 0 0 1 .5-.5"/>
26:         </svg>
27:         try {


An error occurred at line: [24] in the jsp file: [/view_team.jsp]
viewBox cannot be resolved to a variable
21:         String user = props.getProperty("db.username");
22:         String password = props.getProperty("db.password");
23:         Connection con = null;
24:         <svg xmlns="http://www.w3.org/2000/svg" width="16" height="16" fill="currentColor" class="bi bi-arrow-return-left" viewBox="0 0 16 16">
25:         <path fill-rule="evenodd" d="M14.5 1.5a.5.5 0 0 1 .5.5v4.8a2.5 2.5 0 0 1-2.5 2.5H2.707l3.347 3.346a.5.5 0 0 1-.708.708l-4.2-4.2a.5.5 0 0 1 0-.708l4-4a.5.5 0 1 1 .708.708L2.707 8.3H12.5A1.5 1.5 0 0 0 14 6.8V2a.5.5 0 0 1 .5-.5"/>
26:         </svg>
27:         try {


An error occurred at line: [24] in the jsp file: [/view_team.jsp]
Syntax error on token(s), misplaced construct(s)
21:         String user = props.getProperty("db.username");
22:         String password = props.getProperty("db.password");
23:         Connection con = null;
24:         <svg xmlns="http://www.w3.org/2000/svg" width="16" height="16" fill="currentColor" class="bi bi-arrow-return-left" viewBox="0 0 16 16">
25:         <path fill-rule="evenodd" d="M14.5 1.5a.5.5 0 0 1 .5.5v4.8a2.5 2.5 0 0 1-2.5 2.5H2.707l3.347 3.346a.5.5 0 0 1-.708.708l-4.2-4.2a.5.5 0 0 1 0-.708l4-4a.5.5 0 1 1 .708.708L2.707 8.3H12.5A1.5 1.5 0 0 0 14 6.8V2a.5.5 0 0 1 .5-.5"/>
26:         </svg>
27:         try {


An error occurred at line: [25] in the jsp file: [/view_team.jsp]
Syntax error on token "fill", delete this token
22:         String password = props.getProperty("db.password");
23:         Connection con = null;
24:         <svg xmlns="http://www.w3.org/2000/svg" width="16" height="16" fill="currentColor" class="bi bi-arrow-return-left" viewBox="0 0 16 16">
25:         <path fill-rule="evenodd" d="M14.5 1.5a.5.5 0 0 1 .5.5v4.8a2.5 2.5 0 0 1-2.5 2.5H2.707l3.347 3.346a.5.5 0 0 1-.708.708l-4.2-4.2a.5.5 0 0 1 0-.708l4-4a.5.5 0 1 1 .708.708L2.707 8.3H12.5A1.5 1.5 0 0 0 14 6.8V2a.5.5 0 0 1 .5-.5"/>
26:         </svg>
27:         try {
28:             Class.forName("com.mysql.jdbc.Driver");


An error occurred at line: [25] in the jsp file: [/view_team.jsp]
Syntax error on token "-", ( expected
22:         String password = props.getProperty("db.password");
23:         Connection con = null;
24:         <svg xmlns="http://www.w3.org/2000/svg" width="16" height="16" fill="currentColor" class="bi bi-arrow-return-left" viewBox="0 0 16 16">
25:         <path fill-rule="evenodd" d="M14.5 1.5a.5.5 0 0 1 .5.5v4.8a2.5 2.5 0 0 1-2.5 2.5H2.707l3.347 3.346a.5.5 0 0 1-.708.708l-4.2-4.2a.5.5 0 0 1 0-.708l4-4a.5.5 0 1 1 .708.708L2.707 8.3H12.5A1.5 1.5 0 0 0 14 6.8V2a.5.5 0 0 1 .5-.5"/>
26:         </svg>
27:         try {
28:             Class.forName("com.mysql.jdbc.Driver");


An error occurred at line: [25] in the jsp file: [/view_team.jsp]
rule cannot be resolved to a variable
22:         String password = props.getProperty("db.password");
23:         Connection con = null;
24:         <svg xmlns="http://www.w3.org/2000/svg" width="16" height="16" fill="currentColor" class="bi bi-arrow-return-left" viewBox="0 0 16 16">
25:         <path fill-rule="evenodd" d="M14.5 1.5a.5.5 0 0 1 .5.5v4.8a2.5 2.5 0 0 1-2.5 2.5H2.707l3.347 3.346a.5.5 0 0 1-.708.708l-4.2-4.2a.5.5 0 0 1 0-.708l4-4a.5.5 0 1 1 .708.708L2.707 8.3H12.5A1.5 1.5 0 0 0 14 6.8V2a.5.5 0 0 1 .5-.5"/>
26:         </svg>
27:         try {
28:             Class.forName("com.mysql.jdbc.Driver");


An error occurred at line: [25] in the jsp file: [/view_team.jsp]
Syntax error, insert ")" to complete Expression
22:         String password = props.getProperty("db.password");
23:         Connection con = null;
24:         <svg xmlns="http://www.w3.org/2000/svg" width="16" height="16" fill="currentColor" class="bi bi-arrow-return-left" viewBox="0 0 16 16">
25:         <path fill-rule="evenodd" d="M14.5 1.5a.5.5 0 0 1 .5.5v4.8a2.5 2.5 0 0 1-2.5 2.5H2.707l3.347 3.346a.5.5 0 0 1-.708.708l-4.2-4.2a.5.5 0 0 1 0-.708l4-4a.5.5 0 1 1 .708.708L2.707 8.3H12.5A1.5 1.5 0 0 0 14 6.8V2a.5.5 0 0 1 .5-.5"/>
26:         </svg>
27:         try {
28:             Class.forName("com.mysql.jdbc.Driver");


An error occurred at line: [25] in the jsp file: [/view_team.jsp]
Syntax error, insert ";" to complete Statement
22:         String password = props.getProperty("db.password");
23:         Connection con = null;
24:         <svg xmlns="http://www.w3.org/2000/svg" width="16" height="16" fill="currentColor" class="bi bi-arrow-return-left" viewBox="0 0 16 16">
25:         <path fill-rule="evenodd" d="M14.5 1.5a.5.5 0 0 1 .5.5v4.8a2.5 2.5 0 0 1-2.5 2.5H2.707l3.347 3.346a.5.5 0 0 1-.708.708l-4.2-4.2a.5.5 0 0 1 0-.708l4-4a.5.5 0 1 1 .708.708L2.707 8.3H12.5A1.5 1.5 0 0 0 14 6.8V2a.5.5 0 0 1 .5-.5"/>
26:         </svg>
27:         try {
28:             Class.forName("com.mysql.jdbc.Driver");


An error occurred at line: [25] in the jsp file: [/view_team.jsp]
Syntax error on tokens, Expression expected instead
22:         String password = props.getProperty("db.password");
23:         Connection con = null;
24:         <svg xmlns="http://www.w3.org/2000/svg" width="16" height="16" fill="currentColor" class="bi bi-arrow-return-left" viewBox="0 0 16 16">
25:         <path fill-rule="evenodd" d="M14.5 1.5a.5.5 0 0 1 .5.5v4.8a2.5 2.5 0 0 1-2.5 2.5H2.707l3.347 3.346a.5.5 0 0 1-.708.708l-4.2-4.2a.5.5 0 0 1 0-.708l4-4a.5.5 0 1 1 .708.708L2.707 8.3H12.5A1.5 1.5 0 0 0 14 6.8V2a.5.5 0 0 1 .5-.5"/>
26:         </svg>
27:         try {
28:             Class.forName("com.mysql.jdbc.Driver");


An error occurred at line: [26] in the jsp file: [/view_team.jsp]
Syntax error on token ">", ; expected
23:         Connection con = null;
24:         <svg xmlns="http://www.w3.org/2000/svg" width="16" height="16" fill="currentColor" class="bi bi-arrow-return-left" viewBox="0 0 16 16">
25:         <path fill-rule="evenodd" d="M14.5 1.5a.5.5 0 0 1 .5.5v4.8a2.5 2.5 0 0 1-2.5 2.5H2.707l3.347 3.346a.5.5 0 0 1-.708.708l-4.2-4.2a.5.5 0 0 1 0-.708l4-4a.5.5 0 1 1 .708.708L2.707 8.3H12.5A1.5 1.5 0 0 0 14 6.8V2a.5.5 0 0 1 .5-.5"/>
26:         </svg>
27:         try {
28:             Class.forName("com.mysql.jdbc.Driver");
29:             con = DriverManager.getConnection("jdbc:mysql://localhost:3306/" + db + "?autoReconnect=true&useSSL=false", user, password);


Stacktrace:
		at org.apache.jasper.compiler.DefaultErrorHandler.javacError(DefaultErrorHandler.java:102)
		at org.apache.jasper.compiler.ErrorDispatcher.javacError(ErrorDispatcher.java:213)
		at org.apache.jasper.compiler.JDTCompiler.generateClass(JDTCompiler.java:600)
		at org.apache.jasper.compiler.Compiler.compile(Compiler.java:381)
		at org.apache.jasper.compiler.Compiler.compile(Compiler.java:351)
		at org.apache.jasper.compiler.Compiler.compile(Compiler.java:335)
		at org.apache.jasper.JspCompilationContext.compile(JspCompilationContext.java:597)
		at org.apache.jasper.servlet.JspServletWrapper.service(JspServletWrapper.java:398)
		at org.apache.jasper.servlet.JspServlet.serviceJspFile(JspServlet.java:383)
		at org.apache.jasper.servlet.JspServlet.service(JspServlet.java:331)
		at javax.servlet.http.HttpServlet.service(HttpServlet.java:583)
		at org.apache.catalina.core.ApplicationFilterChain.internalDoFilter(ApplicationFilterChain.java:212)
		at org.apache.catalina.core.ApplicationFilterChain.doFilter(ApplicationFilterChain.java:156)
		at org.apache.tomcat.websocket.server.WsFilter.doFilter(WsFilter.java:51)
		at org.apache.catalina.core.ApplicationFilterChain.internalDoFilter(ApplicationFilterChain.java:181)
		at org.apache.catalina.core.ApplicationFilterChain.doFilter(ApplicationFilterChain.java:156)
		at org.apache.catalina.core.StandardWrapperValve.invoke(StandardWrapperValve.java:168)
		at org.apache.catalina.core.StandardContextValve.invoke(StandardContextValve.java:90)
		at org.apache.catalina.authenticator.AuthenticatorBase.invoke(AuthenticatorBase.java:483)
		at org.apache.catalina.core.StandardHostValve.invoke(StandardHostValve.java:130)
		at org.apache.catalina.valves.ErrorReportValve.invoke(ErrorReportValve.java:93)
		at org.apache.catalina.valves.AbstractAccessLogValve.invoke(AbstractAccessLogValve.java:679)
		at org.apache.catalina.core.StandardEngineValve.invoke(StandardEngineValve.java:74)
		at org.apache.catalina.connector.CoyoteAdapter.service(CoyoteAdapter.java:343)
		at org.apache.coyote.http11.Http11Processor.service(Http11Processor.java:617)
		at org.apache.coyote.AbstractProcessorLight.process(AbstractProcessorLight.java:63)
		at org.apache.coyote.AbstractProtocol$ConnectionHandler.process(AbstractProtocol.java:932)
		at org.apache.tomcat.util.net.NioEndpoint$SocketProcessor.doRun(NioEndpoint.java:1694)
		at org.apache.tomcat.util.net.SocketProcessorBase.run(SocketProcessorBase.java:52)
		at org.apache.tomcat.util.threads.ThreadPoolExecutor.runWorker(ThreadPoolExecutor.java:1191)
		at org.apache.tomcat.util.threads.ThreadPoolExecutor$Worker.run(ThreadPoolExecutor.java:659)
		at org.apache.tomcat.util.threads.TaskThread$WrappingRunnable.run(TaskThread.java:61)
		at java.base/java.lang.Thread.run(Thread.java:833)
30-Nov-2023 00:39:11.330 SEVERE [http-nio-8080-exec-3] org.apache.catalina.core.StandardWrapperValve.invoke Servlet.service() for servlet [jsp] in context with path [/SOT] threw exception [Unable to compile class for JSP: 

An error occurred at line: [45] in the jsp file: [/leave_organization.jsp]
string cannot be resolved to a type
42:                     ps2.setString(1, username);
43:                     ps2.setString(2, orgName);
44:                     int rowsAffected = ps2.executeUpdate();
45:                     string query2 = "DELETE FROM assignedTo WHERE username = ? and orgname = ?";
46:                     ps2 = con.prepareStatement(query2);
47:                     ps2.setString(1, username);
48:                     ps2.setString(2, orgName);


An error occurred at line: [45] in the jsp file: [/leave_organization.jsp]
Duplicate local variable query2
42:                     ps2.setString(1, username);
43:                     ps2.setString(2, orgName);
44:                     int rowsAffected = ps2.executeUpdate();
45:                     string query2 = "DELETE FROM assignedTo WHERE username = ? and orgname = ?";
46:                     ps2 = con.prepareStatement(query2);
47:                     ps2.setString(1, username);
48:                     ps2.setString(2, orgName);


Stacktrace:] with root cause
	org.apache.jasper.JasperException: Unable to compile class for JSP: 

An error occurred at line: [45] in the jsp file: [/leave_organization.jsp]
string cannot be resolved to a type
42:                     ps2.setString(1, username);
43:                     ps2.setString(2, orgName);
44:                     int rowsAffected = ps2.executeUpdate();
45:                     string query2 = "DELETE FROM assignedTo WHERE username = ? and orgname = ?";
46:                     ps2 = con.prepareStatement(query2);
47:                     ps2.setString(1, username);
48:                     ps2.setString(2, orgName);


An error occurred at line: [45] in the jsp file: [/leave_organization.jsp]
Duplicate local variable query2
42:                     ps2.setString(1, username);
43:                     ps2.setString(2, orgName);
44:                     int rowsAffected = ps2.executeUpdate();
45:                     string query2 = "DELETE FROM assignedTo WHERE username = ? and orgname = ?";
46:                     ps2 = con.prepareStatement(query2);
47:                     ps2.setString(1, username);
48:                     ps2.setString(2, orgName);


Stacktrace:
		at org.apache.jasper.compiler.DefaultErrorHandler.javacError(DefaultErrorHandler.java:102)
		at org.apache.jasper.compiler.ErrorDispatcher.javacError(ErrorDispatcher.java:213)
		at org.apache.jasper.compiler.JDTCompiler.generateClass(JDTCompiler.java:600)
		at org.apache.jasper.compiler.Compiler.compile(Compiler.java:381)
		at org.apache.jasper.compiler.Compiler.compile(Compiler.java:351)
		at org.apache.jasper.compiler.Compiler.compile(Compiler.java:335)
		at org.apache.jasper.JspCompilationContext.compile(JspCompilationContext.java:597)
		at org.apache.jasper.servlet.JspServletWrapper.service(JspServletWrapper.java:398)
		at org.apache.jasper.servlet.JspServlet.serviceJspFile(JspServlet.java:383)
		at org.apache.jasper.servlet.JspServlet.service(JspServlet.java:331)
		at javax.servlet.http.HttpServlet.service(HttpServlet.java:583)
		at org.apache.catalina.core.ApplicationFilterChain.internalDoFilter(ApplicationFilterChain.java:212)
		at org.apache.catalina.core.ApplicationFilterChain.doFilter(ApplicationFilterChain.java:156)
		at org.apache.tomcat.websocket.server.WsFilter.doFilter(WsFilter.java:51)
		at org.apache.catalina.core.ApplicationFilterChain.internalDoFilter(ApplicationFilterChain.java:181)
		at org.apache.catalina.core.ApplicationFilterChain.doFilter(ApplicationFilterChain.java:156)
		at org.apache.catalina.core.StandardWrapperValve.invoke(StandardWrapperValve.java:168)
		at org.apache.catalina.core.StandardContextValve.invoke(StandardContextValve.java:90)
		at org.apache.catalina.authenticator.AuthenticatorBase.invoke(AuthenticatorBase.java:483)
		at org.apache.catalina.core.StandardHostValve.invoke(StandardHostValve.java:130)
		at org.apache.catalina.valves.ErrorReportValve.invoke(ErrorReportValve.java:93)
		at org.apache.catalina.valves.AbstractAccessLogValve.invoke(AbstractAccessLogValve.java:679)
		at org.apache.catalina.core.StandardEngineValve.invoke(StandardEngineValve.java:74)
		at org.apache.catalina.connector.CoyoteAdapter.service(CoyoteAdapter.java:343)
		at org.apache.coyote.http11.Http11Processor.service(Http11Processor.java:617)
		at org.apache.coyote.AbstractProcessorLight.process(AbstractProcessorLight.java:63)
		at org.apache.coyote.AbstractProtocol$ConnectionHandler.process(AbstractProtocol.java:932)
		at org.apache.tomcat.util.net.NioEndpoint$SocketProcessor.doRun(NioEndpoint.java:1694)
		at org.apache.tomcat.util.net.SocketProcessorBase.run(SocketProcessorBase.java:52)
		at org.apache.tomcat.util.threads.ThreadPoolExecutor.runWorker(ThreadPoolExecutor.java:1191)
		at org.apache.tomcat.util.threads.ThreadPoolExecutor$Worker.run(ThreadPoolExecutor.java:659)
		at org.apache.tomcat.util.threads.TaskThread$WrappingRunnable.run(TaskThread.java:61)
		at java.base/java.lang.Thread.run(Thread.java:833)
