28-Nov-2023 21:19:18.164 INFO [localhost-startStop-1] org.apache.catalina.core.ApplicationContext.log ContextListener: contextInitialized()
28-Nov-2023 21:19:18.164 INFO [localhost-startStop-1] org.apache.catalina.core.ApplicationContext.log SessionListener: contextInitialized()
28-Nov-2023 21:19:18.165 INFO [localhost-startStop-1] org.apache.catalina.core.ApplicationContext.log ContextListener: attributeAdded('StockTicker', 'async.Stockticker@7599f371')
28-Nov-2023 22:57:52.992 SEVERE [http-nio-8080-exec-7] org.apache.catalina.core.StandardWrapperValve.invoke Servlet.service() for servlet [jsp] in context with path [/SOT] threw exception [Unable to compile class for JSP: 

An error occurred at line: [30] in the jsp file: [/delete_team.jsp]
Type mismatch: cannot convert from Object to String
27:             Class.forName("com.mysql.jdbc.Driver");
28:             con = DriverManager.getConnection("jdbc:mysql://localhost:3306/" + db + "?autoReconnect=true&useSSL=false", user, password);         
29:             String username = (String) sso.getAttribute("username");
30:             String teamName = request.getAttribute("teamname");
31:             String orgName = request.getAttribute("orgName");
32: 
33:             String query = "DELETE FROM TEAMS WHERE teamname = ? AND orgname = ?";


An error occurred at line: [31] in the jsp file: [/delete_team.jsp]
Type mismatch: cannot convert from Object to String
28:             con = DriverManager.getConnection("jdbc:mysql://localhost:3306/" + db + "?autoReconnect=true&useSSL=false", user, password);         
29:             String username = (String) sso.getAttribute("username");
30:             String teamName = request.getAttribute("teamname");
31:             String orgName = request.getAttribute("orgName");
32: 
33:             String query = "DELETE FROM TEAMS WHERE teamname = ? AND orgname = ?";
34:             PreparedStatement ps = con.prepareStatement(query);


Stacktrace:] with root cause
	org.apache.jasper.JasperException: Unable to compile class for JSP: 

An error occurred at line: [30] in the jsp file: [/delete_team.jsp]
Type mismatch: cannot convert from Object to String
27:             Class.forName("com.mysql.jdbc.Driver");
28:             con = DriverManager.getConnection("jdbc:mysql://localhost:3306/" + db + "?autoReconnect=true&useSSL=false", user, password);         
29:             String username = (String) sso.getAttribute("username");
30:             String teamName = request.getAttribute("teamname");
31:             String orgName = request.getAttribute("orgName");
32: 
33:             String query = "DELETE FROM TEAMS WHERE teamname = ? AND orgname = ?";


An error occurred at line: [31] in the jsp file: [/delete_team.jsp]
Type mismatch: cannot convert from Object to String
28:             con = DriverManager.getConnection("jdbc:mysql://localhost:3306/" + db + "?autoReconnect=true&useSSL=false", user, password);         
29:             String username = (String) sso.getAttribute("username");
30:             String teamName = request.getAttribute("teamname");
31:             String orgName = request.getAttribute("orgName");
32: 
33:             String query = "DELETE FROM TEAMS WHERE teamname = ? AND orgname = ?";
34:             PreparedStatement ps = con.prepareStatement(query);


Stacktrace:
		at org.apache.jasper.compiler.DefaultErrorHandler.javacError(DefaultErrorHandler.java:102)
		at org.apache.jasper.compiler.ErrorDispatcher.javacError(ErrorDispatcher.java:213)
		at org.apache.jasper.compiler.JDTCompiler.generateClass(JDTCompiler.java:600)
		at org.apache.jasper.compiler.Compiler.compile(Compiler.java:381)
		at org.apache.jasper.compiler.Compiler.compile(Compiler.java:351)
		at org.apache.jasper.compiler.Compiler.compile(Compiler.java:335)
		at org.apache.jasper.JspCompilationContext.compile(JspCompilationContext.java:597)
		at org.apache.jasper.servlet.JspServletWrapper.service(JspServletWrapper.java:398)
		at org.apache.jasper.servlet.JspServlet.serviceJspFile(JspServlet.java:383)
		at org.apache.jasper.servlet.JspServlet.service(JspServlet.java:331)
		at javax.servlet.http.HttpServlet.service(HttpServlet.java:583)
		at org.apache.catalina.core.ApplicationFilterChain.internalDoFilter(ApplicationFilterChain.java:212)
		at org.apache.catalina.core.ApplicationFilterChain.doFilter(ApplicationFilterChain.java:156)
		at org.apache.tomcat.websocket.server.WsFilter.doFilter(WsFilter.java:51)
		at org.apache.catalina.core.ApplicationFilterChain.internalDoFilter(ApplicationFilterChain.java:181)
		at org.apache.catalina.core.ApplicationFilterChain.doFilter(ApplicationFilterChain.java:156)
		at org.apache.catalina.core.StandardWrapperValve.invoke(StandardWrapperValve.java:168)
		at org.apache.catalina.core.StandardContextValve.invoke(StandardContextValve.java:90)
		at org.apache.catalina.authenticator.AuthenticatorBase.invoke(AuthenticatorBase.java:483)
		at org.apache.catalina.core.StandardHostValve.invoke(StandardHostValve.java:130)
		at org.apache.catalina.valves.ErrorReportValve.invoke(ErrorReportValve.java:93)
		at org.apache.catalina.valves.AbstractAccessLogValve.invoke(AbstractAccessLogValve.java:679)
		at org.apache.catalina.core.StandardEngineValve.invoke(StandardEngineValve.java:74)
		at org.apache.catalina.connector.CoyoteAdapter.service(CoyoteAdapter.java:343)
		at org.apache.coyote.http11.Http11Processor.service(Http11Processor.java:617)
		at org.apache.coyote.AbstractProcessorLight.process(AbstractProcessorLight.java:63)
		at org.apache.coyote.AbstractProtocol$ConnectionHandler.process(AbstractProtocol.java:932)
		at org.apache.tomcat.util.net.NioEndpoint$SocketProcessor.doRun(NioEndpoint.java:1694)
		at org.apache.tomcat.util.net.SocketProcessorBase.run(SocketProcessorBase.java:52)
		at org.apache.tomcat.util.threads.ThreadPoolExecutor.runWorker(ThreadPoolExecutor.java:1191)
		at org.apache.tomcat.util.threads.ThreadPoolExecutor$Worker.run(ThreadPoolExecutor.java:659)
		at org.apache.tomcat.util.threads.TaskThread$WrappingRunnable.run(TaskThread.java:61)
		at java.base/java.lang.Thread.run(Thread.java:833)
28-Nov-2023 23:01:02.406 SEVERE [http-nio-8080-exec-10] org.apache.catalina.core.StandardWrapperValve.invoke Servlet.service() for servlet [jsp] in context with path [/SOT] threw exception [Unable to compile class for JSP: 

An error occurred at line: [73] in the jsp file: [/view_student_organization.jsp]
orgname cannot be resolved to a variable
70:                     while (rsTeams.next()){
71:                         String tempTeamName = rsTeams.getString(1);
72:                         %>
73:                         <a href = "view_team.jsp?orgname=<%=orgname%>&teamname=<%=tempTeamName%>"> <%=tempTeamName%> </a>
74:                         <a href = "delete_team.jsp?orgname=<%=orgname%>&teamname=<%=tempTeamName%>"><button>Delete Team</button></a>
75:                         <%
76:                     }      


An error occurred at line: [74] in the jsp file: [/view_student_organization.jsp]
orgname cannot be resolved to a variable
71:                         String tempTeamName = rsTeams.getString(1);
72:                         %>
73:                         <a href = "view_team.jsp?orgname=<%=orgname%>&teamname=<%=tempTeamName%>"> <%=tempTeamName%> </a>
74:                         <a href = "delete_team.jsp?orgname=<%=orgname%>&teamname=<%=tempTeamName%>"><button>Delete Team</button></a>
75:                         <%
76:                     }      
77:                 %>


An error occurred at line: [86] in the jsp file: [/view_student_organization.jsp]
orgname cannot be resolved to a variable
83:                     while (rsTeams.next()){
84:                         String tempTeamName = rsTeams.getString(1);
85:                         %>
86:                         <a href = "view_team.jsp?orgname=<%=orgname%>&teamname=<%=tempTeamName%>"> <%=tempTeamName%> </a>
87:                         <%
88:                     }            
89:                 }


Stacktrace:] with root cause
	org.apache.jasper.JasperException: Unable to compile class for JSP: 

An error occurred at line: [73] in the jsp file: [/view_student_organization.jsp]
orgname cannot be resolved to a variable
70:                     while (rsTeams.next()){
71:                         String tempTeamName = rsTeams.getString(1);
72:                         %>
73:                         <a href = "view_team.jsp?orgname=<%=orgname%>&teamname=<%=tempTeamName%>"> <%=tempTeamName%> </a>
74:                         <a href = "delete_team.jsp?orgname=<%=orgname%>&teamname=<%=tempTeamName%>"><button>Delete Team</button></a>
75:                         <%
76:                     }      


An error occurred at line: [74] in the jsp file: [/view_student_organization.jsp]
orgname cannot be resolved to a variable
71:                         String tempTeamName = rsTeams.getString(1);
72:                         %>
73:                         <a href = "view_team.jsp?orgname=<%=orgname%>&teamname=<%=tempTeamName%>"> <%=tempTeamName%> </a>
74:                         <a href = "delete_team.jsp?orgname=<%=orgname%>&teamname=<%=tempTeamName%>"><button>Delete Team</button></a>
75:                         <%
76:                     }      
77:                 %>


An error occurred at line: [86] in the jsp file: [/view_student_organization.jsp]
orgname cannot be resolved to a variable
83:                     while (rsTeams.next()){
84:                         String tempTeamName = rsTeams.getString(1);
85:                         %>
86:                         <a href = "view_team.jsp?orgname=<%=orgname%>&teamname=<%=tempTeamName%>"> <%=tempTeamName%> </a>
87:                         <%
88:                     }            
89:                 }


Stacktrace:
		at org.apache.jasper.compiler.DefaultErrorHandler.javacError(DefaultErrorHandler.java:102)
		at org.apache.jasper.compiler.ErrorDispatcher.javacError(ErrorDispatcher.java:213)
		at org.apache.jasper.compiler.JDTCompiler.generateClass(JDTCompiler.java:600)
		at org.apache.jasper.compiler.Compiler.compile(Compiler.java:381)
		at org.apache.jasper.compiler.Compiler.compile(Compiler.java:351)
		at org.apache.jasper.compiler.Compiler.compile(Compiler.java:335)
		at org.apache.jasper.JspCompilationContext.compile(JspCompilationContext.java:597)
		at org.apache.jasper.servlet.JspServletWrapper.service(JspServletWrapper.java:398)
		at org.apache.jasper.servlet.JspServlet.serviceJspFile(JspServlet.java:383)
		at org.apache.jasper.servlet.JspServlet.service(JspServlet.java:331)
		at javax.servlet.http.HttpServlet.service(HttpServlet.java:583)
		at org.apache.catalina.core.ApplicationFilterChain.internalDoFilter(ApplicationFilterChain.java:212)
		at org.apache.catalina.core.ApplicationFilterChain.doFilter(ApplicationFilterChain.java:156)
		at org.apache.tomcat.websocket.server.WsFilter.doFilter(WsFilter.java:51)
		at org.apache.catalina.core.ApplicationFilterChain.internalDoFilter(ApplicationFilterChain.java:181)
		at org.apache.catalina.core.ApplicationFilterChain.doFilter(ApplicationFilterChain.java:156)
		at org.apache.catalina.core.StandardWrapperValve.invoke(StandardWrapperValve.java:168)
		at org.apache.catalina.core.StandardContextValve.invoke(StandardContextValve.java:90)
		at org.apache.catalina.authenticator.AuthenticatorBase.invoke(AuthenticatorBase.java:483)
		at org.apache.catalina.core.StandardHostValve.invoke(StandardHostValve.java:130)
		at org.apache.catalina.valves.ErrorReportValve.invoke(ErrorReportValve.java:93)
		at org.apache.catalina.valves.AbstractAccessLogValve.invoke(AbstractAccessLogValve.java:679)
		at org.apache.catalina.core.StandardEngineValve.invoke(StandardEngineValve.java:74)
		at org.apache.catalina.connector.CoyoteAdapter.service(CoyoteAdapter.java:343)
		at org.apache.coyote.http11.Http11Processor.service(Http11Processor.java:617)
		at org.apache.coyote.AbstractProcessorLight.process(AbstractProcessorLight.java:63)
		at org.apache.coyote.AbstractProtocol$ConnectionHandler.process(AbstractProtocol.java:932)
		at org.apache.tomcat.util.net.NioEndpoint$SocketProcessor.doRun(NioEndpoint.java:1694)
		at org.apache.tomcat.util.net.SocketProcessorBase.run(SocketProcessorBase.java:52)
		at org.apache.tomcat.util.threads.ThreadPoolExecutor.runWorker(ThreadPoolExecutor.java:1191)
		at org.apache.tomcat.util.threads.ThreadPoolExecutor$Worker.run(ThreadPoolExecutor.java:659)
		at org.apache.tomcat.util.threads.TaskThread$WrappingRunnable.run(TaskThread.java:61)
		at java.base/java.lang.Thread.run(Thread.java:833)
28-Nov-2023 23:12:07.130 SEVERE [http-nio-8080-exec-5] org.apache.catalina.core.StandardWrapperValve.invoke Servlet.service() for servlet [jsp] in context with path [/SOT] threw exception [Unable to compile class for JSP: 

An error occurred at line: [51] in the jsp file: [/view_student_organization.jsp]
Syntax error, insert ";" to complete Statement
48:                 query = "SELECT username FROM memberofstudent WHERE orgname = ?";
49:                 ps = con.prepareStatement(query);
50:                 ps.setString(1, orgName);
51:                 rs = ps.executeQuery()
52:                 while (rs.next()){
53:                     out.println(rs.getString(1) + "<br>");
54:                 }


Stacktrace:] with root cause
	org.apache.jasper.JasperException: Unable to compile class for JSP: 

An error occurred at line: [51] in the jsp file: [/view_student_organization.jsp]
Syntax error, insert ";" to complete Statement
48:                 query = "SELECT username FROM memberofstudent WHERE orgname = ?";
49:                 ps = con.prepareStatement(query);
50:                 ps.setString(1, orgName);
51:                 rs = ps.executeQuery()
52:                 while (rs.next()){
53:                     out.println(rs.getString(1) + "<br>");
54:                 }


Stacktrace:
		at org.apache.jasper.compiler.DefaultErrorHandler.javacError(DefaultErrorHandler.java:102)
		at org.apache.jasper.compiler.ErrorDispatcher.javacError(ErrorDispatcher.java:213)
		at org.apache.jasper.compiler.JDTCompiler.generateClass(JDTCompiler.java:600)
		at org.apache.jasper.compiler.Compiler.compile(Compiler.java:381)
		at org.apache.jasper.compiler.Compiler.compile(Compiler.java:351)
		at org.apache.jasper.compiler.Compiler.compile(Compiler.java:335)
		at org.apache.jasper.JspCompilationContext.compile(JspCompilationContext.java:597)
		at org.apache.jasper.servlet.JspServletWrapper.service(JspServletWrapper.java:398)
		at org.apache.jasper.servlet.JspServlet.serviceJspFile(JspServlet.java:383)
		at org.apache.jasper.servlet.JspServlet.service(JspServlet.java:331)
		at javax.servlet.http.HttpServlet.service(HttpServlet.java:583)
		at org.apache.catalina.core.ApplicationFilterChain.internalDoFilter(ApplicationFilterChain.java:212)
		at org.apache.catalina.core.ApplicationFilterChain.doFilter(ApplicationFilterChain.java:156)
		at org.apache.tomcat.websocket.server.WsFilter.doFilter(WsFilter.java:51)
		at org.apache.catalina.core.ApplicationFilterChain.internalDoFilter(ApplicationFilterChain.java:181)
		at org.apache.catalina.core.ApplicationFilterChain.doFilter(ApplicationFilterChain.java:156)
		at org.apache.catalina.core.StandardWrapperValve.invoke(StandardWrapperValve.java:168)
		at org.apache.catalina.core.StandardContextValve.invoke(StandardContextValve.java:90)
		at org.apache.catalina.authenticator.AuthenticatorBase.invoke(AuthenticatorBase.java:483)
		at org.apache.catalina.core.StandardHostValve.invoke(StandardHostValve.java:130)
		at org.apache.catalina.valves.ErrorReportValve.invoke(ErrorReportValve.java:93)
		at org.apache.catalina.valves.AbstractAccessLogValve.invoke(AbstractAccessLogValve.java:679)
		at org.apache.catalina.core.StandardEngineValve.invoke(StandardEngineValve.java:74)
		at org.apache.catalina.connector.CoyoteAdapter.service(CoyoteAdapter.java:343)
		at org.apache.coyote.http11.Http11Processor.service(Http11Processor.java:617)
		at org.apache.coyote.AbstractProcessorLight.process(AbstractProcessorLight.java:63)
		at org.apache.coyote.AbstractProtocol$ConnectionHandler.process(AbstractProtocol.java:932)
		at org.apache.tomcat.util.net.NioEndpoint$SocketProcessor.doRun(NioEndpoint.java:1694)
		at org.apache.tomcat.util.net.SocketProcessorBase.run(SocketProcessorBase.java:52)
		at org.apache.tomcat.util.threads.ThreadPoolExecutor.runWorker(ThreadPoolExecutor.java:1191)
		at org.apache.tomcat.util.threads.ThreadPoolExecutor$Worker.run(ThreadPoolExecutor.java:659)
		at org.apache.tomcat.util.threads.TaskThread$WrappingRunnable.run(TaskThread.java:61)
		at java.base/java.lang.Thread.run(Thread.java:833)
28-Nov-2023 23:12:19.164 SEVERE [http-nio-8080-exec-8] org.apache.catalina.core.StandardWrapperValve.invoke Servlet.service() for servlet [jsp] in context with path [/SOT] threw exception [Unable to compile class for JSP: 

An error occurred at line: [51] in the jsp file: [/view_student_organization.jsp]
Syntax error, insert ";" to complete Statement
48:                 query = "SELECT username FROM memberofstudent WHERE orgname = ?";
49:                 ps = con.prepareStatement(query);
50:                 ps.setString(1, orgName);
51:                 rs = ps.executeQuery()
52:                 while (rs.next()){
53:                     out.println(rs.getString(1) + "<br>");
54:                 }


Stacktrace:] with root cause
	org.apache.jasper.JasperException: Unable to compile class for JSP: 

An error occurred at line: [51] in the jsp file: [/view_student_organization.jsp]
Syntax error, insert ";" to complete Statement
48:                 query = "SELECT username FROM memberofstudent WHERE orgname = ?";
49:                 ps = con.prepareStatement(query);
50:                 ps.setString(1, orgName);
51:                 rs = ps.executeQuery()
52:                 while (rs.next()){
53:                     out.println(rs.getString(1) + "<br>");
54:                 }


Stacktrace:
		at org.apache.jasper.compiler.DefaultErrorHandler.javacError(DefaultErrorHandler.java:102)
		at org.apache.jasper.compiler.ErrorDispatcher.javacError(ErrorDispatcher.java:213)
		at org.apache.jasper.compiler.JDTCompiler.generateClass(JDTCompiler.java:600)
		at org.apache.jasper.compiler.Compiler.compile(Compiler.java:381)
		at org.apache.jasper.compiler.Compiler.compile(Compiler.java:351)
		at org.apache.jasper.compiler.Compiler.compile(Compiler.java:335)
		at org.apache.jasper.JspCompilationContext.compile(JspCompilationContext.java:597)
		at org.apache.jasper.servlet.JspServletWrapper.service(JspServletWrapper.java:398)
		at org.apache.jasper.servlet.JspServlet.serviceJspFile(JspServlet.java:383)
		at org.apache.jasper.servlet.JspServlet.service(JspServlet.java:331)
		at javax.servlet.http.HttpServlet.service(HttpServlet.java:583)
		at org.apache.catalina.core.ApplicationFilterChain.internalDoFilter(ApplicationFilterChain.java:212)
		at org.apache.catalina.core.ApplicationFilterChain.doFilter(ApplicationFilterChain.java:156)
		at org.apache.tomcat.websocket.server.WsFilter.doFilter(WsFilter.java:51)
		at org.apache.catalina.core.ApplicationFilterChain.internalDoFilter(ApplicationFilterChain.java:181)
		at org.apache.catalina.core.ApplicationFilterChain.doFilter(ApplicationFilterChain.java:156)
		at org.apache.catalina.core.StandardWrapperValve.invoke(StandardWrapperValve.java:168)
		at org.apache.catalina.core.StandardContextValve.invoke(StandardContextValve.java:90)
		at org.apache.catalina.authenticator.AuthenticatorBase.invoke(AuthenticatorBase.java:483)
		at org.apache.catalina.core.StandardHostValve.invoke(StandardHostValve.java:130)
		at org.apache.catalina.valves.ErrorReportValve.invoke(ErrorReportValve.java:93)
		at org.apache.catalina.valves.AbstractAccessLogValve.invoke(AbstractAccessLogValve.java:679)
		at org.apache.catalina.core.StandardEngineValve.invoke(StandardEngineValve.java:74)
		at org.apache.catalina.connector.CoyoteAdapter.service(CoyoteAdapter.java:343)
		at org.apache.coyote.http11.Http11Processor.service(Http11Processor.java:617)
		at org.apache.coyote.AbstractProcessorLight.process(AbstractProcessorLight.java:63)
		at org.apache.coyote.AbstractProtocol$ConnectionHandler.process(AbstractProtocol.java:932)
		at org.apache.tomcat.util.net.NioEndpoint$SocketProcessor.doRun(NioEndpoint.java:1694)
		at org.apache.tomcat.util.net.SocketProcessorBase.run(SocketProcessorBase.java:52)
		at org.apache.tomcat.util.threads.ThreadPoolExecutor.runWorker(ThreadPoolExecutor.java:1191)
		at org.apache.tomcat.util.threads.ThreadPoolExecutor$Worker.run(ThreadPoolExecutor.java:659)
		at org.apache.tomcat.util.threads.TaskThread$WrappingRunnable.run(TaskThread.java:61)
		at java.base/java.lang.Thread.run(Thread.java:833)
28-Nov-2023 23:19:25.785 SEVERE [http-nio-8080-exec-4] org.apache.catalina.core.StandardWrapperValve.invoke Servlet.service() for servlet [jsp] in context with path [/SOT] threw exception [Unable to compile class for JSP: 

An error occurred at line: [32] in the jsp file: [/delete_team.jsp]
Syntax error on token "AND", . expected
29:             String username = (String) sso.getAttribute("username");
30:             String type = (String) sso.getAttribute("type");
31: 
32:             if (username != null AND type == "student"){
33:                 String query = "SELECT userame FROM studentleads WHERE username = ? AND orgname = ?";
34:                 PreparedStatement ps = con.prepareStatement(query);
35:                 ps.setString(1, username);


An error occurred at line: [32] in the jsp file: [/delete_team.jsp]
type cannot be resolved or is not a field
29:             String username = (String) sso.getAttribute("username");
30:             String type = (String) sso.getAttribute("type");
31: 
32:             if (username != null AND type == "student"){
33:                 String query = "SELECT userame FROM studentleads WHERE username = ? AND orgname = ?";
34:                 PreparedStatement ps = con.prepareStatement(query);
35:                 ps.setString(1, username);


An error occurred at line: [36] in the jsp file: [/delete_team.jsp]
orgName cannot be resolved to a variable
33:                 String query = "SELECT userame FROM studentleads WHERE username = ? AND orgname = ?";
34:                 PreparedStatement ps = con.prepareStatement(query);
35:                 ps.setString(1, username);
36:                 ps.setString(2, orgName);
37:                 ResultSet rs = ps.executeQuery();
38:                 if (rs.next()){
39:                     String teamName = (String) request.getParameter("teamname");


Stacktrace:] with root cause
	org.apache.jasper.JasperException: Unable to compile class for JSP: 

An error occurred at line: [32] in the jsp file: [/delete_team.jsp]
Syntax error on token "AND", . expected
29:             String username = (String) sso.getAttribute("username");
30:             String type = (String) sso.getAttribute("type");
31: 
32:             if (username != null AND type == "student"){
33:                 String query = "SELECT userame FROM studentleads WHERE username = ? AND orgname = ?";
34:                 PreparedStatement ps = con.prepareStatement(query);
35:                 ps.setString(1, username);


An error occurred at line: [32] in the jsp file: [/delete_team.jsp]
type cannot be resolved or is not a field
29:             String username = (String) sso.getAttribute("username");
30:             String type = (String) sso.getAttribute("type");
31: 
32:             if (username != null AND type == "student"){
33:                 String query = "SELECT userame FROM studentleads WHERE username = ? AND orgname = ?";
34:                 PreparedStatement ps = con.prepareStatement(query);
35:                 ps.setString(1, username);


An error occurred at line: [36] in the jsp file: [/delete_team.jsp]
orgName cannot be resolved to a variable
33:                 String query = "SELECT userame FROM studentleads WHERE username = ? AND orgname = ?";
34:                 PreparedStatement ps = con.prepareStatement(query);
35:                 ps.setString(1, username);
36:                 ps.setString(2, orgName);
37:                 ResultSet rs = ps.executeQuery();
38:                 if (rs.next()){
39:                     String teamName = (String) request.getParameter("teamname");


Stacktrace:
		at org.apache.jasper.compiler.DefaultErrorHandler.javacError(DefaultErrorHandler.java:102)
		at org.apache.jasper.compiler.ErrorDispatcher.javacError(ErrorDispatcher.java:213)
		at org.apache.jasper.compiler.JDTCompiler.generateClass(JDTCompiler.java:600)
		at org.apache.jasper.compiler.Compiler.compile(Compiler.java:381)
		at org.apache.jasper.compiler.Compiler.compile(Compiler.java:351)
		at org.apache.jasper.compiler.Compiler.compile(Compiler.java:335)
		at org.apache.jasper.JspCompilationContext.compile(JspCompilationContext.java:597)
		at org.apache.jasper.servlet.JspServletWrapper.service(JspServletWrapper.java:398)
		at org.apache.jasper.servlet.JspServlet.serviceJspFile(JspServlet.java:383)
		at org.apache.jasper.servlet.JspServlet.service(JspServlet.java:331)
		at javax.servlet.http.HttpServlet.service(HttpServlet.java:583)
		at org.apache.catalina.core.ApplicationFilterChain.internalDoFilter(ApplicationFilterChain.java:212)
		at org.apache.catalina.core.ApplicationFilterChain.doFilter(ApplicationFilterChain.java:156)
		at org.apache.tomcat.websocket.server.WsFilter.doFilter(WsFilter.java:51)
		at org.apache.catalina.core.ApplicationFilterChain.internalDoFilter(ApplicationFilterChain.java:181)
		at org.apache.catalina.core.ApplicationFilterChain.doFilter(ApplicationFilterChain.java:156)
		at org.apache.catalina.core.StandardWrapperValve.invoke(StandardWrapperValve.java:168)
		at org.apache.catalina.core.StandardContextValve.invoke(StandardContextValve.java:90)
		at org.apache.catalina.authenticator.AuthenticatorBase.invoke(AuthenticatorBase.java:483)
		at org.apache.catalina.core.StandardHostValve.invoke(StandardHostValve.java:130)
		at org.apache.catalina.valves.ErrorReportValve.invoke(ErrorReportValve.java:93)
		at org.apache.catalina.valves.AbstractAccessLogValve.invoke(AbstractAccessLogValve.java:679)
		at org.apache.catalina.core.StandardEngineValve.invoke(StandardEngineValve.java:74)
		at org.apache.catalina.connector.CoyoteAdapter.service(CoyoteAdapter.java:343)
		at org.apache.coyote.http11.Http11Processor.service(Http11Processor.java:617)
		at org.apache.coyote.AbstractProcessorLight.process(AbstractProcessorLight.java:63)
		at org.apache.coyote.AbstractProtocol$ConnectionHandler.process(AbstractProtocol.java:932)
		at org.apache.tomcat.util.net.NioEndpoint$SocketProcessor.doRun(NioEndpoint.java:1694)
		at org.apache.tomcat.util.net.SocketProcessorBase.run(SocketProcessorBase.java:52)
		at org.apache.tomcat.util.threads.ThreadPoolExecutor.runWorker(ThreadPoolExecutor.java:1191)
		at org.apache.tomcat.util.threads.ThreadPoolExecutor$Worker.run(ThreadPoolExecutor.java:659)
		at org.apache.tomcat.util.threads.TaskThread$WrappingRunnable.run(TaskThread.java:61)
		at java.base/java.lang.Thread.run(Thread.java:833)
28-Nov-2023 23:19:48.041 SEVERE [http-nio-8080-exec-5] org.apache.catalina.core.StandardWrapperValve.invoke Servlet.service() for servlet [jsp] in context with path [/SOT] threw exception [Unable to compile class for JSP: 

An error occurred at line: [36] in the jsp file: [/delete_team.jsp]
orgName cannot be resolved to a variable
33:                 String query = "SELECT userame FROM studentleads WHERE username = ? AND orgname = ?";
34:                 PreparedStatement ps = con.prepareStatement(query);
35:                 ps.setString(1, username);
36:                 ps.setString(2, orgName);
37:                 ResultSet rs = ps.executeQuery();
38:                 if (rs.next()){
39:                     String teamName = (String) request.getParameter("teamname");


Stacktrace:] with root cause
	org.apache.jasper.JasperException: Unable to compile class for JSP: 

An error occurred at line: [36] in the jsp file: [/delete_team.jsp]
orgName cannot be resolved to a variable
33:                 String query = "SELECT userame FROM studentleads WHERE username = ? AND orgname = ?";
34:                 PreparedStatement ps = con.prepareStatement(query);
35:                 ps.setString(1, username);
36:                 ps.setString(2, orgName);
37:                 ResultSet rs = ps.executeQuery();
38:                 if (rs.next()){
39:                     String teamName = (String) request.getParameter("teamname");


Stacktrace:
		at org.apache.jasper.compiler.DefaultErrorHandler.javacError(DefaultErrorHandler.java:102)
		at org.apache.jasper.compiler.ErrorDispatcher.javacError(ErrorDispatcher.java:213)
		at org.apache.jasper.compiler.JDTCompiler.generateClass(JDTCompiler.java:600)
		at org.apache.jasper.compiler.Compiler.compile(Compiler.java:381)
		at org.apache.jasper.compiler.Compiler.compile(Compiler.java:351)
		at org.apache.jasper.compiler.Compiler.compile(Compiler.java:335)
		at org.apache.jasper.JspCompilationContext.compile(JspCompilationContext.java:597)
		at org.apache.jasper.servlet.JspServletWrapper.service(JspServletWrapper.java:398)
		at org.apache.jasper.servlet.JspServlet.serviceJspFile(JspServlet.java:383)
		at org.apache.jasper.servlet.JspServlet.service(JspServlet.java:331)
		at javax.servlet.http.HttpServlet.service(HttpServlet.java:583)
		at org.apache.catalina.core.ApplicationFilterChain.internalDoFilter(ApplicationFilterChain.java:212)
		at org.apache.catalina.core.ApplicationFilterChain.doFilter(ApplicationFilterChain.java:156)
		at org.apache.tomcat.websocket.server.WsFilter.doFilter(WsFilter.java:51)
		at org.apache.catalina.core.ApplicationFilterChain.internalDoFilter(ApplicationFilterChain.java:181)
		at org.apache.catalina.core.ApplicationFilterChain.doFilter(ApplicationFilterChain.java:156)
		at org.apache.catalina.core.StandardWrapperValve.invoke(StandardWrapperValve.java:168)
		at org.apache.catalina.core.StandardContextValve.invoke(StandardContextValve.java:90)
		at org.apache.catalina.authenticator.AuthenticatorBase.invoke(AuthenticatorBase.java:483)
		at org.apache.catalina.core.StandardHostValve.invoke(StandardHostValve.java:130)
		at org.apache.catalina.valves.ErrorReportValve.invoke(ErrorReportValve.java:93)
		at org.apache.catalina.valves.AbstractAccessLogValve.invoke(AbstractAccessLogValve.java:679)
		at org.apache.catalina.core.StandardEngineValve.invoke(StandardEngineValve.java:74)
		at org.apache.catalina.connector.CoyoteAdapter.service(CoyoteAdapter.java:343)
		at org.apache.coyote.http11.Http11Processor.service(Http11Processor.java:617)
		at org.apache.coyote.AbstractProcessorLight.process(AbstractProcessorLight.java:63)
		at org.apache.coyote.AbstractProtocol$ConnectionHandler.process(AbstractProtocol.java:932)
		at org.apache.tomcat.util.net.NioEndpoint$SocketProcessor.doRun(NioEndpoint.java:1694)
		at org.apache.tomcat.util.net.SocketProcessorBase.run(SocketProcessorBase.java:52)
		at org.apache.tomcat.util.threads.ThreadPoolExecutor.runWorker(ThreadPoolExecutor.java:1191)
		at org.apache.tomcat.util.threads.ThreadPoolExecutor$Worker.run(ThreadPoolExecutor.java:659)
		at org.apache.tomcat.util.threads.TaskThread$WrappingRunnable.run(TaskThread.java:61)
		at java.base/java.lang.Thread.run(Thread.java:833)
28-Nov-2023 23:27:32.379 SEVERE [http-nio-8080-exec-1] org.apache.catalina.core.StandardWrapperValve.invoke Servlet.service() for servlet [jsp] in context with path [/SOT] threw exception [Unable to compile class for JSP: 

An error occurred at line: [29] in the jsp file: [/create_team.jsp]
Duplicate local variable rs
26:                 pstmt = con.prepareStatement(sql);
27:                 pstmt.setString(1, teamName);
28:                 pstmt.setString(2, orgName);
29:                 ResultSet rs = pstmt.executeQuery();
30: 
31:                 if (rs.next()){
32:                     sql = "INSERT INTO teams (TeamName, Orgname) VALUES (?, ?)";


Stacktrace:] with root cause
	org.apache.jasper.JasperException: Unable to compile class for JSP: 

An error occurred at line: [29] in the jsp file: [/create_team.jsp]
Duplicate local variable rs
26:                 pstmt = con.prepareStatement(sql);
27:                 pstmt.setString(1, teamName);
28:                 pstmt.setString(2, orgName);
29:                 ResultSet rs = pstmt.executeQuery();
30: 
31:                 if (rs.next()){
32:                     sql = "INSERT INTO teams (TeamName, Orgname) VALUES (?, ?)";


Stacktrace:
		at org.apache.jasper.compiler.DefaultErrorHandler.javacError(DefaultErrorHandler.java:102)
		at org.apache.jasper.compiler.ErrorDispatcher.javacError(ErrorDispatcher.java:213)
		at org.apache.jasper.compiler.JDTCompiler.generateClass(JDTCompiler.java:600)
		at org.apache.jasper.compiler.Compiler.compile(Compiler.java:381)
		at org.apache.jasper.compiler.Compiler.compile(Compiler.java:351)
		at org.apache.jasper.compiler.Compiler.compile(Compiler.java:335)
		at org.apache.jasper.JspCompilationContext.compile(JspCompilationContext.java:597)
		at org.apache.jasper.servlet.JspServletWrapper.service(JspServletWrapper.java:398)
		at org.apache.jasper.servlet.JspServlet.serviceJspFile(JspServlet.java:383)
		at org.apache.jasper.servlet.JspServlet.service(JspServlet.java:331)
		at javax.servlet.http.HttpServlet.service(HttpServlet.java:583)
		at org.apache.catalina.core.ApplicationFilterChain.internalDoFilter(ApplicationFilterChain.java:212)
		at org.apache.catalina.core.ApplicationFilterChain.doFilter(ApplicationFilterChain.java:156)
		at org.apache.tomcat.websocket.server.WsFilter.doFilter(WsFilter.java:51)
		at org.apache.catalina.core.ApplicationFilterChain.internalDoFilter(ApplicationFilterChain.java:181)
		at org.apache.catalina.core.ApplicationFilterChain.doFilter(ApplicationFilterChain.java:156)
		at org.apache.catalina.core.StandardWrapperValve.invoke(StandardWrapperValve.java:168)
		at org.apache.catalina.core.StandardContextValve.invoke(StandardContextValve.java:90)
		at org.apache.catalina.authenticator.AuthenticatorBase.invoke(AuthenticatorBase.java:483)
		at org.apache.catalina.core.StandardHostValve.invoke(StandardHostValve.java:130)
		at org.apache.catalina.valves.ErrorReportValve.invoke(ErrorReportValve.java:93)
		at org.apache.catalina.valves.AbstractAccessLogValve.invoke(AbstractAccessLogValve.java:679)
		at org.apache.catalina.core.StandardEngineValve.invoke(StandardEngineValve.java:74)
		at org.apache.catalina.connector.CoyoteAdapter.service(CoyoteAdapter.java:343)
		at org.apache.coyote.http11.Http11Processor.service(Http11Processor.java:617)
		at org.apache.coyote.AbstractProcessorLight.process(AbstractProcessorLight.java:63)
		at org.apache.coyote.AbstractProtocol$ConnectionHandler.process(AbstractProtocol.java:932)
		at org.apache.tomcat.util.net.NioEndpoint$SocketProcessor.doRun(NioEndpoint.java:1694)
		at org.apache.tomcat.util.net.SocketProcessorBase.run(SocketProcessorBase.java:52)
		at org.apache.tomcat.util.threads.ThreadPoolExecutor.runWorker(ThreadPoolExecutor.java:1191)
		at org.apache.tomcat.util.threads.ThreadPoolExecutor$Worker.run(ThreadPoolExecutor.java:659)
		at org.apache.tomcat.util.threads.TaskThread$WrappingRunnable.run(TaskThread.java:61)
		at java.base/java.lang.Thread.run(Thread.java:833)
28-Nov-2023 23:45:55.620 SEVERE [http-nio-8080-exec-6] org.apache.catalina.core.StandardWrapperValve.invoke Servlet.service() for servlet [jsp] in context with path [/SOT] threw exception [Unable to compile class for JSP: 

An error occurred at line: [34] in the jsp file: [/view_team.jsp]
query cannot be resolved to a variable
31:             <a href = "view_student_organization.jsp?orgname=<%=orgName%>"> <%=orgName%> </a>
32:             <%
33:             out.println(teamName + "<br> Team Members List: <br>");
34:             query = "SELECT * FROM assignedTo WHERE teamname = ? AND orgname = ?";
35:             ps = con.prepareStatement(query);   
36:             ps.setString(1, teamName);                  
37:             ps.setString(2, orgName);


An error occurred at line: [35] in the jsp file: [/view_team.jsp]
ps cannot be resolved to a variable
32:             <%
33:             out.println(teamName + "<br> Team Members List: <br>");
34:             query = "SELECT * FROM assignedTo WHERE teamname = ? AND orgname = ?";
35:             ps = con.prepareStatement(query);   
36:             ps.setString(1, teamName);                  
37:             ps.setString(2, orgName);
38:             ResultSet rsTeams = ps.executeQuery();


An error occurred at line: [35] in the jsp file: [/view_team.jsp]
query cannot be resolved to a variable
32:             <%
33:             out.println(teamName + "<br> Team Members List: <br>");
34:             query = "SELECT * FROM assignedTo WHERE teamname = ? AND orgname = ?";
35:             ps = con.prepareStatement(query);   
36:             ps.setString(1, teamName);                  
37:             ps.setString(2, orgName);
38:             ResultSet rsTeams = ps.executeQuery();


An error occurred at line: [36] in the jsp file: [/view_team.jsp]
ps cannot be resolved
33:             out.println(teamName + "<br> Team Members List: <br>");
34:             query = "SELECT * FROM assignedTo WHERE teamname = ? AND orgname = ?";
35:             ps = con.prepareStatement(query);   
36:             ps.setString(1, teamName);                  
37:             ps.setString(2, orgName);
38:             ResultSet rsTeams = ps.executeQuery();
39:             //Owner View


An error occurred at line: [37] in the jsp file: [/view_team.jsp]
ps cannot be resolved
34:             query = "SELECT * FROM assignedTo WHERE teamname = ? AND orgname = ?";
35:             ps = con.prepareStatement(query);   
36:             ps.setString(1, teamName);                  
37:             ps.setString(2, orgName);
38:             ResultSet rsTeams = ps.executeQuery();
39:             //Owner View
40:             String query = "SELECT username FROM studentLeads WHERE username = ? AND orgname = ?";


An error occurred at line: [38] in the jsp file: [/view_team.jsp]
ps cannot be resolved
35:             ps = con.prepareStatement(query);   
36:             ps.setString(1, teamName);                  
37:             ps.setString(2, orgName);
38:             ResultSet rsTeams = ps.executeQuery();
39:             //Owner View
40:             String query = "SELECT username FROM studentLeads WHERE username = ? AND orgname = ?";
41:             PreparedStatement ps = con.prepareStatement(query);   


Stacktrace:] with root cause
	org.apache.jasper.JasperException: Unable to compile class for JSP: 

An error occurred at line: [34] in the jsp file: [/view_team.jsp]
query cannot be resolved to a variable
31:             <a href = "view_student_organization.jsp?orgname=<%=orgName%>"> <%=orgName%> </a>
32:             <%
33:             out.println(teamName + "<br> Team Members List: <br>");
34:             query = "SELECT * FROM assignedTo WHERE teamname = ? AND orgname = ?";
35:             ps = con.prepareStatement(query);   
36:             ps.setString(1, teamName);                  
37:             ps.setString(2, orgName);


An error occurred at line: [35] in the jsp file: [/view_team.jsp]
ps cannot be resolved to a variable
32:             <%
33:             out.println(teamName + "<br> Team Members List: <br>");
34:             query = "SELECT * FROM assignedTo WHERE teamname = ? AND orgname = ?";
35:             ps = con.prepareStatement(query);   
36:             ps.setString(1, teamName);                  
37:             ps.setString(2, orgName);
38:             ResultSet rsTeams = ps.executeQuery();


An error occurred at line: [35] in the jsp file: [/view_team.jsp]
query cannot be resolved to a variable
32:             <%
33:             out.println(teamName + "<br> Team Members List: <br>");
34:             query = "SELECT * FROM assignedTo WHERE teamname = ? AND orgname = ?";
35:             ps = con.prepareStatement(query);   
36:             ps.setString(1, teamName);                  
37:             ps.setString(2, orgName);
38:             ResultSet rsTeams = ps.executeQuery();


An error occurred at line: [36] in the jsp file: [/view_team.jsp]
ps cannot be resolved
33:             out.println(teamName + "<br> Team Members List: <br>");
34:             query = "SELECT * FROM assignedTo WHERE teamname = ? AND orgname = ?";
35:             ps = con.prepareStatement(query);   
36:             ps.setString(1, teamName);                  
37:             ps.setString(2, orgName);
38:             ResultSet rsTeams = ps.executeQuery();
39:             //Owner View


An error occurred at line: [37] in the jsp file: [/view_team.jsp]
ps cannot be resolved
34:             query = "SELECT * FROM assignedTo WHERE teamname = ? AND orgname = ?";
35:             ps = con.prepareStatement(query);   
36:             ps.setString(1, teamName);                  
37:             ps.setString(2, orgName);
38:             ResultSet rsTeams = ps.executeQuery();
39:             //Owner View
40:             String query = "SELECT username FROM studentLeads WHERE username = ? AND orgname = ?";


An error occurred at line: [38] in the jsp file: [/view_team.jsp]
ps cannot be resolved
35:             ps = con.prepareStatement(query);   
36:             ps.setString(1, teamName);                  
37:             ps.setString(2, orgName);
38:             ResultSet rsTeams = ps.executeQuery();
39:             //Owner View
40:             String query = "SELECT username FROM studentLeads WHERE username = ? AND orgname = ?";
41:             PreparedStatement ps = con.prepareStatement(query);   


Stacktrace:
		at org.apache.jasper.compiler.DefaultErrorHandler.javacError(DefaultErrorHandler.java:102)
		at org.apache.jasper.compiler.ErrorDispatcher.javacError(ErrorDispatcher.java:213)
		at org.apache.jasper.compiler.JDTCompiler.generateClass(JDTCompiler.java:600)
		at org.apache.jasper.compiler.Compiler.compile(Compiler.java:381)
		at org.apache.jasper.compiler.Compiler.compile(Compiler.java:351)
		at org.apache.jasper.compiler.Compiler.compile(Compiler.java:335)
		at org.apache.jasper.JspCompilationContext.compile(JspCompilationContext.java:597)
		at org.apache.jasper.servlet.JspServletWrapper.service(JspServletWrapper.java:398)
		at org.apache.jasper.servlet.JspServlet.serviceJspFile(JspServlet.java:383)
		at org.apache.jasper.servlet.JspServlet.service(JspServlet.java:331)
		at javax.servlet.http.HttpServlet.service(HttpServlet.java:583)
		at org.apache.catalina.core.ApplicationFilterChain.internalDoFilter(ApplicationFilterChain.java:212)
		at org.apache.catalina.core.ApplicationFilterChain.doFilter(ApplicationFilterChain.java:156)
		at org.apache.tomcat.websocket.server.WsFilter.doFilter(WsFilter.java:51)
		at org.apache.catalina.core.ApplicationFilterChain.internalDoFilter(ApplicationFilterChain.java:181)
		at org.apache.catalina.core.ApplicationFilterChain.doFilter(ApplicationFilterChain.java:156)
		at org.apache.catalina.core.StandardWrapperValve.invoke(StandardWrapperValve.java:168)
		at org.apache.catalina.core.StandardContextValve.invoke(StandardContextValve.java:90)
		at org.apache.catalina.authenticator.AuthenticatorBase.invoke(AuthenticatorBase.java:483)
		at org.apache.catalina.core.StandardHostValve.invoke(StandardHostValve.java:130)
		at org.apache.catalina.valves.ErrorReportValve.invoke(ErrorReportValve.java:93)
		at org.apache.catalina.valves.AbstractAccessLogValve.invoke(AbstractAccessLogValve.java:679)
		at org.apache.catalina.core.StandardEngineValve.invoke(StandardEngineValve.java:74)
		at org.apache.catalina.connector.CoyoteAdapter.service(CoyoteAdapter.java:343)
		at org.apache.coyote.http11.Http11Processor.service(Http11Processor.java:617)
		at org.apache.coyote.AbstractProcessorLight.process(AbstractProcessorLight.java:63)
		at org.apache.coyote.AbstractProtocol$ConnectionHandler.process(AbstractProtocol.java:932)
		at org.apache.tomcat.util.net.NioEndpoint$SocketProcessor.doRun(NioEndpoint.java:1694)
		at org.apache.tomcat.util.net.SocketProcessorBase.run(SocketProcessorBase.java:52)
		at org.apache.tomcat.util.threads.ThreadPoolExecutor.runWorker(ThreadPoolExecutor.java:1191)
		at org.apache.tomcat.util.threads.ThreadPoolExecutor$Worker.run(ThreadPoolExecutor.java:659)
		at org.apache.tomcat.util.threads.TaskThread$WrappingRunnable.run(TaskThread.java:61)
		at java.base/java.lang.Thread.run(Thread.java:833)
28-Nov-2023 23:46:10.164 SEVERE [http-nio-8080-exec-2] org.apache.catalina.core.StandardWrapperValve.invoke Servlet.service() for servlet [jsp] in context with path [/SOT] threw exception [Unable to compile class for JSP: 

An error occurred at line: [34] in the jsp file: [/view_team.jsp]
query cannot be resolved to a variable
31:             <a href = "view_student_organization.jsp?orgname=<%=orgName%>"> <%=orgName%> </a>
32:             <%
33:             out.println(teamName + "<br> Team Members List: <br>");
34:             query = "SELECT * FROM assignedTo WHERE teamname = ? AND orgname = ?";
35:             PreparedStatement ps = con.prepareStatement(query);   
36:             ps.setString(1, teamName);                  
37:             ps.setString(2, orgName);


An error occurred at line: [35] in the jsp file: [/view_team.jsp]
query cannot be resolved to a variable
32:             <%
33:             out.println(teamName + "<br> Team Members List: <br>");
34:             query = "SELECT * FROM assignedTo WHERE teamname = ? AND orgname = ?";
35:             PreparedStatement ps = con.prepareStatement(query);   
36:             ps.setString(1, teamName);                  
37:             ps.setString(2, orgName);
38:             ResultSet rsTeams = ps.executeQuery();


Stacktrace:] with root cause
	org.apache.jasper.JasperException: Unable to compile class for JSP: 

An error occurred at line: [34] in the jsp file: [/view_team.jsp]
query cannot be resolved to a variable
31:             <a href = "view_student_organization.jsp?orgname=<%=orgName%>"> <%=orgName%> </a>
32:             <%
33:             out.println(teamName + "<br> Team Members List: <br>");
34:             query = "SELECT * FROM assignedTo WHERE teamname = ? AND orgname = ?";
35:             PreparedStatement ps = con.prepareStatement(query);   
36:             ps.setString(1, teamName);                  
37:             ps.setString(2, orgName);


An error occurred at line: [35] in the jsp file: [/view_team.jsp]
query cannot be resolved to a variable
32:             <%
33:             out.println(teamName + "<br> Team Members List: <br>");
34:             query = "SELECT * FROM assignedTo WHERE teamname = ? AND orgname = ?";
35:             PreparedStatement ps = con.prepareStatement(query);   
36:             ps.setString(1, teamName);                  
37:             ps.setString(2, orgName);
38:             ResultSet rsTeams = ps.executeQuery();


Stacktrace:
		at org.apache.jasper.compiler.DefaultErrorHandler.javacError(DefaultErrorHandler.java:102)
		at org.apache.jasper.compiler.ErrorDispatcher.javacError(ErrorDispatcher.java:213)
		at org.apache.jasper.compiler.JDTCompiler.generateClass(JDTCompiler.java:600)
		at org.apache.jasper.compiler.Compiler.compile(Compiler.java:381)
		at org.apache.jasper.compiler.Compiler.compile(Compiler.java:351)
		at org.apache.jasper.compiler.Compiler.compile(Compiler.java:335)
		at org.apache.jasper.JspCompilationContext.compile(JspCompilationContext.java:597)
		at org.apache.jasper.servlet.JspServletWrapper.service(JspServletWrapper.java:398)
		at org.apache.jasper.servlet.JspServlet.serviceJspFile(JspServlet.java:383)
		at org.apache.jasper.servlet.JspServlet.service(JspServlet.java:331)
		at javax.servlet.http.HttpServlet.service(HttpServlet.java:583)
		at org.apache.catalina.core.ApplicationFilterChain.internalDoFilter(ApplicationFilterChain.java:212)
		at org.apache.catalina.core.ApplicationFilterChain.doFilter(ApplicationFilterChain.java:156)
		at org.apache.tomcat.websocket.server.WsFilter.doFilter(WsFilter.java:51)
		at org.apache.catalina.core.ApplicationFilterChain.internalDoFilter(ApplicationFilterChain.java:181)
		at org.apache.catalina.core.ApplicationFilterChain.doFilter(ApplicationFilterChain.java:156)
		at org.apache.catalina.core.StandardWrapperValve.invoke(StandardWrapperValve.java:168)
		at org.apache.catalina.core.StandardContextValve.invoke(StandardContextValve.java:90)
		at org.apache.catalina.authenticator.AuthenticatorBase.invoke(AuthenticatorBase.java:483)
		at org.apache.catalina.core.StandardHostValve.invoke(StandardHostValve.java:130)
		at org.apache.catalina.valves.ErrorReportValve.invoke(ErrorReportValve.java:93)
		at org.apache.catalina.valves.AbstractAccessLogValve.invoke(AbstractAccessLogValve.java:679)
		at org.apache.catalina.core.StandardEngineValve.invoke(StandardEngineValve.java:74)
		at org.apache.catalina.connector.CoyoteAdapter.service(CoyoteAdapter.java:343)
		at org.apache.coyote.http11.Http11Processor.service(Http11Processor.java:617)
		at org.apache.coyote.AbstractProcessorLight.process(AbstractProcessorLight.java:63)
		at org.apache.coyote.AbstractProtocol$ConnectionHandler.process(AbstractProtocol.java:932)
		at org.apache.tomcat.util.net.NioEndpoint$SocketProcessor.doRun(NioEndpoint.java:1694)
		at org.apache.tomcat.util.net.SocketProcessorBase.run(SocketProcessorBase.java:52)
		at org.apache.tomcat.util.threads.ThreadPoolExecutor.runWorker(ThreadPoolExecutor.java:1191)
		at org.apache.tomcat.util.threads.ThreadPoolExecutor$Worker.run(ThreadPoolExecutor.java:659)
		at org.apache.tomcat.util.threads.TaskThread$WrappingRunnable.run(TaskThread.java:61)
		at java.base/java.lang.Thread.run(Thread.java:833)
