09-Dec-2023 13:39:57.997 INFO [localhost-startStop-1] org.apache.catalina.core.ApplicationContext.log ContextListener: contextInitialized()
09-Dec-2023 13:39:57.997 INFO [localhost-startStop-1] org.apache.catalina.core.ApplicationContext.log SessionListener: contextInitialized()
09-Dec-2023 13:39:57.998 INFO [localhost-startStop-1] org.apache.catalina.core.ApplicationContext.log ContextListener: attributeAdded('StockTicker', 'async.Stockticker@24ca83dd')
09-Dec-2023 17:39:48.415 INFO [localhost-startStop-1] org.apache.catalina.core.ApplicationContext.log ContextListener: contextInitialized()
09-Dec-2023 17:39:48.415 INFO [localhost-startStop-1] org.apache.catalina.core.ApplicationContext.log SessionListener: contextInitialized()
09-Dec-2023 17:39:48.416 INFO [localhost-startStop-1] org.apache.catalina.core.ApplicationContext.log ContextListener: attributeAdded('StockTicker', 'async.Stockticker@62cb208b')
09-Dec-2023 17:39:58.811 SEVERE [http-nio-8080-exec-7] org.apache.catalina.core.StandardWrapperValve.invoke Servlet.service() for servlet [jsp] in context with path [/SOT] threw exception [Unable to compile class for JSP: 

An error occurred at line: [62] in the jsp file: [/login.jsp]
Properties cannot be resolved to a type
59:   </style>
60: 
61:     <% 
62:         Properties props = new Properties();
63:         InputStream input = getServletContext().getResourceAsStream("/WEB-INF/config.properties");
64:         props.load(input);
65:         input.close();


An error occurred at line: [62] in the jsp file: [/login.jsp]
Properties cannot be resolved to a type
59:   </style>
60: 
61:     <% 
62:         Properties props = new Properties();
63:         InputStream input = getServletContext().getResourceAsStream("/WEB-INF/config.properties");
64:         props.load(input);
65:         input.close();


An error occurred at line: [63] in the jsp file: [/login.jsp]
InputStream cannot be resolved to a type
60: 
61:     <% 
62:         Properties props = new Properties();
63:         InputStream input = getServletContext().getResourceAsStream("/WEB-INF/config.properties");
64:         props.load(input);
65:         input.close();
66:         String user = props.getProperty("db.username");


Stacktrace:] with root cause
	org.apache.jasper.JasperException: Unable to compile class for JSP: 

An error occurred at line: [62] in the jsp file: [/login.jsp]
Properties cannot be resolved to a type
59:   </style>
60: 
61:     <% 
62:         Properties props = new Properties();
63:         InputStream input = getServletContext().getResourceAsStream("/WEB-INF/config.properties");
64:         props.load(input);
65:         input.close();


An error occurred at line: [62] in the jsp file: [/login.jsp]
Properties cannot be resolved to a type
59:   </style>
60: 
61:     <% 
62:         Properties props = new Properties();
63:         InputStream input = getServletContext().getResourceAsStream("/WEB-INF/config.properties");
64:         props.load(input);
65:         input.close();


An error occurred at line: [63] in the jsp file: [/login.jsp]
InputStream cannot be resolved to a type
60: 
61:     <% 
62:         Properties props = new Properties();
63:         InputStream input = getServletContext().getResourceAsStream("/WEB-INF/config.properties");
64:         props.load(input);
65:         input.close();
66:         String user = props.getProperty("db.username");


Stacktrace:
		at org.apache.jasper.compiler.DefaultErrorHandler.javacError(DefaultErrorHandler.java:102)
		at org.apache.jasper.compiler.ErrorDispatcher.javacError(ErrorDispatcher.java:213)
		at org.apache.jasper.compiler.JDTCompiler.generateClass(JDTCompiler.java:600)
		at org.apache.jasper.compiler.Compiler.compile(Compiler.java:381)
		at org.apache.jasper.compiler.Compiler.compile(Compiler.java:351)
		at org.apache.jasper.compiler.Compiler.compile(Compiler.java:335)
		at org.apache.jasper.JspCompilationContext.compile(JspCompilationContext.java:597)
		at org.apache.jasper.servlet.JspServletWrapper.service(JspServletWrapper.java:398)
		at org.apache.jasper.servlet.JspServlet.serviceJspFile(JspServlet.java:383)
		at org.apache.jasper.servlet.JspServlet.service(JspServlet.java:331)
		at javax.servlet.http.HttpServlet.service(HttpServlet.java:583)
		at org.apache.catalina.core.ApplicationFilterChain.internalDoFilter(ApplicationFilterChain.java:212)
		at org.apache.catalina.core.ApplicationFilterChain.doFilter(ApplicationFilterChain.java:156)
		at org.apache.tomcat.websocket.server.WsFilter.doFilter(WsFilter.java:51)
		at org.apache.catalina.core.ApplicationFilterChain.internalDoFilter(ApplicationFilterChain.java:181)
		at org.apache.catalina.core.ApplicationFilterChain.doFilter(ApplicationFilterChain.java:156)
		at org.apache.catalina.core.StandardWrapperValve.invoke(StandardWrapperValve.java:168)
		at org.apache.catalina.core.StandardContextValve.invoke(StandardContextValve.java:90)
		at org.apache.catalina.authenticator.AuthenticatorBase.invoke(AuthenticatorBase.java:483)
		at org.apache.catalina.core.StandardHostValve.invoke(StandardHostValve.java:130)
		at org.apache.catalina.valves.ErrorReportValve.invoke(ErrorReportValve.java:93)
		at org.apache.catalina.valves.AbstractAccessLogValve.invoke(AbstractAccessLogValve.java:679)
		at org.apache.catalina.core.StandardEngineValve.invoke(StandardEngineValve.java:74)
		at org.apache.catalina.connector.CoyoteAdapter.service(CoyoteAdapter.java:343)
		at org.apache.coyote.http11.Http11Processor.service(Http11Processor.java:617)
		at org.apache.coyote.AbstractProcessorLight.process(AbstractProcessorLight.java:63)
		at org.apache.coyote.AbstractProtocol$ConnectionHandler.process(AbstractProtocol.java:932)
		at org.apache.tomcat.util.net.NioEndpoint$SocketProcessor.doRun(NioEndpoint.java:1694)
		at org.apache.tomcat.util.net.SocketProcessorBase.run(SocketProcessorBase.java:52)
		at org.apache.tomcat.util.threads.ThreadPoolExecutor.runWorker(ThreadPoolExecutor.java:1191)
		at org.apache.tomcat.util.threads.ThreadPoolExecutor$Worker.run(ThreadPoolExecutor.java:659)
		at org.apache.tomcat.util.threads.TaskThread$WrappingRunnable.run(TaskThread.java:61)
		at java.base/java.lang.Thread.run(Thread.java:833)
09-Dec-2023 17:43:32.638 SEVERE [http-nio-8080-exec-2] org.apache.catalina.core.StandardWrapperValve.invoke Servlet.service() for servlet [jsp] in context with path [/SOT] threw exception [Unable to compile class for JSP: 

An error occurred at line: [90] in the jsp file: [/companysignup.jsp]
Properties cannot be resolved to a type
87:   </body>
88:   <%
89:         String db = "sot";
90:         Properties props = new Properties();
91:         InputStream input = getServletContext().getResourceAsStream("/WEB-INF/config.properties");
92:         props.load(input);
93:         input.close();


An error occurred at line: [90] in the jsp file: [/companysignup.jsp]
Properties cannot be resolved to a type
87:   </body>
88:   <%
89:         String db = "sot";
90:         Properties props = new Properties();
91:         InputStream input = getServletContext().getResourceAsStream("/WEB-INF/config.properties");
92:         props.load(input);
93:         input.close();


An error occurred at line: [91] in the jsp file: [/companysignup.jsp]
InputStream cannot be resolved to a type
88:   <%
89:         String db = "sot";
90:         Properties props = new Properties();
91:         InputStream input = getServletContext().getResourceAsStream("/WEB-INF/config.properties");
92:         props.load(input);
93:         input.close();
94:         String user = props.getProperty("db.username");


Stacktrace:] with root cause
	org.apache.jasper.JasperException: Unable to compile class for JSP: 

An error occurred at line: [90] in the jsp file: [/companysignup.jsp]
Properties cannot be resolved to a type
87:   </body>
88:   <%
89:         String db = "sot";
90:         Properties props = new Properties();
91:         InputStream input = getServletContext().getResourceAsStream("/WEB-INF/config.properties");
92:         props.load(input);
93:         input.close();


An error occurred at line: [90] in the jsp file: [/companysignup.jsp]
Properties cannot be resolved to a type
87:   </body>
88:   <%
89:         String db = "sot";
90:         Properties props = new Properties();
91:         InputStream input = getServletContext().getResourceAsStream("/WEB-INF/config.properties");
92:         props.load(input);
93:         input.close();


An error occurred at line: [91] in the jsp file: [/companysignup.jsp]
InputStream cannot be resolved to a type
88:   <%
89:         String db = "sot";
90:         Properties props = new Properties();
91:         InputStream input = getServletContext().getResourceAsStream("/WEB-INF/config.properties");
92:         props.load(input);
93:         input.close();
94:         String user = props.getProperty("db.username");


Stacktrace:
		at org.apache.jasper.compiler.DefaultErrorHandler.javacError(DefaultErrorHandler.java:102)
		at org.apache.jasper.compiler.ErrorDispatcher.javacError(ErrorDispatcher.java:213)
		at org.apache.jasper.compiler.JDTCompiler.generateClass(JDTCompiler.java:600)
		at org.apache.jasper.compiler.Compiler.compile(Compiler.java:381)
		at org.apache.jasper.compiler.Compiler.compile(Compiler.java:351)
		at org.apache.jasper.compiler.Compiler.compile(Compiler.java:335)
		at org.apache.jasper.JspCompilationContext.compile(JspCompilationContext.java:597)
		at org.apache.jasper.servlet.JspServletWrapper.service(JspServletWrapper.java:398)
		at org.apache.jasper.servlet.JspServlet.serviceJspFile(JspServlet.java:383)
		at org.apache.jasper.servlet.JspServlet.service(JspServlet.java:331)
		at javax.servlet.http.HttpServlet.service(HttpServlet.java:583)
		at org.apache.catalina.core.ApplicationFilterChain.internalDoFilter(ApplicationFilterChain.java:212)
		at org.apache.catalina.core.ApplicationFilterChain.doFilter(ApplicationFilterChain.java:156)
		at org.apache.tomcat.websocket.server.WsFilter.doFilter(WsFilter.java:51)
		at org.apache.catalina.core.ApplicationFilterChain.internalDoFilter(ApplicationFilterChain.java:181)
		at org.apache.catalina.core.ApplicationFilterChain.doFilter(ApplicationFilterChain.java:156)
		at org.apache.catalina.core.StandardWrapperValve.invoke(StandardWrapperValve.java:168)
		at org.apache.catalina.core.StandardContextValve.invoke(StandardContextValve.java:90)
		at org.apache.catalina.authenticator.AuthenticatorBase.invoke(AuthenticatorBase.java:483)
		at org.apache.catalina.core.StandardHostValve.invoke(StandardHostValve.java:130)
		at org.apache.catalina.valves.ErrorReportValve.invoke(ErrorReportValve.java:93)
		at org.apache.catalina.valves.AbstractAccessLogValve.invoke(AbstractAccessLogValve.java:679)
		at org.apache.catalina.core.StandardEngineValve.invoke(StandardEngineValve.java:74)
		at org.apache.catalina.connector.CoyoteAdapter.service(CoyoteAdapter.java:343)
		at org.apache.coyote.http11.Http11Processor.service(Http11Processor.java:617)
		at org.apache.coyote.AbstractProcessorLight.process(AbstractProcessorLight.java:63)
		at org.apache.coyote.AbstractProtocol$ConnectionHandler.process(AbstractProtocol.java:932)
		at org.apache.tomcat.util.net.NioEndpoint$SocketProcessor.doRun(NioEndpoint.java:1694)
		at org.apache.tomcat.util.net.SocketProcessorBase.run(SocketProcessorBase.java:52)
		at org.apache.tomcat.util.threads.ThreadPoolExecutor.runWorker(ThreadPoolExecutor.java:1191)
		at org.apache.tomcat.util.threads.ThreadPoolExecutor$Worker.run(ThreadPoolExecutor.java:659)
		at org.apache.tomcat.util.threads.TaskThread$WrappingRunnable.run(TaskThread.java:61)
		at java.base/java.lang.Thread.run(Thread.java:833)
09-Dec-2023 17:47:29.090 SEVERE [http-nio-8080-exec-2] org.apache.catalina.core.StandardWrapperValve.invoke Servlet.service() for servlet [jsp] in context with path [/SOT] threw exception [An exception occurred processing [/friends.jsp] at line [32]

29:         PreparedStatement pstmt = null;
30:         ResultSet rs = null;
31:         Class.forName("com.mysql.jdbc.Driver");
32:         con = DriverManager.getConnection(dbURL, user, password);
33:         if ("deleteFriend".equals(request.getParameter("action"))) {
34:             try {
35:                 String sql = "DELETE FROM friends WHERE user1 = ? AND user2 = ?";


Stacktrace:] with root cause
	com.mysql.cj.exceptions.UnableToConnectException: Public Key Retrieval is not allowed
		at java.base/jdk.internal.reflect.NativeConstructorAccessorImpl.newInstance0(Native Method)
		at java.base/jdk.internal.reflect.NativeConstructorAccessorImpl.newInstance(NativeConstructorAccessorImpl.java:77)
		at java.base/jdk.internal.reflect.DelegatingConstructorAccessorImpl.newInstance(DelegatingConstructorAccessorImpl.java:45)
		at java.base/java.lang.reflect.Constructor.newInstanceWithCaller(Constructor.java:499)
		at java.base/java.lang.reflect.Constructor.newInstance(Constructor.java:480)
		at com.mysql.cj.exceptions.ExceptionFactory.createException(ExceptionFactory.java:62)
		at com.mysql.cj.exceptions.ExceptionFactory.createException(ExceptionFactory.java:86)
		at com.mysql.cj.protocol.a.authentication.CachingSha2PasswordPlugin.nextAuthenticationStep(CachingSha2PasswordPlugin.java:130)
		at com.mysql.cj.protocol.a.authentication.CachingSha2PasswordPlugin.nextAuthenticationStep(CachingSha2PasswordPlugin.java:49)
		at com.mysql.cj.protocol.a.NativeAuthenticationProvider.proceedHandshakeWithPluggableAuthentication(NativeAuthenticationProvider.java:443)
		at com.mysql.cj.protocol.a.NativeAuthenticationProvider.connect(NativeAuthenticationProvider.java:213)
		at com.mysql.cj.protocol.a.NativeProtocol.connect(NativeProtocol.java:1430)
		at com.mysql.cj.NativeSession.connect(NativeSession.java:134)
		at com.mysql.cj.jdbc.ConnectionImpl.connectWithRetries(ConnectionImpl.java:833)
		at com.mysql.cj.jdbc.ConnectionImpl.createNewIO(ConnectionImpl.java:814)
		at com.mysql.cj.jdbc.ConnectionImpl.<init>(ConnectionImpl.java:440)
		at com.mysql.cj.jdbc.ConnectionImpl.getInstance(ConnectionImpl.java:239)
		at com.mysql.cj.jdbc.NonRegisteringDriver.connect(NonRegisteringDriver.java:188)
		at java.sql/java.sql.DriverManager.getConnection(DriverManager.java:681)
		at java.sql/java.sql.DriverManager.getConnection(DriverManager.java:229)
		at org.apache.jsp.friends_jsp._jspService(friends_jsp.java:235)
		at org.apache.jasper.runtime.HttpJspBase.service(HttpJspBase.java:70)
		at javax.servlet.http.HttpServlet.service(HttpServlet.java:583)
		at org.apache.jasper.servlet.JspServletWrapper.service(JspServletWrapper.java:465)
		at org.apache.jasper.servlet.JspServlet.serviceJspFile(JspServlet.java:383)
		at org.apache.jasper.servlet.JspServlet.service(JspServlet.java:331)
		at javax.servlet.http.HttpServlet.service(HttpServlet.java:583)
		at org.apache.catalina.core.ApplicationFilterChain.internalDoFilter(ApplicationFilterChain.java:212)
		at org.apache.catalina.core.ApplicationFilterChain.doFilter(ApplicationFilterChain.java:156)
		at org.apache.tomcat.websocket.server.WsFilter.doFilter(WsFilter.java:51)
		at org.apache.catalina.core.ApplicationFilterChain.internalDoFilter(ApplicationFilterChain.java:181)
		at org.apache.catalina.core.ApplicationFilterChain.doFilter(ApplicationFilterChain.java:156)
		at org.apache.catalina.core.StandardWrapperValve.invoke(StandardWrapperValve.java:168)
		at org.apache.catalina.core.StandardContextValve.invoke(StandardContextValve.java:90)
		at org.apache.catalina.authenticator.AuthenticatorBase.invoke(AuthenticatorBase.java:483)
		at org.apache.catalina.core.StandardHostValve.invoke(StandardHostValve.java:130)
		at org.apache.catalina.valves.ErrorReportValve.invoke(ErrorReportValve.java:93)
		at org.apache.catalina.valves.AbstractAccessLogValve.invoke(AbstractAccessLogValve.java:679)
		at org.apache.catalina.core.StandardEngineValve.invoke(StandardEngineValve.java:74)
		at org.apache.catalina.connector.CoyoteAdapter.service(CoyoteAdapter.java:343)
		at org.apache.coyote.http11.Http11Processor.service(Http11Processor.java:617)
		at org.apache.coyote.AbstractProcessorLight.process(AbstractProcessorLight.java:63)
		at org.apache.coyote.AbstractProtocol$ConnectionHandler.process(AbstractProtocol.java:932)
		at org.apache.tomcat.util.net.NioEndpoint$SocketProcessor.doRun(NioEndpoint.java:1694)
		at org.apache.tomcat.util.net.SocketProcessorBase.run(SocketProcessorBase.java:52)
		at org.apache.tomcat.util.threads.ThreadPoolExecutor.runWorker(ThreadPoolExecutor.java:1191)
		at org.apache.tomcat.util.threads.ThreadPoolExecutor$Worker.run(ThreadPoolExecutor.java:659)
		at org.apache.tomcat.util.threads.TaskThread$WrappingRunnable.run(TaskThread.java:61)
		at java.base/java.lang.Thread.run(Thread.java:833)
